0 verbose cli C:\Program Files\nodejs\node.exe C:\Program Files\nodejs\node_modules\npm\bin\npm-cli.js
1 info using npm@10.9.2
2 info using node@v22.17.0
3 silly config load:file:C:\Program Files\nodejs\node_modules\npm\npmrc
4 silly config load:file:C:\Users\Elite\Desktop\justice_org\backend\.npmrc
5 silly config load:file:C:\Users\Elite\.npmrc
6 silly config load:file:C:\Users\Elite\AppData\Roaming\npm\etc\npmrc
7 verbose title npm list
8 verbose argv "list" "--depth" "0"
9 verbose logfile logs-max:10 dir:C:\Users\Elite\Desktop\justice_org\backend\.npm-cache\_logs\2025-08-17T22_07_44_018Z-
10 verbose logfile C:\Users\Elite\Desktop\justice_org\backend\.npm-cache\_logs\2025-08-17T22_07_44_018Z-debug-0.log
11 silly logfile start cleaning logs, removing 1 files
12 silly packumentCache heap:4345298944 maxSize:1086324736 maxEntrySize:543162368
13 silly logfile done cleaning log files
14 verbose cwd C:\Users\Elite\Desktop\justice_org\backend
15 verbose os Windows_NT 10.0.19045
16 verbose node v22.17.0
17 verbose npm  v10.9.2
18 verbose exit 0
19 info ok
