0 verbose cli C:\Program Files\nodejs\node.exe C:\Program Files\nodejs\node_modules\npm\bin\npm-cli.js
1 info using npm@10.9.2
2 info using node@v22.17.0
3 silly config load:file:C:\Program Files\nodejs\node_modules\npm\npmrc
4 warn invalid config cache=false set in command line options
5 warn invalid config Must be valid filesystem path
6 warn config production Use `--omit=dev` instead.
7 silly config load:file:C:\Users\Elite\Desktop\justice_org\backend\.npmrc
8 silly config load:file:C:\Users\Elite\.npmrc
9 silly config load:file:C:\Users\Elite\AppData\Roaming\npm\etc\npmrc
10 verbose title npm install
11 verbose argv "install" "--no-cache" "--production" "false"
12 verbose logfile logs-max:10 dir:C:\Users\Elite\Desktop\justice_org\backend\.npm-cache\_logs\2025-08-13T20_32_07_207Z-
13 verbose logfile C:\Users\Elite\Desktop\justice_org\backend\.npm-cache\_logs\2025-08-13T20_32_07_207Z-debug-0.log
14 silly logfile done cleaning log files
15 silly packumentCache heap:4345298944 maxSize:1086324736 maxEntrySize:543162368
16 silly idealTree buildDeps
17 warn EBADENGINE Unsupported engine {
17 warn EBADENGINE   package: 'backend@1.0.0',
17 warn EBADENGINE   required: { node: '20.x' },
17 warn EBADENGINE   current: { node: 'v22.17.0', npm: '10.9.2' }
17 warn EBADENGINE }
18 silly reify moves {}
19 silly audit bulk request {
19 silly audit   '@prisma/client': [ '6.11.1' ],
19 silly audit   '@prisma/config': [ '6.11.1' ],
19 silly audit   '@prisma/debug': [ '6.11.1' ],
19 silly audit   '@prisma/engines': [ '6.11.1' ],
19 silly audit   '@prisma/engines-version': [ '6.11.1-1.f40f79ec31188888a2e33acda0ecc8fd10a853a9' ],
19 silly audit   '@prisma/fetch-engine': [ '6.11.1' ],
19 silly audit   '@prisma/get-platform': [ '6.11.1' ],
19 silly audit   accepts: [ '1.3.8' ],
19 silly audit   anymatch: [ '3.1.3' ],
19 silly audit   'append-field': [ '1.0.0' ],
19 silly audit   'array-flatten': [ '1.1.1' ],
19 silly audit   'balanced-match': [ '1.0.2' ],
19 silly audit   bcryptjs: [ '3.0.2' ],
19 silly audit   'binary-extensions': [ '2.3.0' ],
19 silly audit   'body-parser': [ '1.20.3' ],
19 silly audit   debug: [ '2.6.9', '4.4.1' ],
19 silly audit   ms: [ '2.0.0', '2.1.3' ],
19 silly audit   'brace-expansion': [ '1.1.12' ],
19 silly audit   braces: [ '3.0.3' ],
19 silly audit   'buffer-equal-constant-time': [ '1.0.1' ],
19 silly audit   'buffer-from': [ '1.1.2' ],
19 silly audit   busboy: [ '1.6.0' ],
19 silly audit   bytes: [ '3.1.2' ],
19 silly audit   'call-bind-apply-helpers': [ '1.0.2' ],
19 silly audit   'call-bound': [ '1.0.4' ],
19 silly audit   chokidar: [ '3.6.0' ],
19 silly audit   'concat-map': [ '0.0.1' ],
19 silly audit   'concat-stream': [ '2.0.0' ],
19 silly audit   'content-disposition': [ '0.5.4' ],
19 silly audit   'content-type': [ '1.0.5' ],
19 silly audit   cookie: [ '0.7.1' ],
19 silly audit   'cookie-signature': [ '1.0.6' ],
19 silly audit   cors: [ '2.8.5' ],
19 silly audit   'data-uri-to-buffer': [ '4.0.1' ],
19 silly audit   depd: [ '2.0.0' ],
19 silly audit   destroy: [ '1.2.0' ],
19 silly audit   dotenv: [ '17.0.1' ],
19 silly audit   'dunder-proto': [ '1.0.1' ],
19 silly audit   'ecdsa-sig-formatter': [ '1.0.11' ],
19 silly audit   'ee-first': [ '1.1.1' ],
19 silly audit   encodeurl: [ '2.0.0', '1.0.2' ],
19 silly audit   'es-define-property': [ '1.0.1' ],
19 silly audit   'es-errors': [ '1.3.0' ],
19 silly audit   'es-object-atoms': [ '1.1.1' ],
19 silly audit   'escape-html': [ '1.0.3' ],
19 silly audit   etag: [ '1.8.1' ],
19 silly audit   express: [ '4.21.2' ],
19 silly audit   'express-validator': [ '7.2.1' ],
19 silly audit   'fetch-blob': [ '3.2.0' ],
19 silly audit   'fill-range': [ '7.1.1' ],
19 silly audit   finalhandler: [ '1.3.1' ],
19 silly audit   'formdata-polyfill': [ '4.0.10' ],
19 silly audit   forwarded: [ '0.2.0' ],
19 silly audit   fresh: [ '0.5.2' ],
19 silly audit   fsevents: [ '2.3.3' ],
19 silly audit   'function-bind': [ '1.1.2' ],
19 silly audit   'get-intrinsic': [ '1.3.0' ],
19 silly audit   'get-proto': [ '1.0.1' ],
19 silly audit   'glob-parent': [ '5.1.2' ],
19 silly audit   gopd: [ '1.2.0' ],
19 silly audit   'has-flag': [ '3.0.0' ],
19 silly audit   'has-symbols': [ '1.1.0' ],
19 silly audit   hasown: [ '2.0.2' ],
19 silly audit   'http-errors': [ '2.0.0' ],
19 silly audit   'iconv-lite': [ '0.4.24' ],
19 silly audit   'ignore-by-default': [ '1.0.1' ],
19 silly audit   inherits: [ '2.0.4' ],
19 silly audit   'ipaddr.js': [ '1.9.1' ],
19 silly audit   'is-binary-path': [ '2.1.0' ],
19 silly audit   'is-extglob': [ '2.1.1' ],
19 silly audit   'is-glob': [ '4.0.3' ],
19 silly audit   'is-number': [ '7.0.0' ],
19 silly audit   jiti: [ '2.4.2' ],
19 silly audit   jsonwebtoken: [ '9.0.2' ],
19 silly audit   jwa: [ '1.4.2' ],
19 silly audit   jws: [ '3.2.2' ],
19 silly audit   lodash: [ '4.17.21' ],
19 silly audit   'lodash.includes': [ '4.3.0' ],
19 silly audit   'lodash.isboolean': [ '3.0.3' ],
19 silly audit   'lodash.isinteger': [ '4.0.4' ],
19 silly audit   'lodash.isnumber': [ '3.0.3' ],
19 silly audit   'lodash.isplainobject': [ '4.0.6' ],
19 silly audit   'lodash.isstring': [ '4.0.1' ],
19 silly audit   'lodash.once': [ '4.1.1' ],
19 silly audit   'math-intrinsics': [ '1.1.0' ],
19 silly audit   'media-typer': [ '0.3.0' ],
19 silly audit   'merge-descriptors': [ '1.0.3' ],
19 silly audit   methods: [ '1.1.2' ],
19 silly audit   mime: [ '1.6.0' ],
19 silly audit   'mime-db': [ '1.52.0' ],
19 silly audit   'mime-types': [ '2.1.35' ],
19 silly audit   minimatch: [ '3.1.2' ],
19 silly audit   minimist: [ '1.2.8' ],
19 silly audit   mkdirp: [ '0.5.6' ],
19 silly audit   moment: [ '2.30.1' ],
19 silly audit   multer: [ '2.0.1' ],
19 silly audit   negotiator: [ '0.6.3' ],
19 silly audit   'node-domexception': [ '1.0.0' ],
19 silly audit   'node-fetch': [ '3.3.2' ],
19 silly audit   nodemon: [ '3.1.10' ],
19 silly audit   'normalize-path': [ '3.0.0' ],
19 silly audit   'object-assign': [ '4.1.1' ],
19 silly audit   'object-inspect': [ '1.13.4' ],
19 silly audit   'on-finished': [ '2.4.1' ],
19 silly audit   parseurl: [ '1.3.3' ],
19 silly audit   'path-to-regexp': [ '0.1.12' ],
19 silly audit   picomatch: [ '2.3.1' ],
19 silly audit   prisma: [ '6.11.1' ],
19 silly audit   'proxy-addr': [ '2.0.7' ],
19 silly audit   'pstree.remy': [ '1.1.8' ],
19 silly audit   qs: [ '6.13.0' ],
19 silly audit   'range-parser': [ '1.2.1' ],
19 silly audit   'raw-body': [ '2.5.2' ],
19 silly audit   'readable-stream': [ '3.6.2' ],
19 silly audit   readdirp: [ '3.6.0' ],
19 silly audit   'safe-buffer': [ '5.2.1' ],
19 silly audit   'safer-buffer': [ '2.1.2' ],
19 silly audit   semver: [ '7.7.2' ],
19 silly audit   send: [ '0.19.0' ],
19 silly audit   'serve-static': [ '1.16.2' ],
19 silly audit   setprototypeof: [ '1.2.0' ],
19 silly audit   'side-channel': [ '1.1.0' ],
19 silly audit   'side-channel-list': [ '1.0.0' ],
19 silly audit   'side-channel-map': [ '1.0.1' ],
19 silly audit   'side-channel-weakmap': [ '1.0.2' ],
19 silly audit   'simple-update-notifier': [ '2.0.0' ],
19 silly audit   statuses: [ '2.0.1' ],
19 silly audit   streamsearch: [ '1.1.0' ],
19 silly audit   string_decoder: [ '1.3.0' ],
19 silly audit   'supports-color': [ '5.5.0' ],
19 silly audit   'to-regex-range': [ '5.0.1' ],
19 silly audit   toidentifier: [ '1.0.1' ],
19 silly audit   touch: [ '3.1.1' ],
19 silly audit   'type-is': [ '1.6.18' ],
19 silly audit   typedarray: [ '0.0.6' ],
19 silly audit   undefsafe: [ '2.0.5' ],
19 silly audit   unpipe: [ '1.0.0' ],
19 silly audit   'util-deprecate': [ '1.0.2' ],
19 silly audit   'utils-merge': [ '1.0.1' ],
19 silly audit   validator: [ '13.12.0' ],
19 silly audit   vary: [ '1.1.2' ],
19 silly audit   'web-streams-polyfill': [ '3.3.3' ],
19 silly audit   xtend: [ '4.0.2' ]
19 silly audit }
20 verbose reify failed optional dependency C:\Users\Elite\Desktop\justice_org\backend\node_modules\fsevents
21 silly reify mark deleted [
21 silly reify   'C:\\Users\\Elite\\Desktop\\justice_org\\backend\\node_modules\\fsevents'
21 silly reify ]
22 http cache touch@https://registry.npmjs.org/touch/-/touch-3.1.1.tgz 0ms (cache hit)
23 http cache undefsafe@https://registry.npmjs.org/undefsafe/-/undefsafe-2.0.5.tgz 0ms (cache hit)
24 http cache to-regex-range@https://registry.npmjs.org/to-regex-range/-/to-regex-range-5.0.1.tgz 0ms (cache hit)
25 http cache simple-update-notifier@https://registry.npmjs.org/simple-update-notifier/-/simple-update-notifier-2.0.0.tgz 0ms (cache hit)
26 http cache readdirp@https://registry.npmjs.org/readdirp/-/readdirp-3.6.0.tgz 0ms (cache hit)
27 http cache supports-color@https://registry.npmjs.org/supports-color/-/supports-color-5.5.0.tgz 0ms (cache hit)
28 http cache pstree.remy@https://registry.npmjs.org/pstree.remy/-/pstree.remy-1.1.8.tgz 0ms (cache hit)
29 http cache picomatch@https://registry.npmjs.org/picomatch/-/picomatch-2.3.1.tgz 0ms (cache hit)
30 http cache nodemon@https://registry.npmjs.org/nodemon/-/nodemon-3.1.10.tgz 0ms (cache hit)
31 http cache normalize-path@https://registry.npmjs.org/normalize-path/-/normalize-path-3.0.0.tgz 0ms (cache hit)
32 http cache minimatch@https://registry.npmjs.org/minimatch/-/minimatch-3.1.2.tgz 0ms (cache hit)
33 http cache is-number@https://registry.npmjs.org/is-number/-/is-number-7.0.0.tgz 0ms (cache hit)
34 http cache is-glob@https://registry.npmjs.org/is-glob/-/is-glob-4.0.3.tgz 0ms (cache hit)
35 http cache is-binary-path@https://registry.npmjs.org/is-binary-path/-/is-binary-path-2.1.0.tgz 0ms (cache hit)
36 http cache is-extglob@https://registry.npmjs.org/is-extglob/-/is-extglob-2.1.1.tgz 0ms (cache hit)
37 http cache has-flag@https://registry.npmjs.org/has-flag/-/has-flag-3.0.0.tgz 0ms (cache hit)
38 http cache ignore-by-default@https://registry.npmjs.org/ignore-by-default/-/ignore-by-default-1.0.1.tgz 0ms (cache hit)
39 http cache glob-parent@https://registry.npmjs.org/glob-parent/-/glob-parent-5.1.2.tgz 0ms (cache hit)
40 http cache fill-range@https://registry.npmjs.org/fill-range/-/fill-range-7.1.1.tgz 0ms (cache hit)
41 http cache debug@https://registry.npmjs.org/debug/-/debug-4.4.1.tgz 0ms (cache hit)
42 http cache chokidar@https://registry.npmjs.org/chokidar/-/chokidar-3.6.0.tgz 0ms (cache hit)
43 http cache concat-map@https://registry.npmjs.org/concat-map/-/concat-map-0.0.1.tgz 0ms (cache hit)
44 http cache brace-expansion@https://registry.npmjs.org/brace-expansion/-/brace-expansion-1.1.12.tgz 0ms (cache hit)
45 http cache braces@https://registry.npmjs.org/braces/-/braces-3.0.3.tgz 0ms (cache hit)
46 http cache binary-extensions@https://registry.npmjs.org/binary-extensions/-/binary-extensions-2.3.0.tgz 0ms (cache hit)
47 http cache balanced-match@https://registry.npmjs.org/balanced-match/-/balanced-match-1.0.2.tgz 0ms (cache hit)
48 http cache anymatch@https://registry.npmjs.org/anymatch/-/anymatch-3.1.3.tgz 0ms (cache hit)
49 silly tarball no local data for touch@https://registry.npmjs.org/touch/-/touch-3.1.1.tgz. Extracting by manifest.
50 silly tarball no local data for undefsafe@https://registry.npmjs.org/undefsafe/-/undefsafe-2.0.5.tgz. Extracting by manifest.
51 silly tarball no local data for to-regex-range@https://registry.npmjs.org/to-regex-range/-/to-regex-range-5.0.1.tgz. Extracting by manifest.
52 silly tarball no local data for simple-update-notifier@https://registry.npmjs.org/simple-update-notifier/-/simple-update-notifier-2.0.0.tgz. Extracting by manifest.
53 silly tarball no local data for readdirp@https://registry.npmjs.org/readdirp/-/readdirp-3.6.0.tgz. Extracting by manifest.
54 silly tarball no local data for supports-color@https://registry.npmjs.org/supports-color/-/supports-color-5.5.0.tgz. Extracting by manifest.
55 silly tarball no local data for pstree.remy@https://registry.npmjs.org/pstree.remy/-/pstree.remy-1.1.8.tgz. Extracting by manifest.
56 silly tarball no local data for picomatch@https://registry.npmjs.org/picomatch/-/picomatch-2.3.1.tgz. Extracting by manifest.
57 silly tarball no local data for nodemon@https://registry.npmjs.org/nodemon/-/nodemon-3.1.10.tgz. Extracting by manifest.
58 silly tarball no local data for normalize-path@https://registry.npmjs.org/normalize-path/-/normalize-path-3.0.0.tgz. Extracting by manifest.
59 silly tarball no local data for minimatch@https://registry.npmjs.org/minimatch/-/minimatch-3.1.2.tgz. Extracting by manifest.
60 silly tarball no local data for is-number@https://registry.npmjs.org/is-number/-/is-number-7.0.0.tgz. Extracting by manifest.
61 silly tarball no local data for is-glob@https://registry.npmjs.org/is-glob/-/is-glob-4.0.3.tgz. Extracting by manifest.
62 silly tarball no local data for is-binary-path@https://registry.npmjs.org/is-binary-path/-/is-binary-path-2.1.0.tgz. Extracting by manifest.
63 silly tarball no local data for is-extglob@https://registry.npmjs.org/is-extglob/-/is-extglob-2.1.1.tgz. Extracting by manifest.
64 silly tarball no local data for has-flag@https://registry.npmjs.org/has-flag/-/has-flag-3.0.0.tgz. Extracting by manifest.
65 silly tarball no local data for ignore-by-default@https://registry.npmjs.org/ignore-by-default/-/ignore-by-default-1.0.1.tgz. Extracting by manifest.
66 silly tarball no local data for glob-parent@https://registry.npmjs.org/glob-parent/-/glob-parent-5.1.2.tgz. Extracting by manifest.
67 silly tarball no local data for fill-range@https://registry.npmjs.org/fill-range/-/fill-range-7.1.1.tgz. Extracting by manifest.
68 silly tarball no local data for debug@https://registry.npmjs.org/debug/-/debug-4.4.1.tgz. Extracting by manifest.
69 silly tarball no local data for chokidar@https://registry.npmjs.org/chokidar/-/chokidar-3.6.0.tgz. Extracting by manifest.
70 silly tarball no local data for concat-map@https://registry.npmjs.org/concat-map/-/concat-map-0.0.1.tgz. Extracting by manifest.
71 silly tarball no local data for brace-expansion@https://registry.npmjs.org/brace-expansion/-/brace-expansion-1.1.12.tgz. Extracting by manifest.
72 silly tarball no local data for braces@https://registry.npmjs.org/braces/-/braces-3.0.3.tgz. Extracting by manifest.
73 silly tarball no local data for binary-extensions@https://registry.npmjs.org/binary-extensions/-/binary-extensions-2.3.0.tgz. Extracting by manifest.
74 silly tarball no local data for balanced-match@https://registry.npmjs.org/balanced-match/-/balanced-match-1.0.2.tgz. Extracting by manifest.
75 silly tarball no local data for anymatch@https://registry.npmjs.org/anymatch/-/anymatch-3.1.3.tgz. Extracting by manifest.
76 http fetch POST 200 https://registry.npmjs.org/-/npm/v1/security/advisories/bulk 1766ms
77 silly audit report {
77 silly audit report   multer: [
77 silly audit report     {
77 silly audit report       id: 1106463,
77 silly audit report       url: 'https://github.com/advisories/GHSA-fjgf-rc76-4x9p',
77 silly audit report       title: 'Multer vulnerable to Denial of Service via unhandled exception from malformed request',
77 silly audit report       severity: 'high',
77 silly audit report       vulnerable_versions: '>=1.4.4-lts.1 <2.0.2',
77 silly audit report       cwe: [Array],
77 silly audit report       cvss: [Object]
77 silly audit report     }
77 silly audit report   ]
77 silly audit report }
78 silly packumentCache corgi:https://registry.npmjs.org/multer cache-miss
79 http cache https://registry.npmjs.org/multer 2173ms (cache hit)
80 silly packumentCache corgi:https://registry.npmjs.org/multer set size:68672 disposed:false
81 http fetch GET 200 https://registry.npmjs.org/supports-color/-/supports-color-5.5.0.tgz 3910ms (cache miss)
82 http fetch GET 200 https://registry.npmjs.org/is-binary-path/-/is-binary-path-2.1.0.tgz 3909ms (cache miss)
83 http fetch GET 200 https://registry.npmjs.org/has-flag/-/has-flag-3.0.0.tgz 3912ms (cache miss)
84 http fetch GET 200 https://registry.npmjs.org/is-extglob/-/is-extglob-2.1.1.tgz 3917ms (cache miss)
85 http fetch GET 200 https://registry.npmjs.org/ignore-by-default/-/ignore-by-default-1.0.1.tgz 3963ms (cache miss)
86 http fetch GET 200 https://registry.npmjs.org/touch/-/touch-3.1.1.tgz 4264ms (cache miss)
87 http fetch GET 200 https://registry.npmjs.org/is-number/-/is-number-7.0.0.tgz 4477ms (cache miss)
88 http fetch GET 200 https://registry.npmjs.org/normalize-path/-/normalize-path-3.0.0.tgz 4480ms (cache miss)
89 http fetch GET 200 https://registry.npmjs.org/is-glob/-/is-glob-4.0.3.tgz 4481ms (cache miss)
90 http fetch GET 200 https://registry.npmjs.org/balanced-match/-/balanced-match-1.0.2.tgz 4633ms (cache miss)
91 http fetch GET 200 https://registry.npmjs.org/glob-parent/-/glob-parent-5.1.2.tgz 4639ms (cache miss)
92 http fetch GET 200 https://registry.npmjs.org/brace-expansion/-/brace-expansion-1.1.12.tgz 4646ms (cache miss)
93 http fetch GET 200 https://registry.npmjs.org/anymatch/-/anymatch-3.1.3.tgz 4895ms (cache miss)
94 http fetch GET 200 https://registry.npmjs.org/concat-map/-/concat-map-0.0.1.tgz 5907ms (cache miss)
95 http fetch GET 200 https://registry.npmjs.org/fill-range/-/fill-range-7.1.1.tgz 5910ms (cache miss)
96 http fetch GET 200 https://registry.npmjs.org/binary-extensions/-/binary-extensions-2.3.0.tgz 5955ms (cache miss)
97 http fetch GET 200 https://registry.npmjs.org/to-regex-range/-/to-regex-range-5.0.1.tgz 5983ms (cache miss)
98 http fetch GET 200 https://registry.npmjs.org/readdirp/-/readdirp-3.6.0.tgz 5980ms (cache miss)
99 http fetch GET 200 https://registry.npmjs.org/minimatch/-/minimatch-3.1.2.tgz 6462ms (cache miss)
100 http fetch GET 200 https://registry.npmjs.org/undefsafe/-/undefsafe-2.0.5.tgz 6634ms (cache miss)
101 http fetch GET 200 https://registry.npmjs.org/pstree.remy/-/pstree.remy-1.1.8.tgz 7051ms (cache miss)
102 http fetch GET 200 https://registry.npmjs.org/debug/-/debug-4.4.1.tgz 7092ms (cache miss)
103 http fetch GET 200 https://registry.npmjs.org/chokidar/-/chokidar-3.6.0.tgz 7290ms (cache miss)
104 http fetch GET 200 https://registry.npmjs.org/simple-update-notifier/-/simple-update-notifier-2.0.0.tgz 7308ms (cache miss)
105 http fetch GET 200 https://registry.npmjs.org/braces/-/braces-3.0.3.tgz 7310ms (cache miss)
106 http fetch GET 200 https://registry.npmjs.org/picomatch/-/picomatch-2.3.1.tgz 7787ms (cache miss)
107 http fetch GET 200 https://registry.npmjs.org/nodemon/-/nodemon-3.1.10.tgz 8139ms (cache miss)
108 silly ADD node_modules/undefsafe
109 silly ADD node_modules/touch
110 silly ADD node_modules/to-regex-range
111 silly ADD node_modules/supports-color
112 silly ADD node_modules/simple-update-notifier
113 silly ADD node_modules/readdirp
114 silly ADD node_modules/pstree.remy
115 silly ADD node_modules/picomatch
116 silly ADD node_modules/normalize-path
117 silly ADD node_modules/nodemon
118 silly ADD node_modules/minimatch
119 silly ADD node_modules/is-number
120 silly ADD node_modules/is-glob
121 silly ADD node_modules/is-extglob
122 silly ADD node_modules/is-binary-path
123 silly ADD node_modules/ignore-by-default
124 silly ADD node_modules/has-flag
125 silly ADD node_modules/glob-parent
126 silly ADD
127 silly ADD node_modules/fill-range
128 silly ADD node_modules/debug
129 silly ADD node_modules/concat-map
130 silly ADD node_modules/chokidar
131 silly ADD node_modules/braces
132 silly ADD node_modules/brace-expansion
133 silly ADD node_modules/binary-extensions
134 silly ADD node_modules/balanced-match
135 silly ADD node_modules/anymatch
136 verbose cwd C:\Users\Elite\Desktop\justice_org\backend
137 verbose os Windows_NT 10.0.19045
138 verbose node v22.17.0
139 verbose npm  v10.9.2
140 verbose exit 0
141 info ok
