0 verbose cli C:\Program Files\nodejs\node.exe C:\Program Files\nodejs\node_modules\npm\bin\npm-cli.js
1 info using npm@10.9.2
2 info using node@v22.17.0
3 silly config load:file:C:\Program Files\nodejs\node_modules\npm\npmrc
4 silly config load:file:C:\Users\Elite\Desktop\justice_org\backend\.npmrc
5 silly config load:file:C:\Users\Elite\.npmrc
6 silly config load:file:C:\Users\Elite\AppData\Roaming\npm\etc\npmrc
7 verbose title npm audit
8 verbose argv "audit"
9 verbose logfile logs-max:10 dir:C:\Users\Elite\Desktop\justice_org\backend\.npm-cache\_logs\2025-08-13T20_28_17_477Z-
10 verbose logfile C:\Users\Elite\Desktop\justice_org\backend\.npm-cache\_logs\2025-08-13T20_28_17_477Z-debug-0.log
11 silly logfile done cleaning log files
12 silly packumentCache heap:4345298944 maxSize:1086324736 maxEntrySize:543162368
13 silly audit bulk request {
13 silly audit   '@prisma/client': [ '6.11.1' ],
13 silly audit   '@prisma/config': [ '6.11.1' ],
13 silly audit   '@prisma/debug': [ '6.11.1' ],
13 silly audit   '@prisma/engines': [ '6.11.1' ],
13 silly audit   '@prisma/engines-version': [ '6.11.1-1.f40f79ec31188888a2e33acda0ecc8fd10a853a9' ],
13 silly audit   '@prisma/fetch-engine': [ '6.11.1' ],
13 silly audit   '@prisma/get-platform': [ '6.11.1' ],
13 silly audit   accepts: [ '1.3.8' ],
13 silly audit   anymatch: [ '3.1.3' ],
13 silly audit   'append-field': [ '1.0.0' ],
13 silly audit   'array-flatten': [ '1.1.1' ],
13 silly audit   'balanced-match': [ '1.0.2' ],
13 silly audit   bcryptjs: [ '3.0.2' ],
13 silly audit   'binary-extensions': [ '2.3.0' ],
13 silly audit   'body-parser': [ '1.20.3' ],
13 silly audit   debug: [ '2.6.9', '4.4.1' ],
13 silly audit   ms: [ '2.0.0', '2.1.3' ],
13 silly audit   'brace-expansion': [ '1.1.12' ],
13 silly audit   braces: [ '3.0.3' ],
13 silly audit   'buffer-equal-constant-time': [ '1.0.1' ],
13 silly audit   'buffer-from': [ '1.1.2' ],
13 silly audit   busboy: [ '1.6.0' ],
13 silly audit   bytes: [ '3.1.2' ],
13 silly audit   'call-bind-apply-helpers': [ '1.0.2' ],
13 silly audit   'call-bound': [ '1.0.4' ],
13 silly audit   chokidar: [ '3.6.0' ],
13 silly audit   'concat-map': [ '0.0.1' ],
13 silly audit   'concat-stream': [ '2.0.0' ],
13 silly audit   'content-disposition': [ '0.5.4' ],
13 silly audit   'content-type': [ '1.0.5' ],
13 silly audit   cookie: [ '0.7.1' ],
13 silly audit   'cookie-signature': [ '1.0.6' ],
13 silly audit   cors: [ '2.8.5' ],
13 silly audit   'data-uri-to-buffer': [ '4.0.1' ],
13 silly audit   depd: [ '2.0.0' ],
13 silly audit   destroy: [ '1.2.0' ],
13 silly audit   dotenv: [ '17.0.1' ],
13 silly audit   'dunder-proto': [ '1.0.1' ],
13 silly audit   'ecdsa-sig-formatter': [ '1.0.11' ],
13 silly audit   'ee-first': [ '1.1.1' ],
13 silly audit   encodeurl: [ '2.0.0', '1.0.2' ],
13 silly audit   'es-define-property': [ '1.0.1' ],
13 silly audit   'es-errors': [ '1.3.0' ],
13 silly audit   'es-object-atoms': [ '1.1.1' ],
13 silly audit   'escape-html': [ '1.0.3' ],
13 silly audit   etag: [ '1.8.1' ],
13 silly audit   express: [ '4.21.2' ],
13 silly audit   'express-validator': [ '7.2.1' ],
13 silly audit   'fetch-blob': [ '3.2.0' ],
13 silly audit   'fill-range': [ '7.1.1' ],
13 silly audit   finalhandler: [ '1.3.1' ],
13 silly audit   'formdata-polyfill': [ '4.0.10' ],
13 silly audit   forwarded: [ '0.2.0' ],
13 silly audit   fresh: [ '0.5.2' ],
13 silly audit   fsevents: [ '2.3.3' ],
13 silly audit   'function-bind': [ '1.1.2' ],
13 silly audit   'get-intrinsic': [ '1.3.0' ],
13 silly audit   'get-proto': [ '1.0.1' ],
13 silly audit   'glob-parent': [ '5.1.2' ],
13 silly audit   gopd: [ '1.2.0' ],
13 silly audit   'has-flag': [ '3.0.0' ],
13 silly audit   'has-symbols': [ '1.1.0' ],
13 silly audit   hasown: [ '2.0.2' ],
13 silly audit   'http-errors': [ '2.0.0' ],
13 silly audit   'iconv-lite': [ '0.4.24' ],
13 silly audit   'ignore-by-default': [ '1.0.1' ],
13 silly audit   inherits: [ '2.0.4' ],
13 silly audit   'ipaddr.js': [ '1.9.1' ],
13 silly audit   'is-binary-path': [ '2.1.0' ],
13 silly audit   'is-extglob': [ '2.1.1' ],
13 silly audit   'is-glob': [ '4.0.3' ],
13 silly audit   'is-number': [ '7.0.0' ],
13 silly audit   jiti: [ '2.4.2' ],
13 silly audit   jsonwebtoken: [ '9.0.2' ],
13 silly audit   jwa: [ '1.4.2' ],
13 silly audit   jws: [ '3.2.2' ],
13 silly audit   lodash: [ '4.17.21' ],
13 silly audit   'lodash.includes': [ '4.3.0' ],
13 silly audit   'lodash.isboolean': [ '3.0.3' ],
13 silly audit   'lodash.isinteger': [ '4.0.4' ],
13 silly audit   'lodash.isnumber': [ '3.0.3' ],
13 silly audit   'lodash.isplainobject': [ '4.0.6' ],
13 silly audit   'lodash.isstring': [ '4.0.1' ],
13 silly audit   'lodash.once': [ '4.1.1' ],
13 silly audit   'math-intrinsics': [ '1.1.0' ],
13 silly audit   'media-typer': [ '0.3.0' ],
13 silly audit   'merge-descriptors': [ '1.0.3' ],
13 silly audit   methods: [ '1.1.2' ],
13 silly audit   mime: [ '1.6.0' ],
13 silly audit   'mime-db': [ '1.52.0' ],
13 silly audit   'mime-types': [ '2.1.35' ],
13 silly audit   minimatch: [ '3.1.2' ],
13 silly audit   minimist: [ '1.2.8' ],
13 silly audit   mkdirp: [ '0.5.6' ],
13 silly audit   moment: [ '2.30.1' ],
13 silly audit   multer: [ '2.0.1' ],
13 silly audit   negotiator: [ '0.6.3' ],
13 silly audit   'node-domexception': [ '1.0.0' ],
13 silly audit   'node-fetch': [ '3.3.2' ],
13 silly audit   nodemon: [ '3.1.10' ],
13 silly audit   'normalize-path': [ '3.0.0' ],
13 silly audit   'object-assign': [ '4.1.1' ],
13 silly audit   'object-inspect': [ '1.13.4' ],
13 silly audit   'on-finished': [ '2.4.1' ],
13 silly audit   parseurl: [ '1.3.3' ],
13 silly audit   'path-to-regexp': [ '0.1.12' ],
13 silly audit   picomatch: [ '2.3.1' ],
13 silly audit   prisma: [ '6.11.1' ],
13 silly audit   'proxy-addr': [ '2.0.7' ],
13 silly audit   'pstree.remy': [ '1.1.8' ],
13 silly audit   qs: [ '6.13.0' ],
13 silly audit   'range-parser': [ '1.2.1' ],
13 silly audit   'raw-body': [ '2.5.2' ],
13 silly audit   'readable-stream': [ '3.6.2' ],
13 silly audit   readdirp: [ '3.6.0' ],
13 silly audit   'safe-buffer': [ '5.2.1' ],
13 silly audit   'safer-buffer': [ '2.1.2' ],
13 silly audit   semver: [ '7.7.2' ],
13 silly audit   send: [ '0.19.0' ],
13 silly audit   'serve-static': [ '1.16.2' ],
13 silly audit   setprototypeof: [ '1.2.0' ],
13 silly audit   'side-channel': [ '1.1.0' ],
13 silly audit   'side-channel-list': [ '1.0.0' ],
13 silly audit   'side-channel-map': [ '1.0.1' ],
13 silly audit   'side-channel-weakmap': [ '1.0.2' ],
13 silly audit   'simple-update-notifier': [ '2.0.0' ],
13 silly audit   statuses: [ '2.0.1' ],
13 silly audit   streamsearch: [ '1.1.0' ],
13 silly audit   string_decoder: [ '1.3.0' ],
13 silly audit   'supports-color': [ '5.5.0' ],
13 silly audit   'to-regex-range': [ '5.0.1' ],
13 silly audit   toidentifier: [ '1.0.1' ],
13 silly audit   touch: [ '3.1.1' ],
13 silly audit   'type-is': [ '1.6.18' ],
13 silly audit   typedarray: [ '0.0.6' ],
13 silly audit   undefsafe: [ '2.0.5' ],
13 silly audit   unpipe: [ '1.0.0' ],
13 silly audit   'util-deprecate': [ '1.0.2' ],
13 silly audit   'utils-merge': [ '1.0.1' ],
13 silly audit   validator: [ '13.12.0' ],
13 silly audit   vary: [ '1.1.2' ],
13 silly audit   'web-streams-polyfill': [ '3.3.3' ],
13 silly audit   xtend: [ '4.0.2' ]
13 silly audit }
14 http fetch POST 200 https://registry.npmjs.org/-/npm/v1/security/advisories/bulk 1515ms
15 silly audit report {
15 silly audit report   multer: [
15 silly audit report     {
15 silly audit report       id: 1106463,
15 silly audit report       url: 'https://github.com/advisories/GHSA-fjgf-rc76-4x9p',
15 silly audit report       title: 'Multer vulnerable to Denial of Service via unhandled exception from malformed request',
15 silly audit report       severity: 'high',
15 silly audit report       vulnerable_versions: '>=1.4.4-lts.1 <2.0.2',
15 silly audit report       cwe: [Array],
15 silly audit report       cvss: [Object]
15 silly audit report     }
15 silly audit report   ]
15 silly audit report }
16 silly packumentCache corgi:https://registry.npmjs.org/multer cache-miss
17 http fetch GET 200 https://registry.npmjs.org/multer 823ms (cache miss)
18 silly packumentCache corgi:https://registry.npmjs.org/multer set size:undefined disposed:false
19 verbose cwd C:\Users\Elite\Desktop\justice_org\backend
20 verbose os Windows_NT 10.0.19045
21 verbose node v22.17.0
22 verbose npm  v10.9.2
23 verbose exit 1
24 verbose code 1
