0 verbose cli C:\Program Files\nodejs\node.exe C:\Program Files\nodejs\node_modules\npm\bin\npm-cli.js
1 info using npm@10.9.2
2 info using node@v22.17.0
3 silly config load:file:C:\Program Files\nodejs\node_modules\npm\npmrc
4 silly config load:file:C:\Users\Elite\Desktop\justice_org\backend\frontend\.npmrc
5 silly config load:file:C:\Users\Elite\.npmrc
6 silly config load:file:C:\Users\Elite\AppData\Roaming\npm\etc\npmrc
7 verbose title npm install
8 verbose argv "install" "--legacy-peer-deps" "--no-audit" "--no-fund" "--cache" ".npm-cache"
9 verbose logfile logs-max:10 dir:C:\Users\Elite\Desktop\justice_org\backend\frontend\.npm-cache\_logs\2025-08-13T08_01_05_202Z-
10 verbose logfile C:\Users\Elite\Desktop\justice_org\backend\frontend\.npm-cache\_logs\2025-08-13T08_01_05_202Z-debug-0.log
11 silly logfile done cleaning log files
12 silly packumentCache heap:4345298944 maxSize:1086324736 maxEntrySize:543162368
13 silly idealTree buildDeps
14 silly reify moves {}
15 verbose reify failed optional dependency C:\Users\Elite\Desktop\justice_org\backend\frontend\node_modules\fsevents
16 silly reify mark deleted [
16 silly reify   'C:\\Users\\Elite\\Desktop\\justice_org\\backend\\frontend\\node_modules\\fsevents'
16 silly reify ]
17 silly ADD
18 verbose cwd C:\Users\Elite\Desktop\justice_org\backend\frontend
19 verbose os Windows_NT 10.0.19045
20 verbose node v22.17.0
21 verbose npm  v10.9.2
22 verbose exit 0
23 info ok
