0 verbose cli C:\Program Files\nodejs\node.exe C:\Program Files\nodejs\node_modules\npm\bin\npm-cli.js
1 info using npm@10.9.2
2 info using node@v22.17.0
3 silly config load:file:C:\Program Files\nodejs\node_modules\npm\npmrc
4 silly config load:file:C:\Users\Elite\Desktop\justice_org\backend\frontend\.npmrc
5 silly config load:file:C:\Users\Elite\.npmrc
6 silly config load:file:C:\Users\Elite\AppData\Roaming\npm\etc\npmrc
7 verbose title npm install
8 verbose argv "install" "--no-audit" "--no-fund" "--cache" ".npm-cache"
9 verbose logfile logs-max:10 dir:C:\Users\Elite\Desktop\justice_org\backend\frontend\.npm-cache\_logs\2025-08-13T07_59_18_872Z-
10 verbose logfile C:\Users\Elite\Desktop\justice_org\backend\frontend\.npm-cache\_logs\2025-08-13T07_59_18_872Z-debug-0.log
11 silly logfile done cleaning log files
12 silly packumentCache heap:4345298944 maxSize:1086324736 maxEntrySize:543162368
13 silly idealTree buildDeps
14 silly fetch manifest ajv@>=8
15 silly packumentCache full:https://registry.npmjs.org/ajv cache-miss
16 http fetch GET 200 https://registry.npmjs.org/ajv 1343ms (cache miss)
17 silly packumentCache full:https://registry.npmjs.org/ajv set size:undefined disposed:false
18 warn ERESOLVE overriding peer dependency {
18 warn ERESOLVE   code: 'ERESOLVE',
18 warn ERESOLVE   edge: {
18 warn ERESOLVE     type: 'peer',
18 warn ERESOLVE     name: 'ajv',
18 warn ERESOLVE     spec: '>=8',
18 warn ERESOLVE     error: 'INVALID',
18 warn ERESOLVE     from: {
18 warn ERESOLVE       name: '@apideck/better-ajv-errors',
18 warn ERESOLVE       version: '0.3.6',
18 warn ERESOLVE       location: 'node_modules/@apideck/better-ajv-errors',
18 warn ERESOLVE       isWorkspace: false,
18 warn ERESOLVE       dependents: [Array]
18 warn ERESOLVE     }
18 warn ERESOLVE   },
18 warn ERESOLVE   dep: {
18 warn ERESOLVE     name: 'ajv',
18 warn ERESOLVE     version: '8.17.1',
18 warn ERESOLVE     whileInstalling: {
18 warn ERESOLVE       name: '@apideck/better-ajv-errors',
18 warn ERESOLVE       version: '0.3.6',
18 warn ERESOLVE       path: 'C:\\Users\\Elite\\Desktop\\justice_org\\backend\\frontend\\node_modules\\@apideck\\better-ajv-errors'
18 warn ERESOLVE     },
18 warn ERESOLVE     location: 'node_modules/ajv',
18 warn ERESOLVE     isWorkspace: false,
18 warn ERESOLVE     dependents: [ [Object] ]
18 warn ERESOLVE   },
18 warn ERESOLVE   force: false,
18 warn ERESOLVE   isMine: false,
18 warn ERESOLVE   strictPeerDeps: false,
18 warn ERESOLVE   current: {
18 warn ERESOLVE     name: 'ajv',
18 warn ERESOLVE     version: '6.12.6',
18 warn ERESOLVE     location: 'node_modules/ajv',
18 warn ERESOLVE     isWorkspace: false,
18 warn ERESOLVE     dependents: [
18 warn ERESOLVE       [Object], [Object],
18 warn ERESOLVE       [Object], [Object],
18 warn ERESOLVE       [Object], [Object],
18 warn ERESOLVE       [Object]
18 warn ERESOLVE     ]
18 warn ERESOLVE   },
18 warn ERESOLVE   peerConflict: {
18 warn ERESOLVE     current: {
18 warn ERESOLVE       name: 'ajv',
18 warn ERESOLVE       version: '6.12.6',
18 warn ERESOLVE       location: 'node_modules/ajv',
18 warn ERESOLVE       isWorkspace: false,
18 warn ERESOLVE       dependents: [Array]
18 warn ERESOLVE     },
18 warn ERESOLVE     peer: {
18 warn ERESOLVE       name: 'ajv',
18 warn ERESOLVE       version: '8.17.1',
18 warn ERESOLVE       whileInstalling: [Object],
18 warn ERESOLVE       location: 'node_modules/ajv',
18 warn ERESOLVE       isWorkspace: false,
18 warn ERESOLVE       dependents: [Array]
18 warn ERESOLVE     }
18 warn ERESOLVE   }
18 warn ERESOLVE }
19 silly fetch manifest ckeditor5@>=42.0.0 || ^0.0.0-nightly
20 silly packumentCache full:https://registry.npmjs.org/ckeditor5 cache-miss
21 http fetch GET 200 https://registry.npmjs.org/npm 3661ms
22 http fetch GET 200 https://registry.npmjs.org/ckeditor5 697ms (cache miss)
23 silly packumentCache full:https://registry.npmjs.org/ckeditor5 set size:undefined disposed:false
24 silly placeDep ROOT ckeditor5@46.0.1 REPLACE for: @ckeditor/ckeditor5-integrations-common@2.2.3 want: >=42.0.0 || ^0.0.0-nightly
25 silly fetch manifest @ckeditor/ckeditor5-ui@46.0.1
26 silly packumentCache full:https://registry.npmjs.org/@ckeditor%2fckeditor5-ui cache-miss
27 silly fetch manifest @ckeditor/ckeditor5-core@46.0.1
28 silly packumentCache full:https://registry.npmjs.org/@ckeditor%2fckeditor5-core cache-miss
29 silly fetch manifest @ckeditor/ckeditor5-font@46.0.1
30 silly packumentCache full:https://registry.npmjs.org/@ckeditor%2fckeditor5-font cache-miss
31 silly fetch manifest @ckeditor/ckeditor5-link@46.0.1
32 silly packumentCache full:https://registry.npmjs.org/@ckeditor%2fckeditor5-link cache-miss
33 silly fetch manifest @ckeditor/ckeditor5-list@46.0.1
34 silly packumentCache full:https://registry.npmjs.org/@ckeditor%2fckeditor5-list cache-miss
35 silly fetch manifest @ckeditor/ckeditor5-undo@46.0.1
36 silly packumentCache full:https://registry.npmjs.org/@ckeditor%2fckeditor5-undo cache-miss
37 silly fetch manifest @ckeditor/ckeditor5-ckbox@46.0.1
38 silly packumentCache full:https://registry.npmjs.org/@ckeditor%2fckeditor5-ckbox cache-miss
39 http fetch GET 200 https://registry.npmjs.org/@ckeditor%2fckeditor5-core 3451ms (cache miss)
40 silly packumentCache full:https://registry.npmjs.org/@ckeditor%2fckeditor5-core set size:undefined disposed:false
41 silly fetch manifest @ckeditor/ckeditor5-emoji@46.0.1
42 silly packumentCache full:https://registry.npmjs.org/@ckeditor%2fckeditor5-emoji cache-miss
43 http fetch GET 200 https://registry.npmjs.org/@ckeditor%2fckeditor5-emoji 1173ms (cache miss)
44 silly packumentCache full:https://registry.npmjs.org/@ckeditor%2fckeditor5-emoji set size:undefined disposed:false
45 silly fetch manifest @ckeditor/ckeditor5-enter@46.0.1
46 silly packumentCache full:https://registry.npmjs.org/@ckeditor%2fckeditor5-enter cache-miss
47 http fetch GET 200 https://registry.npmjs.org/@ckeditor%2fckeditor5-ui 4797ms (cache miss)
48 silly packumentCache full:https://registry.npmjs.org/@ckeditor%2fckeditor5-ui set size:undefined disposed:false
49 silly fetch manifest @ckeditor/ckeditor5-icons@46.0.1
50 silly packumentCache full:https://registry.npmjs.org/@ckeditor%2fckeditor5-icons cache-miss
51 http fetch GET 200 https://registry.npmjs.org/@ckeditor%2fckeditor5-undo 4973ms (cache miss)
52 silly packumentCache full:https://registry.npmjs.org/@ckeditor%2fckeditor5-undo set size:undefined disposed:false
53 silly fetch manifest @ckeditor/ckeditor5-image@46.0.1
54 silly packumentCache full:https://registry.npmjs.org/@ckeditor%2fckeditor5-image cache-miss
55 http fetch GET 200 https://registry.npmjs.org/@ckeditor%2fckeditor5-list 5125ms (cache miss)
56 silly packumentCache full:https://registry.npmjs.org/@ckeditor%2fckeditor5-list set size:undefined disposed:false
57 silly fetch manifest @ckeditor/ckeditor5-style@46.0.1
58 silly packumentCache full:https://registry.npmjs.org/@ckeditor%2fckeditor5-style cache-miss
59 http fetch GET 200 https://registry.npmjs.org/@ckeditor%2fckeditor5-link 5292ms (cache miss)
60 silly packumentCache full:https://registry.npmjs.org/@ckeditor%2fckeditor5-link set size:undefined disposed:false
61 silly fetch manifest @ckeditor/ckeditor5-table@46.0.1
62 silly packumentCache full:https://registry.npmjs.org/@ckeditor%2fckeditor5-table cache-miss
63 http fetch GET 200 https://registry.npmjs.org/@ckeditor%2fckeditor5-font 6072ms (cache miss)
64 silly packumentCache full:https://registry.npmjs.org/@ckeditor%2fckeditor5-font set size:undefined disposed:false
65 silly fetch manifest @ckeditor/ckeditor5-utils@46.0.1
66 silly packumentCache full:https://registry.npmjs.org/@ckeditor%2fckeditor5-utils cache-miss
67 http fetch GET 200 https://registry.npmjs.org/@ckeditor%2fckeditor5-enter 2095ms (cache miss)
68 silly packumentCache full:https://registry.npmjs.org/@ckeditor%2fckeditor5-enter set size:undefined disposed:false
69 silly fetch manifest @ckeditor/ckeditor5-engine@46.0.1
70 silly packumentCache full:https://registry.npmjs.org/@ckeditor%2fckeditor5-engine cache-miss
71 http fetch GET 200 https://registry.npmjs.org/@ckeditor%2fckeditor5-image 3675ms (cache miss)
72 silly packumentCache full:https://registry.npmjs.org/@ckeditor%2fckeditor5-image set size:undefined disposed:false
73 silly fetch manifest @ckeditor/ckeditor5-indent@46.0.1
74 silly packumentCache full:https://registry.npmjs.org/@ckeditor%2fckeditor5-indent cache-miss
75 http fetch GET 200 https://registry.npmjs.org/@ckeditor%2fckeditor5-engine 2169ms (cache miss)
76 silly packumentCache full:https://registry.npmjs.org/@ckeditor%2fckeditor5-engine set size:undefined disposed:false
77 silly fetch manifest @ckeditor/ckeditor5-typing@46.0.1
78 silly packumentCache full:https://registry.npmjs.org/@ckeditor%2fckeditor5-typing cache-miss
79 http fetch GET 200 https://registry.npmjs.org/@ckeditor%2fckeditor5-table 4022ms (cache miss)
80 silly packumentCache full:https://registry.npmjs.org/@ckeditor%2fckeditor5-table set size:undefined disposed:false
81 silly fetch manifest @ckeditor/ckeditor5-upload@46.0.1
82 silly packumentCache full:https://registry.npmjs.org/@ckeditor%2fckeditor5-upload cache-miss
83 http fetch GET 200 https://registry.npmjs.org/@ckeditor%2fckeditor5-style 4316ms (cache miss)
84 silly packumentCache full:https://registry.npmjs.org/@ckeditor%2fckeditor5-style set size:undefined disposed:false
85 silly fetch manifest @ckeditor/ckeditor5-widget@46.0.1
86 silly packumentCache full:https://registry.npmjs.org/@ckeditor%2fckeditor5-widget cache-miss
87 http fetch GET 200 https://registry.npmjs.org/@ckeditor%2fckeditor5-icons 4854ms (cache miss)
88 silly packumentCache full:https://registry.npmjs.org/@ckeditor%2fckeditor5-icons set size:undefined disposed:false
89 silly fetch manifest @ckeditor/ckeditor5-heading@46.0.1
90 silly packumentCache full:https://registry.npmjs.org/@ckeditor%2fckeditor5-heading cache-miss
91 http fetch GET 200 https://registry.npmjs.org/@ckeditor%2fckeditor5-utils 3598ms (cache miss)
92 silly packumentCache full:https://registry.npmjs.org/@ckeditor%2fckeditor5-utils set size:undefined disposed:false
93 silly fetch manifest @ckeditor/ckeditor5-mention@46.0.1
94 silly packumentCache full:https://registry.npmjs.org/@ckeditor%2fckeditor5-mention cache-miss
95 http fetch GET 200 https://registry.npmjs.org/@ckeditor%2fckeditor5-ckbox 10392ms (cache miss)
96 silly packumentCache full:https://registry.npmjs.org/@ckeditor%2fckeditor5-ckbox set size:undefined disposed:false
97 silly fetch manifest @ckeditor/ckeditor5-minimap@46.0.1
98 silly packumentCache full:https://registry.npmjs.org/@ckeditor%2fckeditor5-minimap cache-miss
99 http fetch GET 200 https://registry.npmjs.org/@ckeditor%2fckeditor5-typing 3225ms (cache miss)
100 silly packumentCache full:https://registry.npmjs.org/@ckeditor%2fckeditor5-typing set size:undefined disposed:false
101 silly fetch manifest @ckeditor/ckeditor5-autosave@46.0.1
102 silly packumentCache full:https://registry.npmjs.org/@ckeditor%2fckeditor5-autosave cache-miss
103 http fetch GET 200 https://registry.npmjs.org/@ckeditor%2fckeditor5-indent 6120ms (cache miss)
104 silly packumentCache full:https://registry.npmjs.org/@ckeditor%2fckeditor5-indent set size:undefined disposed:false
105 silly fetch manifest @ckeditor/ckeditor5-bookmark@46.0.1
106 silly packumentCache full:https://registry.npmjs.org/@ckeditor%2fckeditor5-bookmark cache-miss
107 http fetch GET 200 https://registry.npmjs.org/@ckeditor%2fckeditor5-upload 5647ms (cache miss)
108 silly packumentCache full:https://registry.npmjs.org/@ckeditor%2fckeditor5-upload set size:undefined disposed:false
109 silly fetch manifest @ckeditor/ckeditor5-ckfinder@46.0.1
110 silly packumentCache full:https://registry.npmjs.org/@ckeditor%2fckeditor5-ckfinder cache-miss
111 http fetch GET 200 https://registry.npmjs.org/@ckeditor%2fckeditor5-autosave 2781ms (cache miss)
112 silly packumentCache full:https://registry.npmjs.org/@ckeditor%2fckeditor5-autosave set size:undefined disposed:false
113 silly fetch manifest @ckeditor/ckeditor5-language@46.0.1
114 silly packumentCache full:https://registry.npmjs.org/@ckeditor%2fckeditor5-language cache-miss
115 http fetch GET 200 https://registry.npmjs.org/@ckeditor%2fckeditor5-mention 5893ms (cache miss)
116 silly packumentCache full:https://registry.npmjs.org/@ckeditor%2fckeditor5-mention set size:undefined disposed:false
117 silly fetch manifest @ckeditor/ckeditor5-watchdog@46.0.1
118 silly packumentCache full:https://registry.npmjs.org/@ckeditor%2fckeditor5-watchdog cache-miss
119 http fetch GET 200 https://registry.npmjs.org/@ckeditor%2fckeditor5-minimap 5303ms (cache miss)
120 silly packumentCache full:https://registry.npmjs.org/@ckeditor%2fckeditor5-minimap set size:undefined disposed:false
121 silly fetch manifest @ckeditor/ckeditor5-alignment@46.0.1
122 silly packumentCache full:https://registry.npmjs.org/@ckeditor%2fckeditor5-alignment cache-miss
123 http fetch GET 200 https://registry.npmjs.org/@ckeditor%2fckeditor5-widget 6678ms (cache miss)
124 silly packumentCache full:https://registry.npmjs.org/@ckeditor%2fckeditor5-widget set size:undefined disposed:false
125 silly fetch manifest @ckeditor/ckeditor5-clipboard@46.0.1
126 silly packumentCache full:https://registry.npmjs.org/@ckeditor%2fckeditor5-clipboard cache-miss
127 http fetch GET 200 https://registry.npmjs.org/@ckeditor%2fckeditor5-language 1761ms (cache miss)
128 silly packumentCache full:https://registry.npmjs.org/@ckeditor%2fckeditor5-language set size:undefined disposed:false
129 silly fetch manifest @ckeditor/ckeditor5-highlight@46.0.1
130 silly packumentCache full:https://registry.npmjs.org/@ckeditor%2fckeditor5-highlight cache-miss
131 http fetch GET 200 https://registry.npmjs.org/@ckeditor%2fckeditor5-bookmark 3432ms (cache miss)
132 silly packumentCache full:https://registry.npmjs.org/@ckeditor%2fckeditor5-bookmark set size:undefined disposed:false
133 silly fetch manifest @ckeditor/ckeditor5-paragraph@46.0.1
134 silly packumentCache full:https://registry.npmjs.org/@ckeditor%2fckeditor5-paragraph cache-miss
135 http fetch GET 200 https://registry.npmjs.org/@ckeditor%2fckeditor5-heading 8626ms (cache miss)
136 silly packumentCache full:https://registry.npmjs.org/@ckeditor%2fckeditor5-heading set size:undefined disposed:false
137 silly fetch manifest @ckeditor/ckeditor5-autoformat@46.0.1
138 silly packumentCache full:https://registry.npmjs.org/@ckeditor%2fckeditor5-autoformat cache-miss
139 http fetch GET 200 https://registry.npmjs.org/@ckeditor%2fckeditor5-highlight 1479ms (cache miss)
140 silly packumentCache full:https://registry.npmjs.org/@ckeditor%2fckeditor5-highlight set size:undefined disposed:false
141 silly fetch manifest @ckeditor/ckeditor5-code-block@46.0.1
142 silly packumentCache full:https://registry.npmjs.org/@ckeditor%2fckeditor5-code-block cache-miss
143 http fetch GET 200 https://registry.npmjs.org/@ckeditor%2fckeditor5-code-block 1655ms (cache miss)
144 silly packumentCache full:https://registry.npmjs.org/@ckeditor%2fckeditor5-code-block set size:undefined disposed:false
145 silly fetch manifest @ckeditor/ckeditor5-easy-image@46.0.1
146 silly packumentCache full:https://registry.npmjs.org/@ckeditor%2fckeditor5-easy-image cache-miss
147 http fetch GET 200 https://registry.npmjs.org/@ckeditor%2fckeditor5-watchdog 4661ms (cache miss)
148 silly packumentCache full:https://registry.npmjs.org/@ckeditor%2fckeditor5-watchdog set size:undefined disposed:false
149 silly fetch manifest @ckeditor/ckeditor5-essentials@46.0.1
150 silly packumentCache full:https://registry.npmjs.org/@ckeditor%2fckeditor5-essentials cache-miss
151 http fetch GET 200 https://registry.npmjs.org/@ckeditor%2fckeditor5-alignment 4652ms (cache miss)
152 silly packumentCache full:https://registry.npmjs.org/@ckeditor%2fckeditor5-alignment set size:undefined disposed:false
153 silly fetch manifest @ckeditor/ckeditor5-fullscreen@46.0.1
154 silly packumentCache full:https://registry.npmjs.org/@ckeditor%2fckeditor5-fullscreen cache-miss
155 http fetch GET 200 https://registry.npmjs.org/@ckeditor%2fckeditor5-ckfinder 6064ms (cache miss)
156 silly packumentCache full:https://registry.npmjs.org/@ckeditor%2fckeditor5-ckfinder set size:undefined disposed:false
157 silly fetch manifest @ckeditor/ckeditor5-html-embed@46.0.1
158 silly packumentCache full:https://registry.npmjs.org/@ckeditor%2fckeditor5-html-embed cache-miss
159 http fetch GET 200 https://registry.npmjs.org/@ckeditor%2fckeditor5-autoformat 3237ms (cache miss)
160 silly packumentCache full:https://registry.npmjs.org/@ckeditor%2fckeditor5-autoformat set size:undefined disposed:false
161 silly fetch manifest @ckeditor/ckeditor5-page-break@46.0.1
162 silly packumentCache full:https://registry.npmjs.org/@ckeditor%2fckeditor5-page-break cache-miss
163 http fetch GET 200 https://registry.npmjs.org/@ckeditor%2fckeditor5-fullscreen 1636ms (cache miss)
164 silly packumentCache full:https://registry.npmjs.org/@ckeditor%2fckeditor5-fullscreen set size:undefined disposed:false
165 silly fetch manifest @ckeditor/ckeditor5-select-all@46.0.1
166 silly packumentCache full:https://registry.npmjs.org/@ckeditor%2fckeditor5-select-all cache-miss
167 http fetch GET 200 https://registry.npmjs.org/@ckeditor%2fckeditor5-easy-image 2430ms (cache miss)
168 silly packumentCache full:https://registry.npmjs.org/@ckeditor%2fckeditor5-easy-image set size:undefined disposed:false
169 silly fetch manifest @ckeditor/ckeditor5-theme-lark@46.0.1
170 silly packumentCache full:https://registry.npmjs.org/@ckeditor%2fckeditor5-theme-lark cache-miss
171 http fetch GET 200 https://registry.npmjs.org/@ckeditor%2fckeditor5-essentials 4102ms (cache miss)
172 silly packumentCache full:https://registry.npmjs.org/@ckeditor%2fckeditor5-essentials set size:undefined disposed:false
173 silly fetch manifest @ckeditor/ckeditor5-word-count@46.0.1
174 silly packumentCache full:https://registry.npmjs.org/@ckeditor%2fckeditor5-word-count cache-miss
175 http fetch GET 200 https://registry.npmjs.org/@ckeditor%2fckeditor5-page-break 3107ms (cache miss)
176 silly packumentCache full:https://registry.npmjs.org/@ckeditor%2fckeditor5-page-break set size:undefined disposed:false
177 silly fetch manifest @ckeditor/ckeditor5-block-quote@46.0.1
178 silly packumentCache full:https://registry.npmjs.org/@ckeditor%2fckeditor5-block-quote cache-miss
179 http fetch GET 200 https://registry.npmjs.org/@ckeditor%2fckeditor5-clipboard 8558ms (cache miss)
180 silly packumentCache full:https://registry.npmjs.org/@ckeditor%2fckeditor5-clipboard set size:undefined disposed:false
181 silly fetch manifest @ckeditor/ckeditor5-media-embed@46.0.1
182 silly packumentCache full:https://registry.npmjs.org/@ckeditor%2fckeditor5-media-embed cache-miss
183 http fetch GET 200 https://registry.npmjs.org/@ckeditor%2fckeditor5-theme-lark 2367ms (cache miss)
184 silly packumentCache full:https://registry.npmjs.org/@ckeditor%2fckeditor5-theme-lark set size:undefined disposed:false
185 silly fetch manifest @ckeditor/ckeditor5-show-blocks@46.0.1
186 silly packumentCache full:https://registry.npmjs.org/@ckeditor%2fckeditor5-show-blocks cache-miss
187 http fetch GET 200 https://registry.npmjs.org/@ckeditor%2fckeditor5-paragraph 6798ms (cache miss)
188 silly packumentCache full:https://registry.npmjs.org/@ckeditor%2fckeditor5-paragraph set size:undefined disposed:false
189 silly fetch manifest @ckeditor/ckeditor5-basic-styles@46.0.1
190 silly packumentCache full:https://registry.npmjs.org/@ckeditor%2fckeditor5-basic-styles cache-miss
191 http fetch GET 200 https://registry.npmjs.org/@ckeditor%2fckeditor5-show-blocks 1301ms (cache miss)
192 silly packumentCache full:https://registry.npmjs.org/@ckeditor%2fckeditor5-show-blocks set size:undefined disposed:false
193 silly fetch manifest @ckeditor/ckeditor5-html-support@46.0.1
194 silly packumentCache full:https://registry.npmjs.org/@ckeditor%2fckeditor5-html-support cache-miss
195 http fetch GET 200 https://registry.npmjs.org/@ckeditor%2fckeditor5-block-quote 3552ms (cache miss)
196 silly packumentCache full:https://registry.npmjs.org/@ckeditor%2fckeditor5-block-quote set size:undefined disposed:false
197 silly fetch manifest @ckeditor/ckeditor5-markdown-gfm@46.0.1
198 silly packumentCache full:https://registry.npmjs.org/@ckeditor%2fckeditor5-markdown-gfm cache-miss
199 http fetch GET 200 https://registry.npmjs.org/@ckeditor%2fckeditor5-select-all 6756ms (cache miss)
200 silly packumentCache full:https://registry.npmjs.org/@ckeditor%2fckeditor5-select-all set size:undefined disposed:false
201 silly fetch manifest @ckeditor/ckeditor5-editor-inline@46.0.1
202 silly packumentCache full:https://registry.npmjs.org/@ckeditor%2fckeditor5-editor-inline cache-miss
203 http fetch GET 200 https://registry.npmjs.org/@ckeditor%2fckeditor5-html-embed 8162ms (cache miss)
204 silly packumentCache full:https://registry.npmjs.org/@ckeditor%2fckeditor5-html-embed set size:undefined disposed:false
205 silly fetch manifest @ckeditor/ckeditor5-remove-format@46.0.1
206 silly packumentCache full:https://registry.npmjs.org/@ckeditor%2fckeditor5-remove-format cache-miss
207 http fetch GET 200 https://registry.npmjs.org/@ckeditor%2fckeditor5-word-count 5286ms (cache miss)
208 silly packumentCache full:https://registry.npmjs.org/@ckeditor%2fckeditor5-word-count set size:undefined disposed:false
209 silly fetch manifest @ckeditor/ckeditor5-cloud-services@46.0.1
210 silly packumentCache full:https://registry.npmjs.org/@ckeditor%2fckeditor5-cloud-services cache-miss
211 http fetch GET 200 https://registry.npmjs.org/@ckeditor%2fckeditor5-html-support 4254ms (cache miss)
212 silly packumentCache full:https://registry.npmjs.org/@ckeditor%2fckeditor5-html-support set size:undefined disposed:false
213 silly fetch manifest @ckeditor/ckeditor5-editor-balloon@46.0.1
214 silly packumentCache full:https://registry.npmjs.org/@ckeditor%2fckeditor5-editor-balloon cache-miss
215 http fetch GET 200 https://registry.npmjs.org/@ckeditor%2fckeditor5-basic-styles 5724ms (cache miss)
216 silly packumentCache full:https://registry.npmjs.org/@ckeditor%2fckeditor5-basic-styles set size:undefined disposed:false
217 silly fetch manifest @ckeditor/ckeditor5-editor-classic@46.0.1
218 silly packumentCache full:https://registry.npmjs.org/@ckeditor%2fckeditor5-editor-classic cache-miss
219 http fetch GET 200 https://registry.npmjs.org/@ckeditor%2fckeditor5-media-embed 7018ms (cache miss)
220 silly packumentCache full:https://registry.npmjs.org/@ckeditor%2fckeditor5-media-embed set size:undefined disposed:false
221 silly fetch manifest @ckeditor/ckeditor5-source-editing@46.0.1
222 silly packumentCache full:https://registry.npmjs.org/@ckeditor%2fckeditor5-source-editing cache-miss
223 http fetch GET 200 https://registry.npmjs.org/@ckeditor%2fckeditor5-markdown-gfm 3717ms (cache miss)
224 silly packumentCache full:https://registry.npmjs.org/@ckeditor%2fckeditor5-markdown-gfm set size:undefined disposed:false
225 silly fetch manifest @ckeditor/ckeditor5-horizontal-line@46.0.1
226 silly packumentCache full:https://registry.npmjs.org/@ckeditor%2fckeditor5-horizontal-line cache-miss
227 http fetch GET 200 https://registry.npmjs.org/@ckeditor%2fckeditor5-editor-balloon 3989ms (cache miss)
228 silly packumentCache full:https://registry.npmjs.org/@ckeditor%2fckeditor5-editor-balloon set size:undefined disposed:false
229 silly fetch manifest @ckeditor/ckeditor5-adapter-ckfinder@46.0.1
230 silly packumentCache full:https://registry.npmjs.org/@ckeditor%2fckeditor5-adapter-ckfinder cache-miss
231 http fetch GET 200 https://registry.npmjs.org/@ckeditor%2fckeditor5-editor-classic 4196ms (cache miss)
232 silly packumentCache full:https://registry.npmjs.org/@ckeditor%2fckeditor5-editor-classic set size:undefined disposed:false
233 silly fetch manifest @ckeditor/ckeditor5-editor-decoupled@46.0.1
234 silly packumentCache full:https://registry.npmjs.org/@ckeditor%2fckeditor5-editor-decoupled cache-miss
235 http fetch GET 200 https://registry.npmjs.org/@ckeditor%2fckeditor5-cloud-services 5982ms (cache miss)
236 silly packumentCache full:https://registry.npmjs.org/@ckeditor%2fckeditor5-cloud-services set size:undefined disposed:false
237 silly fetch manifest @ckeditor/ckeditor5-find-and-replace@46.0.1
238 silly packumentCache full:https://registry.npmjs.org/@ckeditor%2fckeditor5-find-and-replace cache-miss
239 http fetch GET 200 https://registry.npmjs.org/@ckeditor%2fckeditor5-horizontal-line 3799ms (cache miss)
240 silly packumentCache full:https://registry.npmjs.org/@ckeditor%2fckeditor5-horizontal-line set size:undefined disposed:false
241 silly fetch manifest @ckeditor/ckeditor5-editor-multi-root@46.0.1
242 silly packumentCache full:https://registry.npmjs.org/@ckeditor%2fckeditor5-editor-multi-root cache-miss
243 http fetch GET 200 https://registry.npmjs.org/@ckeditor%2fckeditor5-editor-inline 7589ms (cache miss)
244 silly packumentCache full:https://registry.npmjs.org/@ckeditor%2fckeditor5-editor-inline set size:undefined disposed:false
245 silly fetch manifest @ckeditor/ckeditor5-paste-from-office@46.0.1
246 silly packumentCache full:https://registry.npmjs.org/@ckeditor%2fckeditor5-paste-from-office cache-miss
247 http fetch GET 200 https://registry.npmjs.org/@ckeditor%2fckeditor5-editor-decoupled 3163ms (cache miss)
248 silly packumentCache full:https://registry.npmjs.org/@ckeditor%2fckeditor5-editor-decoupled set size:undefined disposed:false
249 silly fetch manifest @ckeditor/ckeditor5-restricted-editing@46.0.1
250 silly packumentCache full:https://registry.npmjs.org/@ckeditor%2fckeditor5-restricted-editing cache-miss
251 http fetch GET 200 https://registry.npmjs.org/@ckeditor%2fckeditor5-source-editing 6794ms (cache miss)
252 silly packumentCache full:https://registry.npmjs.org/@ckeditor%2fckeditor5-source-editing set size:undefined disposed:false
253 silly fetch manifest @ckeditor/ckeditor5-special-characters@46.0.1
254 silly packumentCache full:https://registry.npmjs.org/@ckeditor%2fckeditor5-special-characters cache-miss
255 http fetch GET 200 https://registry.npmjs.org/@ckeditor%2fckeditor5-adapter-ckfinder 4226ms (cache miss)
256 silly packumentCache full:https://registry.npmjs.org/@ckeditor%2fckeditor5-adapter-ckfinder set size:undefined disposed:false
257 http fetch GET 200 https://registry.npmjs.org/@ckeditor%2fckeditor5-editor-multi-root 3383ms (cache miss)
258 silly packumentCache full:https://registry.npmjs.org/@ckeditor%2fckeditor5-editor-multi-root set size:undefined disposed:false
259 http fetch GET 200 https://registry.npmjs.org/@ckeditor%2fckeditor5-restricted-editing 2480ms (cache miss)
260 silly packumentCache full:https://registry.npmjs.org/@ckeditor%2fckeditor5-restricted-editing set size:undefined disposed:false
261 http fetch GET 200 https://registry.npmjs.org/@ckeditor%2fckeditor5-remove-format 11475ms (cache miss)
262 silly packumentCache full:https://registry.npmjs.org/@ckeditor%2fckeditor5-remove-format set size:undefined disposed:false
263 http fetch GET 200 https://registry.npmjs.org/@ckeditor%2fckeditor5-find-and-replace 5526ms (cache miss)
264 silly packumentCache full:https://registry.npmjs.org/@ckeditor%2fckeditor5-find-and-replace set size:undefined disposed:false
265 http fetch GET 200 https://registry.npmjs.org/@ckeditor%2fckeditor5-paste-from-office 5981ms (cache miss)
266 silly packumentCache full:https://registry.npmjs.org/@ckeditor%2fckeditor5-paste-from-office set size:undefined disposed:false
267 http fetch GET 200 https://registry.npmjs.org/@ckeditor%2fckeditor5-special-characters 13945ms (cache miss)
268 silly packumentCache full:https://registry.npmjs.org/@ckeditor%2fckeditor5-special-characters set size:undefined disposed:false
269 silly fetch manifest ckeditor5@41.4.2
270 silly packumentCache full:https://registry.npmjs.org/ckeditor5 cache-miss
271 http cache https://registry.npmjs.org/ckeditor5 48ms (cache hit)
272 silly packumentCache full:https://registry.npmjs.org/ckeditor5 set size:4919480 disposed:false
273 silly placeDep node_modules/@ckeditor/ckeditor5-adapter-ckfinder ckeditor5@41.4.2 OK for: @ckeditor/ckeditor5-adapter-ckfinder@41.4.2 want: 41.4.2
274 silly fetch manifest @ckeditor/ckeditor5-font@41.4.2
275 silly packumentCache full:https://registry.npmjs.org/@ckeditor%2fckeditor5-font cache-miss
276 silly fetch manifest @ckeditor/ckeditor5-undo@41.4.2
277 silly packumentCache full:https://registry.npmjs.org/@ckeditor%2fckeditor5-undo cache-miss
278 silly fetch manifest @ckeditor/ckeditor5-enter@41.4.2
279 silly packumentCache full:https://registry.npmjs.org/@ckeditor%2fckeditor5-enter cache-miss
280 silly fetch manifest @ckeditor/ckeditor5-style@41.4.2
281 silly packumentCache full:https://registry.npmjs.org/@ckeditor%2fckeditor5-style cache-miss
282 silly fetch manifest @ckeditor/ckeditor5-upload@41.4.2
283 silly packumentCache full:https://registry.npmjs.org/@ckeditor%2fckeditor5-upload cache-miss
284 silly fetch manifest @ckeditor/ckeditor5-widget@41.4.2
285 silly packumentCache full:https://registry.npmjs.org/@ckeditor%2fckeditor5-widget cache-miss
286 silly fetch manifest @ckeditor/ckeditor5-mention@41.4.2
287 silly packumentCache full:https://registry.npmjs.org/@ckeditor%2fckeditor5-mention cache-miss
288 http cache https://registry.npmjs.org/@ckeditor%2fckeditor5-undo 30ms (cache hit)
289 silly packumentCache full:https://registry.npmjs.org/@ckeditor%2fckeditor5-undo set size:2320061 disposed:false
290 silly fetch manifest @ckeditor/ckeditor5-minimap@41.4.2
291 silly packumentCache full:https://registry.npmjs.org/@ckeditor%2fckeditor5-minimap cache-miss
292 http cache https://registry.npmjs.org/@ckeditor%2fckeditor5-font 64ms (cache hit)
293 silly packumentCache full:https://registry.npmjs.org/@ckeditor%2fckeditor5-font set size:2295731 disposed:false
294 silly fetch manifest @ckeditor/ckeditor5-autosave@41.4.2
295 silly packumentCache full:https://registry.npmjs.org/@ckeditor%2fckeditor5-autosave cache-miss
296 http cache https://registry.npmjs.org/@ckeditor%2fckeditor5-enter 95ms (cache hit)
297 silly packumentCache full:https://registry.npmjs.org/@ckeditor%2fckeditor5-enter set size:2278551 disposed:false
298 silly fetch manifest @ckeditor/ckeditor5-language@41.4.2
299 silly packumentCache full:https://registry.npmjs.org/@ckeditor%2fckeditor5-language cache-miss
300 http cache https://registry.npmjs.org/@ckeditor%2fckeditor5-upload 123ms (cache hit)
301 silly packumentCache full:https://registry.npmjs.org/@ckeditor%2fckeditor5-upload set size:2216920 disposed:false
302 silly fetch manifest @ckeditor/ckeditor5-watchdog@41.4.2
303 silly packumentCache full:https://registry.npmjs.org/@ckeditor%2fckeditor5-watchdog cache-miss
304 http cache https://registry.npmjs.org/@ckeditor%2fckeditor5-style 172ms (cache hit)
305 silly packumentCache full:https://registry.npmjs.org/@ckeditor%2fckeditor5-style set size:2282087 disposed:false
306 silly fetch manifest @ckeditor/ckeditor5-alignment@41.4.2
307 silly packumentCache full:https://registry.npmjs.org/@ckeditor%2fckeditor5-alignment cache-miss
308 http cache https://registry.npmjs.org/@ckeditor%2fckeditor5-mention 198ms (cache hit)
309 silly packumentCache full:https://registry.npmjs.org/@ckeditor%2fckeditor5-mention set size:2317728 disposed:false
310 silly fetch manifest @ckeditor/ckeditor5-clipboard@41.4.2
311 silly packumentCache full:https://registry.npmjs.org/@ckeditor%2fckeditor5-clipboard cache-miss
312 http cache https://registry.npmjs.org/@ckeditor%2fckeditor5-widget 235ms (cache hit)
313 silly packumentCache full:https://registry.npmjs.org/@ckeditor%2fckeditor5-widget set size:2486265 disposed:false
314 silly fetch manifest @ckeditor/ckeditor5-highlight@41.4.2
315 silly packumentCache full:https://registry.npmjs.org/@ckeditor%2fckeditor5-highlight cache-miss
316 http cache https://registry.npmjs.org/@ckeditor%2fckeditor5-autosave 208ms (cache hit)
317 silly packumentCache full:https://registry.npmjs.org/@ckeditor%2fckeditor5-autosave set size:2249536 disposed:false
318 silly fetch manifest @ckeditor/ckeditor5-code-block@41.4.2
319 silly packumentCache full:https://registry.npmjs.org/@ckeditor%2fckeditor5-code-block cache-miss
320 http cache https://registry.npmjs.org/@ckeditor%2fckeditor5-language 219ms (cache hit)
321 silly packumentCache full:https://registry.npmjs.org/@ckeditor%2fckeditor5-language set size:2199474 disposed:false
322 silly fetch manifest @ckeditor/ckeditor5-html-embed@41.4.2
323 silly packumentCache full:https://registry.npmjs.org/@ckeditor%2fckeditor5-html-embed cache-miss
324 http cache https://registry.npmjs.org/@ckeditor%2fckeditor5-minimap 345ms (cache hit)
325 silly packumentCache full:https://registry.npmjs.org/@ckeditor%2fckeditor5-minimap set size:2219081 disposed:false
326 silly fetch manifest @ckeditor/ckeditor5-page-break@41.4.2
327 silly packumentCache full:https://registry.npmjs.org/@ckeditor%2fckeditor5-page-break cache-miss
328 http cache https://registry.npmjs.org/@ckeditor%2fckeditor5-watchdog 260ms (cache hit)
329 silly packumentCache full:https://registry.npmjs.org/@ckeditor%2fckeditor5-watchdog set size:2223807 disposed:false
330 silly fetch manifest @ckeditor/ckeditor5-select-all@41.4.2
331 silly packumentCache full:https://registry.npmjs.org/@ckeditor%2fckeditor5-select-all cache-miss
332 http cache https://registry.npmjs.org/@ckeditor%2fckeditor5-alignment 266ms (cache hit)
333 silly packumentCache full:https://registry.npmjs.org/@ckeditor%2fckeditor5-alignment set size:2311386 disposed:false
334 silly fetch manifest @ckeditor/ckeditor5-theme-lark@41.4.2
335 silly packumentCache full:https://registry.npmjs.org/@ckeditor%2fckeditor5-theme-lark cache-miss
336 http cache https://registry.npmjs.org/@ckeditor%2fckeditor5-clipboard 270ms (cache hit)
337 silly packumentCache full:https://registry.npmjs.org/@ckeditor%2fckeditor5-clipboard set size:2487261 disposed:false
338 silly fetch manifest @ckeditor/ckeditor5-word-count@41.4.2
339 silly packumentCache full:https://registry.npmjs.org/@ckeditor%2fckeditor5-word-count cache-miss
340 http cache https://registry.npmjs.org/@ckeditor%2fckeditor5-highlight 259ms (cache hit)
341 silly packumentCache full:https://registry.npmjs.org/@ckeditor%2fckeditor5-highlight set size:2302470 disposed:false
342 silly fetch manifest @ckeditor/ckeditor5-show-blocks@41.4.2
343 silly packumentCache full:https://registry.npmjs.org/@ckeditor%2fckeditor5-show-blocks cache-miss
344 http cache https://registry.npmjs.org/@ckeditor%2fckeditor5-html-embed 204ms (cache hit)
345 silly packumentCache full:https://registry.npmjs.org/@ckeditor%2fckeditor5-html-embed set size:2271162 disposed:false
346 silly fetch manifest @ckeditor/ckeditor5-build-inline@41.4.2
347 silly packumentCache full:https://registry.npmjs.org/@ckeditor%2fckeditor5-build-inline cache-miss
348 http cache https://registry.npmjs.org/@ckeditor%2fckeditor5-code-block 295ms (cache hit)
349 silly packumentCache full:https://registry.npmjs.org/@ckeditor%2fckeditor5-code-block set size:2384358 disposed:false
350 silly fetch manifest @ckeditor/ckeditor5-html-support@41.4.2
351 silly packumentCache full:https://registry.npmjs.org/@ckeditor%2fckeditor5-html-support cache-miss
352 http cache https://registry.npmjs.org/@ckeditor%2fckeditor5-select-all 210ms (cache hit)
353 silly packumentCache full:https://registry.npmjs.org/@ckeditor%2fckeditor5-select-all set size:2297561 disposed:false
354 silly fetch manifest @ckeditor/ckeditor5-markdown-gfm@41.4.2
355 silly packumentCache full:https://registry.npmjs.org/@ckeditor%2fckeditor5-markdown-gfm cache-miss
356 http cache https://registry.npmjs.org/@ckeditor%2fckeditor5-page-break 260ms (cache hit)
357 silly packumentCache full:https://registry.npmjs.org/@ckeditor%2fckeditor5-page-break set size:2284823 disposed:false
358 silly fetch manifest @ckeditor/ckeditor5-build-balloon@41.4.2
359 silly packumentCache full:https://registry.npmjs.org/@ckeditor%2fckeditor5-build-balloon cache-miss
360 http cache https://registry.npmjs.org/@ckeditor%2fckeditor5-theme-lark 224ms (cache hit)
361 silly packumentCache full:https://registry.npmjs.org/@ckeditor%2fckeditor5-theme-lark set size:2043561 disposed:false
362 silly fetch manifest @ckeditor/ckeditor5-editor-inline@41.4.2
363 silly packumentCache full:https://registry.npmjs.org/@ckeditor%2fckeditor5-editor-inline cache-miss
364 http cache https://registry.npmjs.org/@ckeditor%2fckeditor5-word-count 256ms (cache hit)
365 silly packumentCache full:https://registry.npmjs.org/@ckeditor%2fckeditor5-word-count set size:2300699 disposed:false
366 silly fetch manifest @ckeditor/ckeditor5-remove-format@41.4.2
367 silly packumentCache full:https://registry.npmjs.org/@ckeditor%2fckeditor5-remove-format cache-miss
368 http cache https://registry.npmjs.org/@ckeditor%2fckeditor5-show-blocks 241ms (cache hit)
369 silly packumentCache full:https://registry.npmjs.org/@ckeditor%2fckeditor5-show-blocks set size:2142348 disposed:false
370 silly fetch manifest @ckeditor/ckeditor5-editor-balloon@41.4.2
371 silly packumentCache full:https://registry.npmjs.org/@ckeditor%2fckeditor5-editor-balloon cache-miss
372 http cache https://registry.npmjs.org/@ckeditor%2fckeditor5-markdown-gfm 192ms (cache hit)
373 silly packumentCache full:https://registry.npmjs.org/@ckeditor%2fckeditor5-markdown-gfm set size:2465608 disposed:false
374 silly fetch manifest @ckeditor/ckeditor5-source-editing@41.4.2
375 silly packumentCache full:https://registry.npmjs.org/@ckeditor%2fckeditor5-source-editing cache-miss
376 http cache https://registry.npmjs.org/@ckeditor%2fckeditor5-html-support 253ms (cache hit)
377 silly packumentCache full:https://registry.npmjs.org/@ckeditor%2fckeditor5-html-support set size:2500953 disposed:false
378 silly fetch manifest @ckeditor/ckeditor5-horizontal-line@41.4.2
379 silly packumentCache full:https://registry.npmjs.org/@ckeditor%2fckeditor5-horizontal-line cache-miss
380 http cache https://registry.npmjs.org/@ckeditor%2fckeditor5-editor-inline 199ms (cache hit)
381 silly packumentCache full:https://registry.npmjs.org/@ckeditor%2fckeditor5-editor-inline set size:2357544 disposed:false
382 silly fetch manifest @ckeditor/ckeditor5-build-multi-root@41.4.2
383 silly packumentCache full:https://registry.npmjs.org/@ckeditor%2fckeditor5-build-multi-root cache-miss
384 http cache https://registry.npmjs.org/@ckeditor%2fckeditor5-remove-format 175ms (cache hit)
385 silly packumentCache full:https://registry.npmjs.org/@ckeditor%2fckeditor5-remove-format set size:2319301 disposed:false
386 silly fetch manifest @ckeditor/ckeditor5-editor-decoupled@41.4.2
387 silly packumentCache full:https://registry.npmjs.org/@ckeditor%2fckeditor5-editor-decoupled cache-miss
388 http cache https://registry.npmjs.org/@ckeditor%2fckeditor5-editor-balloon 195ms (cache hit)
389 silly packumentCache full:https://registry.npmjs.org/@ckeditor%2fckeditor5-editor-balloon set size:2352101 disposed:false
390 silly fetch manifest @ckeditor/ckeditor5-find-and-replace@41.4.2
391 silly packumentCache full:https://registry.npmjs.org/@ckeditor%2fckeditor5-find-and-replace cache-miss
392 http cache https://registry.npmjs.org/@ckeditor%2fckeditor5-source-editing 203ms (cache hit)
393 silly packumentCache full:https://registry.npmjs.org/@ckeditor%2fckeditor5-source-editing set size:2322667 disposed:false
394 silly fetch manifest @ckeditor/ckeditor5-editor-multi-root@41.4.2
395 silly packumentCache full:https://registry.npmjs.org/@ckeditor%2fckeditor5-editor-multi-root cache-miss
396 http cache https://registry.npmjs.org/@ckeditor%2fckeditor5-horizontal-line 207ms (cache hit)
397 silly packumentCache full:https://registry.npmjs.org/@ckeditor%2fckeditor5-horizontal-line set size:2323951 disposed:false
398 silly fetch manifest @ckeditor/ckeditor5-restricted-editing@41.4.2
399 silly packumentCache full:https://registry.npmjs.org/@ckeditor%2fckeditor5-restricted-editing cache-miss
400 http cache https://registry.npmjs.org/@ckeditor%2fckeditor5-editor-decoupled 185ms (cache hit)
401 silly packumentCache full:https://registry.npmjs.org/@ckeditor%2fckeditor5-editor-decoupled set size:2365968 disposed:false
402 silly fetch manifest @ckeditor/ckeditor5-special-characters@41.4.2
403 silly packumentCache full:https://registry.npmjs.org/@ckeditor%2fckeditor5-special-characters cache-miss
404 http cache https://registry.npmjs.org/@ckeditor%2fckeditor5-find-and-replace 172ms (cache hit)
405 silly packumentCache full:https://registry.npmjs.org/@ckeditor%2fckeditor5-find-and-replace set size:2323525 disposed:false
406 silly fetch manifest @ckeditor/ckeditor5-build-balloon-block@41.4.2
407 silly packumentCache full:https://registry.npmjs.org/@ckeditor%2fckeditor5-build-balloon-block cache-miss
408 http cache https://registry.npmjs.org/@ckeditor%2fckeditor5-editor-multi-root 185ms (cache hit)
409 silly packumentCache full:https://registry.npmjs.org/@ckeditor%2fckeditor5-editor-multi-root set size:2202771 disposed:false
410 silly fetch manifest @ckeditor/ckeditor5-build-decoupled-document@41.4.2
411 silly packumentCache full:https://registry.npmjs.org/@ckeditor%2fckeditor5-build-decoupled-document cache-miss
412 http cache https://registry.npmjs.org/@ckeditor%2fckeditor5-special-characters 161ms (cache hit)
413 silly packumentCache full:https://registry.npmjs.org/@ckeditor%2fckeditor5-special-characters set size:2355284 disposed:false
414 http cache https://registry.npmjs.org/@ckeditor%2fckeditor5-restricted-editing 251ms (cache hit)
415 silly packumentCache full:https://registry.npmjs.org/@ckeditor%2fckeditor5-restricted-editing set size:2357825 disposed:false
416 http fetch GET 200 https://registry.npmjs.org/@ckeditor%2fckeditor5-build-inline 1995ms (cache miss)
417 silly packumentCache full:https://registry.npmjs.org/@ckeditor%2fckeditor5-build-inline set size:undefined disposed:false
418 http fetch GET 200 https://registry.npmjs.org/@ckeditor%2fckeditor5-build-multi-root 2471ms (cache miss)
419 silly packumentCache full:https://registry.npmjs.org/@ckeditor%2fckeditor5-build-multi-root set size:undefined disposed:false
420 http fetch GET 200 https://registry.npmjs.org/@ckeditor%2fckeditor5-build-balloon 2784ms (cache miss)
421 silly packumentCache full:https://registry.npmjs.org/@ckeditor%2fckeditor5-build-balloon set size:undefined disposed:false
422 http fetch GET 200 https://registry.npmjs.org/@ckeditor%2fckeditor5-build-decoupled-document 3893ms (cache miss)
423 silly packumentCache full:https://registry.npmjs.org/@ckeditor%2fckeditor5-build-decoupled-document set size:undefined disposed:false
424 http fetch GET 200 https://registry.npmjs.org/@ckeditor%2fckeditor5-build-balloon-block 5687ms (cache miss)
425 silly packumentCache full:https://registry.npmjs.org/@ckeditor%2fckeditor5-build-balloon-block set size:undefined disposed:false
426 silly placeDep node_modules/@ckeditor/ckeditor5-autoformat ckeditor5@41.4.2 OK for: @ckeditor/ckeditor5-autoformat@41.4.2 want: 41.4.2
427 silly placeDep node_modules/@ckeditor/ckeditor5-basic-styles ckeditor5@41.4.2 OK for: @ckeditor/ckeditor5-basic-styles@41.4.2 want: 41.4.2
428 silly placeDep node_modules/@ckeditor/ckeditor5-block-quote ckeditor5@41.4.2 OK for: @ckeditor/ckeditor5-block-quote@41.4.2 want: 41.4.2
429 silly placeDep node_modules/@ckeditor/ckeditor5-ckbox ckeditor5@41.4.2 OK for: @ckeditor/ckeditor5-ckbox@41.4.2 want: 41.4.2
430 silly placeDep node_modules/@ckeditor/ckeditor5-ckfinder ckeditor5@41.4.2 OK for: @ckeditor/ckeditor5-ckfinder@41.4.2 want: 41.4.2
431 silly placeDep node_modules/@ckeditor/ckeditor5-cloud-services ckeditor5@41.4.2 OK for: @ckeditor/ckeditor5-cloud-services@41.4.2 want: 41.4.2
432 silly placeDep node_modules/@ckeditor/ckeditor5-easy-image ckeditor5@41.4.2 OK for: @ckeditor/ckeditor5-easy-image@41.4.2 want: 41.4.2
433 silly placeDep node_modules/@ckeditor/ckeditor5-editor-classic ckeditor5@41.4.2 OK for: @ckeditor/ckeditor5-editor-classic@41.4.2 want: 41.4.2
434 silly placeDep node_modules/@ckeditor/ckeditor5-essentials ckeditor5@41.4.2 OK for: @ckeditor/ckeditor5-essentials@41.4.2 want: 41.4.2
435 silly placeDep node_modules/@ckeditor/ckeditor5-heading ckeditor5@41.4.2 OK for: @ckeditor/ckeditor5-heading@41.4.2 want: 41.4.2
436 silly placeDep node_modules/@ckeditor/ckeditor5-image ckeditor5@41.4.2 OK for: @ckeditor/ckeditor5-image@41.4.2 want: 41.4.2
437 silly placeDep node_modules/@ckeditor/ckeditor5-indent ckeditor5@41.4.2 OK for: @ckeditor/ckeditor5-indent@41.4.2 want: 41.4.2
438 silly placeDep node_modules/@ckeditor/ckeditor5-link ckeditor5@41.4.2 OK for: @ckeditor/ckeditor5-link@41.4.2 want: 41.4.2
439 silly placeDep node_modules/@ckeditor/ckeditor5-list ckeditor5@41.4.2 OK for: @ckeditor/ckeditor5-list@41.4.2 want: 41.4.2
440 silly placeDep node_modules/@ckeditor/ckeditor5-media-embed ckeditor5@41.4.2 OK for: @ckeditor/ckeditor5-media-embed@41.4.2 want: 41.4.2
441 silly placeDep node_modules/@ckeditor/ckeditor5-paste-from-office ckeditor5@41.4.2 OK for: @ckeditor/ckeditor5-paste-from-office@41.4.2 want: 41.4.2
442 silly placeDep node_modules/@ckeditor/ckeditor5-table ckeditor5@41.4.2 OK for: @ckeditor/ckeditor5-table@41.4.2 want: 41.4.2
443 silly fetch manifest @mantine/core@5.10.5
444 silly packumentCache full:https://registry.npmjs.org/@mantine%2fcore cache-miss
445 http fetch GET 200 https://registry.npmjs.org/@mantine%2fcore 1369ms (cache miss)
446 silly packumentCache full:https://registry.npmjs.org/@mantine%2fcore set size:undefined disposed:false
447 silly fetch manifest @mantine/hooks@5.10.5
448 silly packumentCache full:https://registry.npmjs.org/@mantine%2fhooks cache-miss
449 http fetch GET 200 https://registry.npmjs.org/@mantine%2fhooks 1509ms (cache miss)
450 silly packumentCache full:https://registry.npmjs.org/@mantine%2fhooks set size:undefined disposed:false
451 silly fetch manifest react@>=16.8.0
452 silly packumentCache full:https://registry.npmjs.org/react cache-miss
453 http fetch GET 200 https://registry.npmjs.org/react 1926ms (cache miss)
454 silly packumentCache full:https://registry.npmjs.org/react set size:undefined disposed:false
455 silly fetch manifest react-dom@>=16.8.0
456 silly packumentCache full:https://registry.npmjs.org/react-dom cache-miss
457 http fetch GET 200 https://registry.npmjs.org/react-dom 3227ms (cache miss)
458 silly packumentCache full:https://registry.npmjs.org/react-dom set size:undefined disposed:false
459 verbose stack Error: could not resolve
459 verbose stack     at PlaceDep.failPeerConflict (C:\Program Files\nodejs\node_modules\npm\node_modules\@npmcli\arborist\lib\place-dep.js:503:25)
459 verbose stack     at new PlaceDep (C:\Program Files\nodejs\node_modules\npm\node_modules\@npmcli\arborist\lib\place-dep.js:157:21)
459 verbose stack     at #buildDepStep (C:\Program Files\nodejs\node_modules\npm\node_modules\@npmcli\arborist\lib\arborist\build-ideal-tree.js:920:18)
459 verbose stack     at async Arborist.buildIdealTree (C:\Program Files\nodejs\node_modules\npm\node_modules\@npmcli\arborist\lib\arborist\build-ideal-tree.js:181:7)
459 verbose stack     at async Promise.all (index 1)
459 verbose stack     at async Arborist.reify (C:\Program Files\nodejs\node_modules\npm\node_modules\@npmcli\arborist\lib\arborist\reify.js:131:5)
459 verbose stack     at async Install.exec (C:\Program Files\nodejs\node_modules\npm\lib\commands\install.js:150:5)
459 verbose stack     at async Npm.exec (C:\Program Files\nodejs\node_modules\npm\lib\npm.js:207:9)
459 verbose stack     at async module.exports (C:\Program Files\nodejs\node_modules\npm\lib\cli\entry.js:74:5)
460 error code ERESOLVE
461 error ERESOLVE could not resolve
462 error
463 error While resolving: @mantine/rte@5.10.5
463 error Found: @mantine/core@8.1.3[2m[22m
463 error [2mnode_modules/@mantine/core[22m
463 error   @mantine/core@"^8.1.2" from the root project
463 error
463 error Could not resolve dependency:
463 error [95mpeer[39m @mantine/core@"5.10.5" from @mantine/rte@5.10.5[2m[22m
463 error [2mnode_modules/@mantine/rte[22m
463 error   @mantine/rte@"^5.10.5" from the root project
463 error
463 error Conflicting peer dependency: @mantine/core@5.10.5[2m[22m
463 error [2mnode_modules/@mantine/core[22m
463 error   [95mpeer[39m @mantine/core@"5.10.5" from @mantine/rte@5.10.5[2m[22m
463 error   [2mnode_modules/@mantine/rte[22m
463 error     @mantine/rte@"^5.10.5" from the root project
463 error
463 error Fix the upstream dependency conflict, or retry
463 error this command with --force or --legacy-peer-deps
463 error to accept an incorrect (and potentially broken) dependency resolution.
464 error
464 error
464 error For a full report see:
464 error C:\Users\Elite\Desktop\justice_org\backend\frontend\.npm-cache\_logs\2025-08-13T07_59_18_872Z-eresolve-report.txt
465 silly unfinished npm timer reify 1755071959993
466 silly unfinished npm timer reify:loadTrees 1755071959995
467 silly unfinished npm timer idealTree:buildDeps 1755071961742
468 silly unfinished npm timer idealTree:node_modules/@mantine/rte 1755072024009
469 verbose cwd C:\Users\Elite\Desktop\justice_org\backend\frontend
470 verbose os Windows_NT 10.0.19045
471 verbose node v22.17.0
472 verbose npm  v10.9.2
473 notice
473 notice New [31mmajor[39m version of npm available! [31m10.9.2[39m -> [34m11.5.2[39m
473 notice Changelog: [34mhttps://github.com/npm/cli/releases/tag/v11.5.2[39m
473 notice To update run: [4mnpm install -g npm@11.5.2[24m
473 notice  { force: true, [Symbol(proc-log.meta)]: true }
474 verbose exit 1
475 verbose code 1
476 error A complete log of this run can be found in: C:\Users\Elite\Desktop\justice_org\backend\frontend\.npm-cache\_logs\2025-08-13T07_59_18_872Z-debug-0.log
