0 verbose cli C:\Program Files\nodejs\node.exe C:\Program Files\nodejs\node_modules\npm\bin\npm-cli.js
1 info using npm@10.9.2
2 info using node@v22.17.0
3 silly config load:file:C:\Program Files\nodejs\node_modules\npm\npmrc
4 silly config load:file:C:\Users\Elite\Desktop\justice_org\backend\frontend\.npmrc
5 silly config load:file:C:\Users\Elite\.npmrc
6 silly config load:file:C:\Users\Elite\AppData\Roaming\npm\etc\npmrc
7 verbose title npm run lint src/pages/ReportsPage.js src/pages/ReportDetails.js src/pages/SectionDetailsPage.js src/components/Carousel.js src/pages/HomePage.js
8 verbose argv "run" "lint" "--fix" "src/pages/ReportsPage.js" "src/pages/ReportDetails.js" "src/pages/SectionDetailsPage.js" "src/components/Carousel.js" "src/pages/HomePage.js"
9 verbose logfile logs-max:10 dir:C:\Users\Elite\Desktop\justice_org\backend\frontend\.npm-cache\_logs\2025-08-21T20_32_12_511Z-
10 verbose logfile C:\Users\Elite\Desktop\justice_org\backend\frontend\.npm-cache\_logs\2025-08-21T20_32_12_511Z-debug-0.log
11 silly logfile start cleaning logs, removing 1 files
12 silly logfile done cleaning log files
13 verbose stack Error: Missing script: "lint"
13 verbose stack
13 verbose stack Did you mean this?
13 verbose stack   npm link # Symlink a package folder
13 verbose stack
13 verbose stack To see a list of scripts, run:
13 verbose stack   npm run
13 verbose stack     at #run (C:\Program Files\nodejs\node_modules\npm\lib\commands\run-script.js:111:13)
13 verbose stack     at async RunScript.exec (C:\Program Files\nodejs\node_modules\npm\lib\commands\run-script.js:40:7)
13 verbose stack     at async Npm.exec (C:\Program Files\nodejs\node_modules\npm\lib\npm.js:207:9)
13 verbose stack     at async module.exports (C:\Program Files\nodejs\node_modules\npm\lib\cli\entry.js:74:5)
14 error Missing script: "lint"
14 error
14 error Did you mean this?
14 error   npm link # Symlink a package folder
14 error
14 error To see a list of scripts, run:
14 error   npm run
15 verbose cwd C:\Users\Elite\Desktop\justice_org\backend\frontend
16 verbose os Windows_NT 10.0.19045
17 verbose node v22.17.0
18 verbose npm  v10.9.2
19 verbose exit 1
20 verbose code 1
21 error A complete log of this run can be found in: C:\Users\Elite\Desktop\justice_org\backend\frontend\.npm-cache\_logs\2025-08-21T20_32_12_511Z-debug-0.log
