0 verbose cli C:\Program Files\nodejs\node.exe C:\Program Files\nodejs\node_modules\npm\bin\npm-cli.js
1 info using npm@10.9.2
2 info using node@v22.17.0
3 silly config load:file:C:\Program Files\nodejs\node_modules\npm\npmrc
4 silly config load:file:C:\Users\Elite\Desktop\justice_org\backend\frontend\.npmrc
5 silly config load:file:C:\Users\Elite\.npmrc
6 silly config load:file:C:\Users\Elite\AppData\Roaming\npm\etc\npmrc
7 verbose title npm install
8 verbose argv "install"
9 verbose logfile logs-max:10 dir:C:\Users\Elite\Desktop\justice_org\backend\frontend\.npm-cache\_logs\2025-08-13T09_46_05_130Z-
10 verbose logfile C:\Users\Elite\Desktop\justice_org\backend\frontend\.npm-cache\_logs\2025-08-13T09_46_05_130Z-debug-0.log
11 silly logfile done cleaning log files
12 silly packumentCache heap:4345298944 maxSize:1086324736 maxEntrySize:543162368
13 silly idealTree buildDeps
14 silly fetch manifest ajv@>=8
15 silly packumentCache full:https://registry.npmjs.org/ajv cache-miss
16 http fetch GET 200 https://registry.npmjs.org/ajv 1416ms (cache revalidated)
17 silly packumentCache full:https://registry.npmjs.org/ajv set size:1126055 disposed:false
18 warn ERESOLVE overriding peer dependency {
18 warn ERESOLVE   code: 'ERESOLVE',
18 warn ERESOLVE   edge: {
18 warn ERESOLVE     type: 'peer',
18 warn ERESOLVE     name: 'ajv',
18 warn ERESOLVE     spec: '>=8',
18 warn ERESOLVE     error: 'INVALID',
18 warn ERESOLVE     from: {
18 warn ERESOLVE       name: '@apideck/better-ajv-errors',
18 warn ERESOLVE       version: '0.3.6',
18 warn ERESOLVE       location: 'node_modules/@apideck/better-ajv-errors',
18 warn ERESOLVE       isWorkspace: false,
18 warn ERESOLVE       dependents: [Array]
18 warn ERESOLVE     }
18 warn ERESOLVE   },
18 warn ERESOLVE   dep: {
18 warn ERESOLVE     name: 'ajv',
18 warn ERESOLVE     version: '8.17.1',
18 warn ERESOLVE     whileInstalling: {
18 warn ERESOLVE       name: '@apideck/better-ajv-errors',
18 warn ERESOLVE       version: '0.3.6',
18 warn ERESOLVE       path: 'C:\\Users\\Elite\\Desktop\\justice_org\\backend\\frontend\\node_modules\\@apideck\\better-ajv-errors'
18 warn ERESOLVE     },
18 warn ERESOLVE     location: 'node_modules/ajv',
18 warn ERESOLVE     isWorkspace: false,
18 warn ERESOLVE     dependents: [ [Object] ]
18 warn ERESOLVE   },
18 warn ERESOLVE   force: false,
18 warn ERESOLVE   isMine: false,
18 warn ERESOLVE   strictPeerDeps: false,
18 warn ERESOLVE   current: {
18 warn ERESOLVE     name: 'ajv',
18 warn ERESOLVE     version: '6.12.6',
18 warn ERESOLVE     location: 'node_modules/ajv',
18 warn ERESOLVE     isWorkspace: false,
18 warn ERESOLVE     dependents: [
18 warn ERESOLVE       [Object], [Object],
18 warn ERESOLVE       [Object], [Object],
18 warn ERESOLVE       [Object], [Object],
18 warn ERESOLVE       [Object]
18 warn ERESOLVE     ]
18 warn ERESOLVE   },
18 warn ERESOLVE   peerConflict: {
18 warn ERESOLVE     current: {
18 warn ERESOLVE       name: 'ajv',
18 warn ERESOLVE       version: '6.12.6',
18 warn ERESOLVE       location: 'node_modules/ajv',
18 warn ERESOLVE       isWorkspace: false,
18 warn ERESOLVE       dependents: [Array]
18 warn ERESOLVE     },
18 warn ERESOLVE     peer: {
18 warn ERESOLVE       name: 'ajv',
18 warn ERESOLVE       version: '8.17.1',
18 warn ERESOLVE       whileInstalling: [Object],
18 warn ERESOLVE       location: 'node_modules/ajv',
18 warn ERESOLVE       isWorkspace: false,
18 warn ERESOLVE       dependents: [Array]
18 warn ERESOLVE     }
18 warn ERESOLVE   }
18 warn ERESOLVE }
19 silly fetch manifest ckeditor5@>=42.0.0 || ^0.0.0-nightly
20 silly packumentCache full:https://registry.npmjs.org/ckeditor5 cache-miss
21 http fetch GET 200 https://registry.npmjs.org/ckeditor5 451ms (cache revalidated)
22 silly packumentCache full:https://registry.npmjs.org/ckeditor5 set size:4919480 disposed:false
23 silly placeDep ROOT ckeditor5@46.0.1 REPLACE for: @ckeditor/ckeditor5-integrations-common@2.2.3 want: >=42.0.0 || ^0.0.0-nightly
24 silly fetch manifest @ckeditor/ckeditor5-ui@46.0.1
25 silly packumentCache full:https://registry.npmjs.org/@ckeditor%2fckeditor5-ui cache-miss
26 silly fetch manifest @ckeditor/ckeditor5-core@46.0.1
27 silly packumentCache full:https://registry.npmjs.org/@ckeditor%2fckeditor5-core cache-miss
28 silly fetch manifest @ckeditor/ckeditor5-font@46.0.1
29 silly packumentCache full:https://registry.npmjs.org/@ckeditor%2fckeditor5-font cache-miss
30 silly fetch manifest @ckeditor/ckeditor5-link@46.0.1
31 silly packumentCache full:https://registry.npmjs.org/@ckeditor%2fckeditor5-link cache-miss
32 silly fetch manifest @ckeditor/ckeditor5-list@46.0.1
33 silly packumentCache full:https://registry.npmjs.org/@ckeditor%2fckeditor5-list cache-miss
34 silly fetch manifest @ckeditor/ckeditor5-undo@46.0.1
35 silly packumentCache full:https://registry.npmjs.org/@ckeditor%2fckeditor5-undo cache-miss
36 silly fetch manifest @ckeditor/ckeditor5-ckbox@46.0.1
37 silly packumentCache full:https://registry.npmjs.org/@ckeditor%2fckeditor5-ckbox cache-miss
38 http fetch GET 200 https://registry.npmjs.org/@ckeditor%2fckeditor5-core 986ms (cache revalidated)
39 silly packumentCache full:https://registry.npmjs.org/@ckeditor%2fckeditor5-core set size:2523666 disposed:false
40 silly fetch manifest @ckeditor/ckeditor5-emoji@46.0.1
41 silly packumentCache full:https://registry.npmjs.org/@ckeditor%2fckeditor5-emoji cache-miss
42 http fetch GET 200 https://registry.npmjs.org/@ckeditor%2fckeditor5-ui 1390ms (cache revalidated)
43 silly packumentCache full:https://registry.npmjs.org/@ckeditor%2fckeditor5-ui set size:2451660 disposed:false
44 silly fetch manifest @ckeditor/ckeditor5-enter@46.0.1
45 silly packumentCache full:https://registry.npmjs.org/@ckeditor%2fckeditor5-enter cache-miss
46 http fetch GET 200 https://registry.npmjs.org/@ckeditor%2fckeditor5-list 1420ms (cache revalidated)
47 silly packumentCache full:https://registry.npmjs.org/@ckeditor%2fckeditor5-list set size:2493784 disposed:false
48 silly fetch manifest @ckeditor/ckeditor5-icons@46.0.1
49 silly packumentCache full:https://registry.npmjs.org/@ckeditor%2fckeditor5-icons cache-miss
50 http fetch GET 200 https://registry.npmjs.org/@ckeditor%2fckeditor5-undo 1450ms (cache revalidated)
51 silly packumentCache full:https://registry.npmjs.org/@ckeditor%2fckeditor5-undo set size:2320061 disposed:false
52 silly fetch manifest @ckeditor/ckeditor5-image@46.0.1
53 silly packumentCache full:https://registry.npmjs.org/@ckeditor%2fckeditor5-image cache-miss
54 http fetch GET 200 https://registry.npmjs.org/@ckeditor%2fckeditor5-font 1499ms (cache revalidated)
55 silly packumentCache full:https://registry.npmjs.org/@ckeditor%2fckeditor5-font set size:2295731 disposed:false
56 silly fetch manifest @ckeditor/ckeditor5-style@46.0.1
57 silly packumentCache full:https://registry.npmjs.org/@ckeditor%2fckeditor5-style cache-miss
58 http fetch GET 200 https://registry.npmjs.org/@ckeditor%2fckeditor5-link 2001ms (cache revalidated)
59 silly packumentCache full:https://registry.npmjs.org/@ckeditor%2fckeditor5-link set size:2500728 disposed:false
60 silly fetch manifest @ckeditor/ckeditor5-table@46.0.1
61 silly packumentCache full:https://registry.npmjs.org/@ckeditor%2fckeditor5-table cache-miss
62 http fetch GET 200 https://registry.npmjs.org/@ckeditor%2fckeditor5-emoji 1009ms (cache revalidated)
63 silly packumentCache full:https://registry.npmjs.org/@ckeditor%2fckeditor5-emoji set size:820823 disposed:false
64 silly fetch manifest @ckeditor/ckeditor5-utils@46.0.1
65 silly packumentCache full:https://registry.npmjs.org/@ckeditor%2fckeditor5-utils cache-miss
66 http fetch GET 200 https://registry.npmjs.org/@ckeditor%2fckeditor5-ckbox 2342ms (cache revalidated)
67 silly packumentCache full:https://registry.npmjs.org/@ckeditor%2fckeditor5-ckbox set size:2299858 disposed:false
68 silly fetch manifest @ckeditor/ckeditor5-engine@46.0.1
69 silly packumentCache full:https://registry.npmjs.org/@ckeditor%2fckeditor5-engine cache-miss
70 http fetch GET 200 https://registry.npmjs.org/@ckeditor%2fckeditor5-icons 932ms (cache revalidated)
71 silly packumentCache full:https://registry.npmjs.org/@ckeditor%2fckeditor5-icons set size:505807 disposed:false
72 silly fetch manifest @ckeditor/ckeditor5-indent@46.0.1
73 silly packumentCache full:https://registry.npmjs.org/@ckeditor%2fckeditor5-indent cache-miss
74 http fetch GET 200 https://registry.npmjs.org/@ckeditor%2fckeditor5-enter 984ms (cache revalidated)
75 silly packumentCache full:https://registry.npmjs.org/@ckeditor%2fckeditor5-enter set size:2278551 disposed:false
76 silly fetch manifest @ckeditor/ckeditor5-typing@46.0.1
77 silly packumentCache full:https://registry.npmjs.org/@ckeditor%2fckeditor5-typing cache-miss
78 http fetch GET 200 https://registry.npmjs.org/@ckeditor%2fckeditor5-image 966ms (cache revalidated)
79 silly packumentCache full:https://registry.npmjs.org/@ckeditor%2fckeditor5-image set size:2570012 disposed:false
80 silly fetch manifest @ckeditor/ckeditor5-upload@46.0.1
81 silly packumentCache full:https://registry.npmjs.org/@ckeditor%2fckeditor5-upload cache-miss
82 http fetch GET 200 https://registry.npmjs.org/@ckeditor%2fckeditor5-utils 1049ms (cache revalidated)
83 silly packumentCache full:https://registry.npmjs.org/@ckeditor%2fckeditor5-utils set size:2135917 disposed:false
84 silly fetch manifest @ckeditor/ckeditor5-widget@46.0.1
85 silly packumentCache full:https://registry.npmjs.org/@ckeditor%2fckeditor5-widget cache-miss
86 http fetch GET 200 https://registry.npmjs.org/@ckeditor%2fckeditor5-style 1612ms (cache revalidated)
87 silly packumentCache full:https://registry.npmjs.org/@ckeditor%2fckeditor5-style set size:2282087 disposed:false
88 silly fetch manifest @ckeditor/ckeditor5-heading@46.0.1
89 silly packumentCache full:https://registry.npmjs.org/@ckeditor%2fckeditor5-heading cache-miss
90 http fetch GET 200 https://registry.npmjs.org/@ckeditor%2fckeditor5-engine 1006ms (cache revalidated)
91 silly packumentCache full:https://registry.npmjs.org/@ckeditor%2fckeditor5-engine set size:2430381 disposed:false
92 silly fetch manifest @ckeditor/ckeditor5-mention@46.0.1
93 silly packumentCache full:https://registry.npmjs.org/@ckeditor%2fckeditor5-mention cache-miss
94 http fetch GET 200 https://registry.npmjs.org/@ckeditor%2fckeditor5-typing 1025ms (cache revalidated)
95 silly packumentCache full:https://registry.npmjs.org/@ckeditor%2fckeditor5-typing set size:2336901 disposed:false
96 silly fetch manifest @ckeditor/ckeditor5-minimap@46.0.1
97 silly packumentCache full:https://registry.npmjs.org/@ckeditor%2fckeditor5-minimap cache-miss
98 http fetch GET 200 https://registry.npmjs.org/@ckeditor%2fckeditor5-table 1481ms (cache revalidated)
99 silly packumentCache full:https://registry.npmjs.org/@ckeditor%2fckeditor5-table set size:2420014 disposed:false
100 silly fetch manifest @ckeditor/ckeditor5-autosave@46.0.1
101 silly packumentCache full:https://registry.npmjs.org/@ckeditor%2fckeditor5-autosave cache-miss
102 http fetch GET 200 https://registry.npmjs.org/@ckeditor%2fckeditor5-indent 1304ms (cache revalidated)
103 silly packumentCache full:https://registry.npmjs.org/@ckeditor%2fckeditor5-indent set size:2317440 disposed:false
104 silly fetch manifest @ckeditor/ckeditor5-bookmark@46.0.1
105 silly packumentCache full:https://registry.npmjs.org/@ckeditor%2fckeditor5-bookmark cache-miss
106 http fetch GET 200 https://registry.npmjs.org/@ckeditor%2fckeditor5-upload 1440ms (cache revalidated)
107 silly packumentCache full:https://registry.npmjs.org/@ckeditor%2fckeditor5-upload set size:2216920 disposed:false
108 silly fetch manifest @ckeditor/ckeditor5-ckfinder@46.0.1
109 silly packumentCache full:https://registry.npmjs.org/@ckeditor%2fckeditor5-ckfinder cache-miss
110 http fetch GET 200 https://registry.npmjs.org/@ckeditor%2fckeditor5-widget 1034ms (cache revalidated)
111 silly packumentCache full:https://registry.npmjs.org/@ckeditor%2fckeditor5-widget set size:2486265 disposed:false
112 silly fetch manifest @ckeditor/ckeditor5-language@46.0.1
113 silly packumentCache full:https://registry.npmjs.org/@ckeditor%2fckeditor5-language cache-miss
114 http fetch GET 200 https://registry.npmjs.org/@ckeditor%2fckeditor5-heading 1106ms (cache revalidated)
115 silly packumentCache full:https://registry.npmjs.org/@ckeditor%2fckeditor5-heading set size:2386889 disposed:false
116 silly fetch manifest @ckeditor/ckeditor5-watchdog@46.0.1
117 silly packumentCache full:https://registry.npmjs.org/@ckeditor%2fckeditor5-watchdog cache-miss
118 http fetch GET 200 https://registry.npmjs.org/@ckeditor%2fckeditor5-minimap 1244ms (cache revalidated)
119 silly packumentCache full:https://registry.npmjs.org/@ckeditor%2fckeditor5-minimap set size:2219081 disposed:false
120 silly fetch manifest @ckeditor/ckeditor5-alignment@46.0.1
121 silly packumentCache full:https://registry.npmjs.org/@ckeditor%2fckeditor5-alignment cache-miss
122 http fetch GET 200 https://registry.npmjs.org/@ckeditor%2fckeditor5-autosave 1326ms (cache revalidated)
123 silly packumentCache full:https://registry.npmjs.org/@ckeditor%2fckeditor5-autosave set size:2249536 disposed:false
124 silly fetch manifest @ckeditor/ckeditor5-clipboard@46.0.1
125 silly packumentCache full:https://registry.npmjs.org/@ckeditor%2fckeditor5-clipboard cache-miss
126 http fetch GET 200 https://registry.npmjs.org/@ckeditor%2fckeditor5-bookmark 1337ms (cache revalidated)
127 silly packumentCache full:https://registry.npmjs.org/@ckeditor%2fckeditor5-bookmark set size:1071445 disposed:false
128 silly fetch manifest @ckeditor/ckeditor5-highlight@46.0.1
129 silly packumentCache full:https://registry.npmjs.org/@ckeditor%2fckeditor5-highlight cache-miss
130 http fetch GET 200 https://registry.npmjs.org/@ckeditor%2fckeditor5-mention 1781ms (cache revalidated)
131 silly packumentCache full:https://registry.npmjs.org/@ckeditor%2fckeditor5-mention set size:2317728 disposed:false
132 silly fetch manifest @ckeditor/ckeditor5-paragraph@46.0.1
133 silly packumentCache full:https://registry.npmjs.org/@ckeditor%2fckeditor5-paragraph cache-miss
134 http fetch GET 200 https://registry.npmjs.org/@ckeditor%2fckeditor5-ckfinder 1386ms (cache revalidated)
135 silly packumentCache full:https://registry.npmjs.org/@ckeditor%2fckeditor5-ckfinder set size:2298167 disposed:false
136 silly fetch manifest @ckeditor/ckeditor5-autoformat@46.0.1
137 silly packumentCache full:https://registry.npmjs.org/@ckeditor%2fckeditor5-autoformat cache-miss
138 http fetch GET 200 https://registry.npmjs.org/@ckeditor%2fckeditor5-language 1219ms (cache revalidated)
139 silly packumentCache full:https://registry.npmjs.org/@ckeditor%2fckeditor5-language set size:2199474 disposed:false
140 silly fetch manifest @ckeditor/ckeditor5-code-block@46.0.1
141 silly packumentCache full:https://registry.npmjs.org/@ckeditor%2fckeditor5-code-block cache-miss
142 http fetch GET 200 https://registry.npmjs.org/@ckeditor%2fckeditor5-watchdog 1147ms (cache revalidated)
143 silly packumentCache full:https://registry.npmjs.org/@ckeditor%2fckeditor5-watchdog set size:2223807 disposed:false
144 silly fetch manifest @ckeditor/ckeditor5-easy-image@46.0.1
145 silly packumentCache full:https://registry.npmjs.org/@ckeditor%2fckeditor5-easy-image cache-miss
146 http fetch GET 200 https://registry.npmjs.org/@ckeditor%2fckeditor5-alignment 963ms (cache revalidated)
147 silly packumentCache full:https://registry.npmjs.org/@ckeditor%2fckeditor5-alignment set size:2311386 disposed:false
148 silly fetch manifest @ckeditor/ckeditor5-essentials@46.0.1
149 silly packumentCache full:https://registry.npmjs.org/@ckeditor%2fckeditor5-essentials cache-miss
150 http fetch GET 200 https://registry.npmjs.org/@ckeditor%2fckeditor5-clipboard 1029ms (cache revalidated)
151 silly packumentCache full:https://registry.npmjs.org/@ckeditor%2fckeditor5-clipboard set size:2487261 disposed:false
152 silly fetch manifest @ckeditor/ckeditor5-fullscreen@46.0.1
153 silly packumentCache full:https://registry.npmjs.org/@ckeditor%2fckeditor5-fullscreen cache-miss
154 http fetch GET 200 https://registry.npmjs.org/@ckeditor%2fckeditor5-highlight 1082ms (cache revalidated)
155 silly packumentCache full:https://registry.npmjs.org/@ckeditor%2fckeditor5-highlight set size:2302470 disposed:false
156 silly fetch manifest @ckeditor/ckeditor5-html-embed@46.0.1
157 silly packumentCache full:https://registry.npmjs.org/@ckeditor%2fckeditor5-html-embed cache-miss
158 http fetch GET 200 https://registry.npmjs.org/@ckeditor%2fckeditor5-paragraph 1102ms (cache revalidated)
159 silly packumentCache full:https://registry.npmjs.org/@ckeditor%2fckeditor5-paragraph set size:2349663 disposed:false
160 silly fetch manifest @ckeditor/ckeditor5-page-break@46.0.1
161 silly packumentCache full:https://registry.npmjs.org/@ckeditor%2fckeditor5-page-break cache-miss
162 http fetch GET 200 https://registry.npmjs.org/@ckeditor%2fckeditor5-autoformat 1140ms (cache revalidated)
163 silly packumentCache full:https://registry.npmjs.org/@ckeditor%2fckeditor5-autoformat set size:2378029 disposed:false
164 silly fetch manifest @ckeditor/ckeditor5-select-all@46.0.1
165 silly packumentCache full:https://registry.npmjs.org/@ckeditor%2fckeditor5-select-all cache-miss
166 http fetch GET 200 https://registry.npmjs.org/@ckeditor%2fckeditor5-code-block 1100ms (cache revalidated)
167 silly packumentCache full:https://registry.npmjs.org/@ckeditor%2fckeditor5-code-block set size:2384358 disposed:false
168 silly fetch manifest @ckeditor/ckeditor5-theme-lark@46.0.1
169 silly packumentCache full:https://registry.npmjs.org/@ckeditor%2fckeditor5-theme-lark cache-miss
170 http fetch GET 200 https://registry.npmjs.org/@ckeditor%2fckeditor5-easy-image 1137ms (cache revalidated)
171 silly packumentCache full:https://registry.npmjs.org/@ckeditor%2fckeditor5-easy-image set size:2310074 disposed:false
172 silly fetch manifest @ckeditor/ckeditor5-word-count@46.0.1
173 silly packumentCache full:https://registry.npmjs.org/@ckeditor%2fckeditor5-word-count cache-miss
174 http fetch GET 200 https://registry.npmjs.org/@ckeditor%2fckeditor5-essentials 1318ms (cache revalidated)
175 silly packumentCache full:https://registry.npmjs.org/@ckeditor%2fckeditor5-essentials set size:2422846 disposed:false
176 silly fetch manifest @ckeditor/ckeditor5-block-quote@46.0.1
177 silly packumentCache full:https://registry.npmjs.org/@ckeditor%2fckeditor5-block-quote cache-miss
178 http fetch GET 200 https://registry.npmjs.org/@ckeditor%2fckeditor5-fullscreen 1325ms (cache revalidated)
179 silly packumentCache full:https://registry.npmjs.org/@ckeditor%2fckeditor5-fullscreen set size:544173 disposed:false
180 silly fetch manifest @ckeditor/ckeditor5-media-embed@46.0.1
181 silly packumentCache full:https://registry.npmjs.org/@ckeditor%2fckeditor5-media-embed cache-miss
182 http fetch GET 200 https://registry.npmjs.org/@ckeditor%2fckeditor5-page-break 1037ms (cache revalidated)
183 silly packumentCache full:https://registry.npmjs.org/@ckeditor%2fckeditor5-page-break set size:2284823 disposed:false
184 silly fetch manifest @ckeditor/ckeditor5-show-blocks@46.0.1
185 silly packumentCache full:https://registry.npmjs.org/@ckeditor%2fckeditor5-show-blocks cache-miss
186 http fetch GET 200 https://registry.npmjs.org/@ckeditor%2fckeditor5-select-all 1044ms (cache revalidated)
187 silly packumentCache full:https://registry.npmjs.org/@ckeditor%2fckeditor5-select-all set size:2297561 disposed:false
188 silly fetch manifest @ckeditor/ckeditor5-basic-styles@46.0.1
189 silly packumentCache full:https://registry.npmjs.org/@ckeditor%2fckeditor5-basic-styles cache-miss
190 http fetch GET 200 https://registry.npmjs.org/@ckeditor%2fckeditor5-word-count 1027ms (cache revalidated)
191 silly packumentCache full:https://registry.npmjs.org/@ckeditor%2fckeditor5-word-count set size:2300699 disposed:false
192 silly fetch manifest @ckeditor/ckeditor5-html-support@46.0.1
193 silly packumentCache full:https://registry.npmjs.org/@ckeditor%2fckeditor5-html-support cache-miss
194 http fetch GET 200 https://registry.npmjs.org/@ckeditor%2fckeditor5-html-embed 1690ms (cache revalidated)
195 silly packumentCache full:https://registry.npmjs.org/@ckeditor%2fckeditor5-html-embed set size:2271162 disposed:false
196 silly fetch manifest @ckeditor/ckeditor5-markdown-gfm@46.0.1
197 silly packumentCache full:https://registry.npmjs.org/@ckeditor%2fckeditor5-markdown-gfm cache-miss
198 http fetch GET 200 https://registry.npmjs.org/@ckeditor%2fckeditor5-theme-lark 1454ms (cache revalidated)
199 silly packumentCache full:https://registry.npmjs.org/@ckeditor%2fckeditor5-theme-lark set size:2043561 disposed:false
200 silly fetch manifest @ckeditor/ckeditor5-editor-inline@46.0.1
201 silly packumentCache full:https://registry.npmjs.org/@ckeditor%2fckeditor5-editor-inline cache-miss
202 http fetch GET 200 https://registry.npmjs.org/@ckeditor%2fckeditor5-media-embed 948ms (cache revalidated)
203 silly packumentCache full:https://registry.npmjs.org/@ckeditor%2fckeditor5-media-embed set size:2504442 disposed:false
204 silly fetch manifest @ckeditor/ckeditor5-remove-format@46.0.1
205 silly packumentCache full:https://registry.npmjs.org/@ckeditor%2fckeditor5-remove-format cache-miss
206 http fetch GET 200 https://registry.npmjs.org/@ckeditor%2fckeditor5-show-blocks 994ms (cache revalidated)
207 silly packumentCache full:https://registry.npmjs.org/@ckeditor%2fckeditor5-show-blocks set size:2142348 disposed:false
208 silly fetch manifest @ckeditor/ckeditor5-cloud-services@46.0.1
209 silly packumentCache full:https://registry.npmjs.org/@ckeditor%2fckeditor5-cloud-services cache-miss
210 http fetch GET 200 https://registry.npmjs.org/@ckeditor%2fckeditor5-block-quote 1542ms (cache revalidated)
211 silly packumentCache full:https://registry.npmjs.org/@ckeditor%2fckeditor5-block-quote set size:2404486 disposed:false
212 silly fetch manifest @ckeditor/ckeditor5-editor-balloon@46.0.1
213 silly packumentCache full:https://registry.npmjs.org/@ckeditor%2fckeditor5-editor-balloon cache-miss
214 http fetch GET 200 https://registry.npmjs.org/@ckeditor%2fckeditor5-basic-styles 1083ms (cache revalidated)
215 silly packumentCache full:https://registry.npmjs.org/@ckeditor%2fckeditor5-basic-styles set size:2360790 disposed:false
216 silly fetch manifest @ckeditor/ckeditor5-editor-classic@46.0.1
217 silly packumentCache full:https://registry.npmjs.org/@ckeditor%2fckeditor5-editor-classic cache-miss
218 http fetch GET 200 https://registry.npmjs.org/@ckeditor%2fckeditor5-html-support 1221ms (cache revalidated)
219 silly packumentCache full:https://registry.npmjs.org/@ckeditor%2fckeditor5-html-support set size:2500953 disposed:false
220 silly fetch manifest @ckeditor/ckeditor5-source-editing@46.0.1
221 silly packumentCache full:https://registry.npmjs.org/@ckeditor%2fckeditor5-source-editing cache-miss
222 http fetch GET 200 https://registry.npmjs.org/@ckeditor%2fckeditor5-editor-inline 1284ms (cache revalidated)
223 silly packumentCache full:https://registry.npmjs.org/@ckeditor%2fckeditor5-editor-inline set size:2357544 disposed:false
224 silly fetch manifest @ckeditor/ckeditor5-horizontal-line@46.0.1
225 silly packumentCache full:https://registry.npmjs.org/@ckeditor%2fckeditor5-horizontal-line cache-miss
226 http fetch GET 200 https://registry.npmjs.org/@ckeditor%2fckeditor5-remove-format 1363ms (cache revalidated)
227 silly packumentCache full:https://registry.npmjs.org/@ckeditor%2fckeditor5-remove-format set size:2319301 disposed:false
228 silly fetch manifest @ckeditor/ckeditor5-adapter-ckfinder@46.0.1
229 silly packumentCache full:https://registry.npmjs.org/@ckeditor%2fckeditor5-adapter-ckfinder cache-miss
230 http fetch GET 200 https://registry.npmjs.org/@ckeditor%2fckeditor5-cloud-services 1364ms (cache revalidated)
231 silly packumentCache full:https://registry.npmjs.org/@ckeditor%2fckeditor5-cloud-services set size:2255058 disposed:false
232 silly fetch manifest @ckeditor/ckeditor5-editor-decoupled@46.0.1
233 silly packumentCache full:https://registry.npmjs.org/@ckeditor%2fckeditor5-editor-decoupled cache-miss
234 http fetch GET 200 https://registry.npmjs.org/@ckeditor%2fckeditor5-editor-balloon 1376ms (cache revalidated)
235 silly packumentCache full:https://registry.npmjs.org/@ckeditor%2fckeditor5-editor-balloon set size:2352101 disposed:false
236 silly fetch manifest @ckeditor/ckeditor5-find-and-replace@46.0.1
237 silly packumentCache full:https://registry.npmjs.org/@ckeditor%2fckeditor5-find-and-replace cache-miss
238 http fetch GET 200 https://registry.npmjs.org/@ckeditor%2fckeditor5-editor-classic 1375ms (cache revalidated)
239 silly packumentCache full:https://registry.npmjs.org/@ckeditor%2fckeditor5-editor-classic set size:2370274 disposed:false
240 silly fetch manifest @ckeditor/ckeditor5-editor-multi-root@46.0.1
241 silly packumentCache full:https://registry.npmjs.org/@ckeditor%2fckeditor5-editor-multi-root cache-miss
242 http fetch GET 200 https://registry.npmjs.org/@ckeditor%2fckeditor5-markdown-gfm 2167ms (cache revalidated)
243 silly packumentCache full:https://registry.npmjs.org/@ckeditor%2fckeditor5-markdown-gfm set size:2465608 disposed:false
244 silly fetch manifest @ckeditor/ckeditor5-paste-from-office@46.0.1
245 silly packumentCache full:https://registry.npmjs.org/@ckeditor%2fckeditor5-paste-from-office cache-miss
246 http fetch GET 200 https://registry.npmjs.org/@ckeditor%2fckeditor5-horizontal-line 1328ms (cache revalidated)
247 silly packumentCache full:https://registry.npmjs.org/@ckeditor%2fckeditor5-horizontal-line set size:2323951 disposed:false
248 silly fetch manifest @ckeditor/ckeditor5-restricted-editing@46.0.1
249 silly packumentCache full:https://registry.npmjs.org/@ckeditor%2fckeditor5-restricted-editing cache-miss
250 http fetch GET 200 https://registry.npmjs.org/@ckeditor%2fckeditor5-adapter-ckfinder 1205ms (cache revalidated)
251 silly packumentCache full:https://registry.npmjs.org/@ckeditor%2fckeditor5-adapter-ckfinder set size:2311518 disposed:false
252 silly fetch manifest @ckeditor/ckeditor5-special-characters@46.0.1
253 silly packumentCache full:https://registry.npmjs.org/@ckeditor%2fckeditor5-special-characters cache-miss
254 http fetch GET 200 https://registry.npmjs.org/@ckeditor%2fckeditor5-editor-decoupled 1320ms (cache revalidated)
255 silly packumentCache full:https://registry.npmjs.org/@ckeditor%2fckeditor5-editor-decoupled set size:2365968 disposed:false
256 http fetch GET 200 https://registry.npmjs.org/@ckeditor%2fckeditor5-source-editing 2270ms (cache revalidated)
257 silly packumentCache full:https://registry.npmjs.org/@ckeditor%2fckeditor5-source-editing set size:2322667 disposed:false
258 http fetch GET 200 https://registry.npmjs.org/@ckeditor%2fckeditor5-find-and-replace 1410ms (cache revalidated)
259 silly packumentCache full:https://registry.npmjs.org/@ckeditor%2fckeditor5-find-and-replace set size:2323525 disposed:false
260 http fetch GET 200 https://registry.npmjs.org/@ckeditor%2fckeditor5-editor-multi-root 1417ms (cache revalidated)
261 silly packumentCache full:https://registry.npmjs.org/@ckeditor%2fckeditor5-editor-multi-root set size:2202771 disposed:false
262 http fetch GET 200 https://registry.npmjs.org/@ckeditor%2fckeditor5-paste-from-office 1440ms (cache revalidated)
263 silly packumentCache full:https://registry.npmjs.org/@ckeditor%2fckeditor5-paste-from-office set size:2349135 disposed:false
264 http fetch GET 200 https://registry.npmjs.org/@ckeditor%2fckeditor5-restricted-editing 1249ms (cache revalidated)
265 silly packumentCache full:https://registry.npmjs.org/@ckeditor%2fckeditor5-restricted-editing set size:2357825 disposed:false
266 http fetch GET 200 https://registry.npmjs.org/@ckeditor%2fckeditor5-special-characters 1217ms (cache revalidated)
267 silly packumentCache full:https://registry.npmjs.org/@ckeditor%2fckeditor5-special-characters set size:2355284 disposed:false
268 silly fetch manifest ckeditor5@41.4.2
269 silly packumentCache full:https://registry.npmjs.org/ckeditor5 cache-miss
270 http cache https://registry.npmjs.org/ckeditor5 23ms (cache hit)
271 silly packumentCache full:https://registry.npmjs.org/ckeditor5 set size:4919480 disposed:false
272 silly placeDep node_modules/@ckeditor/ckeditor5-adapter-ckfinder ckeditor5@41.4.2 OK for: @ckeditor/ckeditor5-adapter-ckfinder@41.4.2 want: 41.4.2
273 silly fetch manifest @ckeditor/ckeditor5-font@41.4.2
274 silly packumentCache full:https://registry.npmjs.org/@ckeditor%2fckeditor5-font cache-miss
275 silly fetch manifest @ckeditor/ckeditor5-undo@41.4.2
276 silly packumentCache full:https://registry.npmjs.org/@ckeditor%2fckeditor5-undo cache-miss
277 silly fetch manifest @ckeditor/ckeditor5-enter@41.4.2
278 silly packumentCache full:https://registry.npmjs.org/@ckeditor%2fckeditor5-enter cache-miss
279 silly fetch manifest @ckeditor/ckeditor5-style@41.4.2
280 silly packumentCache full:https://registry.npmjs.org/@ckeditor%2fckeditor5-style cache-miss
281 silly fetch manifest @ckeditor/ckeditor5-upload@41.4.2
282 silly packumentCache full:https://registry.npmjs.org/@ckeditor%2fckeditor5-upload cache-miss
283 silly fetch manifest @ckeditor/ckeditor5-widget@41.4.2
284 silly packumentCache full:https://registry.npmjs.org/@ckeditor%2fckeditor5-widget cache-miss
285 silly fetch manifest @ckeditor/ckeditor5-mention@41.4.2
286 silly packumentCache full:https://registry.npmjs.org/@ckeditor%2fckeditor5-mention cache-miss
287 http cache https://registry.npmjs.org/@ckeditor%2fckeditor5-undo 25ms (cache hit)
288 silly packumentCache full:https://registry.npmjs.org/@ckeditor%2fckeditor5-undo set size:2320061 disposed:false
289 silly fetch manifest @ckeditor/ckeditor5-minimap@41.4.2
290 silly packumentCache full:https://registry.npmjs.org/@ckeditor%2fckeditor5-minimap cache-miss
291 http cache https://registry.npmjs.org/@ckeditor%2fckeditor5-enter 57ms (cache hit)
292 silly packumentCache full:https://registry.npmjs.org/@ckeditor%2fckeditor5-enter set size:2278551 disposed:false
293 silly fetch manifest @ckeditor/ckeditor5-autosave@41.4.2
294 silly packumentCache full:https://registry.npmjs.org/@ckeditor%2fckeditor5-autosave cache-miss
295 http cache https://registry.npmjs.org/@ckeditor%2fckeditor5-style 77ms (cache hit)
296 silly packumentCache full:https://registry.npmjs.org/@ckeditor%2fckeditor5-style set size:2282087 disposed:false
297 silly fetch manifest @ckeditor/ckeditor5-language@41.4.2
298 silly packumentCache full:https://registry.npmjs.org/@ckeditor%2fckeditor5-language cache-miss
299 http cache https://registry.npmjs.org/@ckeditor%2fckeditor5-font 100ms (cache hit)
300 silly packumentCache full:https://registry.npmjs.org/@ckeditor%2fckeditor5-font set size:2295731 disposed:false
301 silly fetch manifest @ckeditor/ckeditor5-watchdog@41.4.2
302 silly packumentCache full:https://registry.npmjs.org/@ckeditor%2fckeditor5-watchdog cache-miss
303 http cache https://registry.npmjs.org/@ckeditor%2fckeditor5-upload 112ms (cache hit)
304 silly packumentCache full:https://registry.npmjs.org/@ckeditor%2fckeditor5-upload set size:2216920 disposed:false
305 silly fetch manifest @ckeditor/ckeditor5-alignment@41.4.2
306 silly packumentCache full:https://registry.npmjs.org/@ckeditor%2fckeditor5-alignment cache-miss
307 http cache https://registry.npmjs.org/@ckeditor%2fckeditor5-mention 131ms (cache hit)
308 silly packumentCache full:https://registry.npmjs.org/@ckeditor%2fckeditor5-mention set size:2317728 disposed:false
309 silly fetch manifest @ckeditor/ckeditor5-clipboard@41.4.2
310 silly packumentCache full:https://registry.npmjs.org/@ckeditor%2fckeditor5-clipboard cache-miss
311 http cache https://registry.npmjs.org/@ckeditor%2fckeditor5-widget 153ms (cache hit)
312 silly packumentCache full:https://registry.npmjs.org/@ckeditor%2fckeditor5-widget set size:2486265 disposed:false
313 silly fetch manifest @ckeditor/ckeditor5-highlight@41.4.2
314 silly packumentCache full:https://registry.npmjs.org/@ckeditor%2fckeditor5-highlight cache-miss
315 http cache https://registry.npmjs.org/@ckeditor%2fckeditor5-minimap 152ms (cache hit)
316 silly packumentCache full:https://registry.npmjs.org/@ckeditor%2fckeditor5-minimap set size:2219081 disposed:false
317 silly fetch manifest @ckeditor/ckeditor5-code-block@41.4.2
318 silly packumentCache full:https://registry.npmjs.org/@ckeditor%2fckeditor5-code-block cache-miss
319 http cache https://registry.npmjs.org/@ckeditor%2fckeditor5-watchdog 108ms (cache hit)
320 silly packumentCache full:https://registry.npmjs.org/@ckeditor%2fckeditor5-watchdog set size:2223807 disposed:false
321 silly fetch manifest @ckeditor/ckeditor5-html-embed@41.4.2
322 silly packumentCache full:https://registry.npmjs.org/@ckeditor%2fckeditor5-html-embed cache-miss
323 http cache https://registry.npmjs.org/@ckeditor%2fckeditor5-language 146ms (cache hit)
324 silly packumentCache full:https://registry.npmjs.org/@ckeditor%2fckeditor5-language set size:2199474 disposed:false
325 silly fetch manifest @ckeditor/ckeditor5-page-break@41.4.2
326 silly packumentCache full:https://registry.npmjs.org/@ckeditor%2fckeditor5-page-break cache-miss
327 http cache https://registry.npmjs.org/@ckeditor%2fckeditor5-autosave 184ms (cache hit)
328 silly packumentCache full:https://registry.npmjs.org/@ckeditor%2fckeditor5-autosave set size:2249536 disposed:false
329 silly fetch manifest @ckeditor/ckeditor5-select-all@41.4.2
330 silly packumentCache full:https://registry.npmjs.org/@ckeditor%2fckeditor5-select-all cache-miss
331 http cache https://registry.npmjs.org/@ckeditor%2fckeditor5-alignment 157ms (cache hit)
332 silly packumentCache full:https://registry.npmjs.org/@ckeditor%2fckeditor5-alignment set size:2311386 disposed:false
333 silly fetch manifest @ckeditor/ckeditor5-theme-lark@41.4.2
334 silly packumentCache full:https://registry.npmjs.org/@ckeditor%2fckeditor5-theme-lark cache-miss
335 http cache https://registry.npmjs.org/@ckeditor%2fckeditor5-clipboard 161ms (cache hit)
336 silly packumentCache full:https://registry.npmjs.org/@ckeditor%2fckeditor5-clipboard set size:2487261 disposed:false
337 silly fetch manifest @ckeditor/ckeditor5-word-count@41.4.2
338 silly packumentCache full:https://registry.npmjs.org/@ckeditor%2fckeditor5-word-count cache-miss
339 http cache https://registry.npmjs.org/@ckeditor%2fckeditor5-highlight 143ms (cache hit)
340 silly packumentCache full:https://registry.npmjs.org/@ckeditor%2fckeditor5-highlight set size:2302470 disposed:false
341 silly fetch manifest @ckeditor/ckeditor5-show-blocks@41.4.2
342 silly packumentCache full:https://registry.npmjs.org/@ckeditor%2fckeditor5-show-blocks cache-miss
343 http cache https://registry.npmjs.org/@ckeditor%2fckeditor5-code-block 145ms (cache hit)
344 silly packumentCache full:https://registry.npmjs.org/@ckeditor%2fckeditor5-code-block set size:2384358 disposed:false
345 silly fetch manifest @ckeditor/ckeditor5-build-inline@41.4.2
346 silly packumentCache full:https://registry.npmjs.org/@ckeditor%2fckeditor5-build-inline cache-miss
347 http cache https://registry.npmjs.org/@ckeditor%2fckeditor5-page-break 131ms (cache hit)
348 silly packumentCache full:https://registry.npmjs.org/@ckeditor%2fckeditor5-page-break set size:2284823 disposed:false
349 silly fetch manifest @ckeditor/ckeditor5-html-support@41.4.2
350 silly packumentCache full:https://registry.npmjs.org/@ckeditor%2fckeditor5-html-support cache-miss
351 http cache https://registry.npmjs.org/@ckeditor%2fckeditor5-html-embed 179ms (cache hit)
352 silly packumentCache full:https://registry.npmjs.org/@ckeditor%2fckeditor5-html-embed set size:2271162 disposed:false
353 silly fetch manifest @ckeditor/ckeditor5-markdown-gfm@41.4.2
354 silly packumentCache full:https://registry.npmjs.org/@ckeditor%2fckeditor5-markdown-gfm cache-miss
355 http cache https://registry.npmjs.org/@ckeditor%2fckeditor5-select-all 154ms (cache hit)
356 silly packumentCache full:https://registry.npmjs.org/@ckeditor%2fckeditor5-select-all set size:2297561 disposed:false
357 silly fetch manifest @ckeditor/ckeditor5-build-balloon@41.4.2
358 silly packumentCache full:https://registry.npmjs.org/@ckeditor%2fckeditor5-build-balloon cache-miss
359 http cache https://registry.npmjs.org/@ckeditor%2fckeditor5-theme-lark 149ms (cache hit)
360 silly packumentCache full:https://registry.npmjs.org/@ckeditor%2fckeditor5-theme-lark set size:2043561 disposed:false
361 silly fetch manifest @ckeditor/ckeditor5-editor-inline@41.4.2
362 silly packumentCache full:https://registry.npmjs.org/@ckeditor%2fckeditor5-editor-inline cache-miss
363 http cache https://registry.npmjs.org/@ckeditor%2fckeditor5-word-count 150ms (cache hit)
364 silly packumentCache full:https://registry.npmjs.org/@ckeditor%2fckeditor5-word-count set size:2300699 disposed:false
365 silly fetch manifest @ckeditor/ckeditor5-remove-format@41.4.2
366 silly packumentCache full:https://registry.npmjs.org/@ckeditor%2fckeditor5-remove-format cache-miss
367 http cache https://registry.npmjs.org/@ckeditor%2fckeditor5-show-blocks 151ms (cache hit)
368 silly packumentCache full:https://registry.npmjs.org/@ckeditor%2fckeditor5-show-blocks set size:2142348 disposed:false
369 silly fetch manifest @ckeditor/ckeditor5-editor-balloon@41.4.2
370 silly packumentCache full:https://registry.npmjs.org/@ckeditor%2fckeditor5-editor-balloon cache-miss
371 http cache https://registry.npmjs.org/@ckeditor%2fckeditor5-html-support 142ms (cache hit)
372 silly packumentCache full:https://registry.npmjs.org/@ckeditor%2fckeditor5-html-support set size:2500953 disposed:false
373 silly fetch manifest @ckeditor/ckeditor5-source-editing@41.4.2
374 silly packumentCache full:https://registry.npmjs.org/@ckeditor%2fckeditor5-source-editing cache-miss
375 http cache https://registry.npmjs.org/@ckeditor%2fckeditor5-markdown-gfm 141ms (cache hit)
376 silly packumentCache full:https://registry.npmjs.org/@ckeditor%2fckeditor5-markdown-gfm set size:2465608 disposed:false
377 silly fetch manifest @ckeditor/ckeditor5-horizontal-line@41.4.2
378 silly packumentCache full:https://registry.npmjs.org/@ckeditor%2fckeditor5-horizontal-line cache-miss
379 http cache https://registry.npmjs.org/@ckeditor%2fckeditor5-editor-inline 123ms (cache hit)
380 silly packumentCache full:https://registry.npmjs.org/@ckeditor%2fckeditor5-editor-inline set size:2357544 disposed:false
381 silly fetch manifest @ckeditor/ckeditor5-build-multi-root@41.4.2
382 silly packumentCache full:https://registry.npmjs.org/@ckeditor%2fckeditor5-build-multi-root cache-miss
383 http cache https://registry.npmjs.org/@ckeditor%2fckeditor5-remove-format 120ms (cache hit)
384 silly packumentCache full:https://registry.npmjs.org/@ckeditor%2fckeditor5-remove-format set size:2319301 disposed:false
385 silly fetch manifest @ckeditor/ckeditor5-editor-decoupled@41.4.2
386 silly packumentCache full:https://registry.npmjs.org/@ckeditor%2fckeditor5-editor-decoupled cache-miss
387 http cache https://registry.npmjs.org/@ckeditor%2fckeditor5-editor-balloon 110ms (cache hit)
388 silly packumentCache full:https://registry.npmjs.org/@ckeditor%2fckeditor5-editor-balloon set size:2352101 disposed:false
389 silly fetch manifest @ckeditor/ckeditor5-find-and-replace@41.4.2
390 silly packumentCache full:https://registry.npmjs.org/@ckeditor%2fckeditor5-find-and-replace cache-miss
391 http cache https://registry.npmjs.org/@ckeditor%2fckeditor5-horizontal-line 85ms (cache hit)
392 silly packumentCache full:https://registry.npmjs.org/@ckeditor%2fckeditor5-horizontal-line set size:2323951 disposed:false
393 silly fetch manifest @ckeditor/ckeditor5-editor-multi-root@41.4.2
394 silly packumentCache full:https://registry.npmjs.org/@ckeditor%2fckeditor5-editor-multi-root cache-miss
395 http cache https://registry.npmjs.org/@ckeditor%2fckeditor5-source-editing 129ms (cache hit)
396 silly packumentCache full:https://registry.npmjs.org/@ckeditor%2fckeditor5-source-editing set size:2322667 disposed:false
397 silly fetch manifest @ckeditor/ckeditor5-restricted-editing@41.4.2
398 silly packumentCache full:https://registry.npmjs.org/@ckeditor%2fckeditor5-restricted-editing cache-miss
399 http cache https://registry.npmjs.org/@ckeditor%2fckeditor5-find-and-replace 66ms (cache hit)
400 silly packumentCache full:https://registry.npmjs.org/@ckeditor%2fckeditor5-find-and-replace set size:2323525 disposed:false
401 silly fetch manifest @ckeditor/ckeditor5-special-characters@41.4.2
402 silly packumentCache full:https://registry.npmjs.org/@ckeditor%2fckeditor5-special-characters cache-miss
403 http cache https://registry.npmjs.org/@ckeditor%2fckeditor5-editor-decoupled 114ms (cache hit)
404 silly packumentCache full:https://registry.npmjs.org/@ckeditor%2fckeditor5-editor-decoupled set size:2365968 disposed:false
405 silly fetch manifest @ckeditor/ckeditor5-build-balloon-block@41.4.2
406 silly packumentCache full:https://registry.npmjs.org/@ckeditor%2fckeditor5-build-balloon-block cache-miss
407 http cache https://registry.npmjs.org/@ckeditor%2fckeditor5-special-characters 40ms (cache hit)
408 silly packumentCache full:https://registry.npmjs.org/@ckeditor%2fckeditor5-special-characters set size:2355284 disposed:false
409 silly fetch manifest @ckeditor/ckeditor5-build-decoupled-document@41.4.2
410 silly packumentCache full:https://registry.npmjs.org/@ckeditor%2fckeditor5-build-decoupled-document cache-miss
411 http cache https://registry.npmjs.org/@ckeditor%2fckeditor5-restricted-editing 79ms (cache hit)
412 silly packumentCache full:https://registry.npmjs.org/@ckeditor%2fckeditor5-restricted-editing set size:2357825 disposed:false
413 http cache https://registry.npmjs.org/@ckeditor%2fckeditor5-editor-multi-root 129ms (cache hit)
414 silly packumentCache full:https://registry.npmjs.org/@ckeditor%2fckeditor5-editor-multi-root set size:2202771 disposed:false
415 http fetch GET 200 https://registry.npmjs.org/@ckeditor%2fckeditor5-build-inline 1467ms (cache revalidated)
416 silly packumentCache full:https://registry.npmjs.org/@ckeditor%2fckeditor5-build-inline set size:2758968 disposed:false
417 http fetch GET 200 https://registry.npmjs.org/@ckeditor%2fckeditor5-build-balloon-block 1313ms (cache revalidated)
418 silly packumentCache full:https://registry.npmjs.org/@ckeditor%2fckeditor5-build-balloon-block set size:2805542 disposed:false
419 http fetch GET 200 https://registry.npmjs.org/@ckeditor%2fckeditor5-build-decoupled-document 1366ms (cache revalidated)
420 silly packumentCache full:https://registry.npmjs.org/@ckeditor%2fckeditor5-build-decoupled-document set size:2911218 disposed:false
421 http fetch GET 200 https://registry.npmjs.org/@ckeditor%2fckeditor5-build-multi-root 1896ms (cache revalidated)
422 silly packumentCache full:https://registry.npmjs.org/@ckeditor%2fckeditor5-build-multi-root set size:2544063 disposed:false
423 http fetch GET 200 https://registry.npmjs.org/@ckeditor%2fckeditor5-build-balloon 2616ms (cache revalidated)
424 silly packumentCache full:https://registry.npmjs.org/@ckeditor%2fckeditor5-build-balloon set size:2765957 disposed:false
425 silly placeDep node_modules/@ckeditor/ckeditor5-autoformat ckeditor5@41.4.2 OK for: @ckeditor/ckeditor5-autoformat@41.4.2 want: 41.4.2
426 silly placeDep node_modules/@ckeditor/ckeditor5-basic-styles ckeditor5@41.4.2 OK for: @ckeditor/ckeditor5-basic-styles@41.4.2 want: 41.4.2
427 silly placeDep node_modules/@ckeditor/ckeditor5-block-quote ckeditor5@41.4.2 OK for: @ckeditor/ckeditor5-block-quote@41.4.2 want: 41.4.2
428 silly placeDep node_modules/@ckeditor/ckeditor5-ckbox ckeditor5@41.4.2 OK for: @ckeditor/ckeditor5-ckbox@41.4.2 want: 41.4.2
429 silly placeDep node_modules/@ckeditor/ckeditor5-ckfinder ckeditor5@41.4.2 OK for: @ckeditor/ckeditor5-ckfinder@41.4.2 want: 41.4.2
430 silly placeDep node_modules/@ckeditor/ckeditor5-cloud-services ckeditor5@41.4.2 OK for: @ckeditor/ckeditor5-cloud-services@41.4.2 want: 41.4.2
431 silly placeDep node_modules/@ckeditor/ckeditor5-easy-image ckeditor5@41.4.2 OK for: @ckeditor/ckeditor5-easy-image@41.4.2 want: 41.4.2
432 silly placeDep node_modules/@ckeditor/ckeditor5-editor-classic ckeditor5@41.4.2 OK for: @ckeditor/ckeditor5-editor-classic@41.4.2 want: 41.4.2
433 silly placeDep node_modules/@ckeditor/ckeditor5-essentials ckeditor5@41.4.2 OK for: @ckeditor/ckeditor5-essentials@41.4.2 want: 41.4.2
434 silly placeDep node_modules/@ckeditor/ckeditor5-heading ckeditor5@41.4.2 OK for: @ckeditor/ckeditor5-heading@41.4.2 want: 41.4.2
435 silly placeDep node_modules/@ckeditor/ckeditor5-image ckeditor5@41.4.2 OK for: @ckeditor/ckeditor5-image@41.4.2 want: 41.4.2
436 silly placeDep node_modules/@ckeditor/ckeditor5-indent ckeditor5@41.4.2 OK for: @ckeditor/ckeditor5-indent@41.4.2 want: 41.4.2
437 silly placeDep node_modules/@ckeditor/ckeditor5-link ckeditor5@41.4.2 OK for: @ckeditor/ckeditor5-link@41.4.2 want: 41.4.2
438 silly placeDep node_modules/@ckeditor/ckeditor5-list ckeditor5@41.4.2 OK for: @ckeditor/ckeditor5-list@41.4.2 want: 41.4.2
439 silly placeDep node_modules/@ckeditor/ckeditor5-media-embed ckeditor5@41.4.2 OK for: @ckeditor/ckeditor5-media-embed@41.4.2 want: 41.4.2
440 silly placeDep node_modules/@ckeditor/ckeditor5-paste-from-office ckeditor5@41.4.2 OK for: @ckeditor/ckeditor5-paste-from-office@41.4.2 want: 41.4.2
441 silly placeDep node_modules/@ckeditor/ckeditor5-table ckeditor5@41.4.2 OK for: @ckeditor/ckeditor5-table@41.4.2 want: 41.4.2
442 silly fetch manifest @mantine/core@5.10.5
443 silly packumentCache full:https://registry.npmjs.org/@mantine%2fcore cache-miss
444 http fetch GET 200 https://registry.npmjs.org/@mantine%2fcore 1230ms (cache revalidated)
445 silly packumentCache full:https://registry.npmjs.org/@mantine%2fcore set size:986196 disposed:false
446 silly fetch manifest @mantine/hooks@5.10.5
447 silly packumentCache full:https://registry.npmjs.org/@mantine%2fhooks cache-miss
448 http fetch GET 200 https://registry.npmjs.org/@mantine%2fhooks 947ms (cache revalidated)
449 silly packumentCache full:https://registry.npmjs.org/@mantine%2fhooks set size:855983 disposed:false
450 silly fetch manifest react@>=16.8.0
451 silly packumentCache full:https://registry.npmjs.org/react cache-miss
452 http fetch GET 200 https://registry.npmjs.org/react 131ms (cache revalidated)
453 silly packumentCache full:https://registry.npmjs.org/react set size:5942390 disposed:false
454 silly fetch manifest react-dom@>=16.8.0
455 silly packumentCache full:https://registry.npmjs.org/react-dom cache-miss
456 http fetch GET 200 https://registry.npmjs.org/react-dom 138ms (cache revalidated)
457 silly packumentCache full:https://registry.npmjs.org/react-dom set size:7654697 disposed:false
458 verbose stack Error: could not resolve
458 verbose stack     at PlaceDep.failPeerConflict (C:\Program Files\nodejs\node_modules\npm\node_modules\@npmcli\arborist\lib\place-dep.js:503:25)
458 verbose stack     at new PlaceDep (C:\Program Files\nodejs\node_modules\npm\node_modules\@npmcli\arborist\lib\place-dep.js:157:21)
458 verbose stack     at #buildDepStep (C:\Program Files\nodejs\node_modules\npm\node_modules\@npmcli\arborist\lib\arborist\build-ideal-tree.js:920:18)
458 verbose stack     at async Arborist.buildIdealTree (C:\Program Files\nodejs\node_modules\npm\node_modules\@npmcli\arborist\lib\arborist\build-ideal-tree.js:181:7)
458 verbose stack     at async Promise.all (index 1)
458 verbose stack     at async Arborist.reify (C:\Program Files\nodejs\node_modules\npm\node_modules\@npmcli\arborist\lib\arborist\reify.js:131:5)
458 verbose stack     at async Install.exec (C:\Program Files\nodejs\node_modules\npm\lib\commands\install.js:150:5)
458 verbose stack     at async Npm.exec (C:\Program Files\nodejs\node_modules\npm\lib\npm.js:207:9)
458 verbose stack     at async module.exports (C:\Program Files\nodejs\node_modules\npm\lib\cli\entry.js:74:5)
459 error code ERESOLVE
460 error ERESOLVE could not resolve
461 error
462 error While resolving: @mantine/rte@5.10.5
462 error Found: @mantine/core@8.1.3[2m[22m
462 error [2mnode_modules/@mantine/core[22m
462 error   @mantine/core@"^8.1.2" from the root project
462 error
462 error Could not resolve dependency:
462 error [95mpeer[39m @mantine/core@"5.10.5" from @mantine/rte@5.10.5[2m[22m
462 error [2mnode_modules/@mantine/rte[22m
462 error   @mantine/rte@"^5.10.5" from the root project
462 error
462 error Conflicting peer dependency: @mantine/core@5.10.5[2m[22m
462 error [2mnode_modules/@mantine/core[22m
462 error   [95mpeer[39m @mantine/core@"5.10.5" from @mantine/rte@5.10.5[2m[22m
462 error   [2mnode_modules/@mantine/rte[22m
462 error     @mantine/rte@"^5.10.5" from the root project
462 error
462 error Fix the upstream dependency conflict, or retry
462 error this command with --force or --legacy-peer-deps
462 error to accept an incorrect (and potentially broken) dependency resolution.
463 error
463 error
463 error For a full report see:
463 error C:\Users\Elite\Desktop\justice_org\backend\frontend\.npm-cache\_logs\2025-08-13T09_46_05_130Z-eresolve-report.txt
464 silly unfinished npm timer reify 1755078365861
465 silly unfinished npm timer reify:loadTrees 1755078365862
466 silly unfinished npm timer idealTree:buildDeps 1755078366865
467 silly unfinished npm timer idealTree:node_modules/@mantine/rte 1755078384237
468 verbose cwd C:\Users\Elite\Desktop\justice_org\backend\frontend
469 verbose os Windows_NT 10.0.19045
470 verbose node v22.17.0
471 verbose npm  v10.9.2
472 verbose exit 1
473 verbose code 1
474 error A complete log of this run can be found in: C:\Users\Elite\Desktop\justice_org\backend\frontend\.npm-cache\_logs\2025-08-13T09_46_05_130Z-debug-0.log
