0 verbose cli C:\Program Files\nodejs\node.exe C:\Program Files\nodejs\node_modules\npm\bin\npm-cli.js
1 info using npm@10.9.2
2 info using node@v22.17.0
3 silly config load:file:C:\Program Files\nodejs\node_modules\npm\npmrc
4 warn invalid config cache=false set in command line options
5 warn invalid config Must be valid filesystem path
6 warn config production Use `--omit=dev` instead.
7 silly config load:file:C:\Users\Elite\Desktop\justice_org\backend\frontend\.npmrc
8 silly config load:file:C:\Users\Elite\.npmrc
9 silly config load:file:C:\Users\Elite\AppData\Roaming\npm\etc\npmrc
10 verbose title npm install
11 verbose argv "install" "--no-cache" "--legacy-peer-deps" "--production" "false"
12 verbose logfile logs-max:10 dir:C:\Users\Elite\Desktop\justice_org\backend\frontend\.npm-cache\_logs\2025-08-13T20_32_37_116Z-
13 verbose logfile C:\Users\Elite\Desktop\justice_org\backend\frontend\.npm-cache\_logs\2025-08-13T20_32_37_116Z-debug-0.log
14 silly logfile done cleaning log files
15 silly packumentCache heap:4345298944 maxSize:1086324736 maxEntrySize:543162368
16 silly idealTree buildDeps
17 silly reify moves {}
18 silly audit bulk request {
18 silly audit   '@adobe/css-tools': [ '4.4.3' ],
18 silly audit   '@alloc/quick-lru': [ '5.2.0' ],
18 silly audit   '@ampproject/remapping': [ '2.3.0' ],
18 silly audit   '@ant-design/colors': [ '8.0.0', '7.2.1' ],
18 silly audit   '@ant-design/cssinjs': [ '1.23.0' ],
18 silly audit   '@ant-design/cssinjs-utils': [ '1.1.3' ],
18 silly audit   '@ant-design/fast-color': [ '3.0.0', '2.0.6' ],
18 silly audit   '@ant-design/icons': [ '6.0.0', '5.6.1' ],
18 silly audit   '@ant-design/icons-svg': [ '4.4.2' ],
18 silly audit   '@ant-design/react-slick': [ '1.1.2' ],
18 silly audit   '@apideck/better-ajv-errors': [ '0.3.6' ],
18 silly audit   '@babel/code-frame': [ '7.27.1' ],
18 silly audit   '@babel/compat-data': [ '7.28.0' ],
18 silly audit   '@babel/core': [ '7.28.0' ],
18 silly audit   semver: [ '6.3.1', '7.7.2' ],
18 silly audit   '@babel/eslint-parser': [ '7.28.0' ],
18 silly audit   'eslint-visitor-keys': [ '2.1.0', '3.4.3' ],
18 silly audit   '@babel/generator': [ '7.28.0' ],
18 silly audit   '@babel/helper-annotate-as-pure': [ '7.27.3' ],
18 silly audit   '@babel/helper-compilation-targets': [ '7.27.2' ],
18 silly audit   '@babel/helper-create-class-features-plugin': [ '7.27.1' ],
18 silly audit   '@babel/helper-create-regexp-features-plugin': [ '7.27.1' ],
18 silly audit   '@babel/helper-define-polyfill-provider': [ '0.6.5' ],
18 silly audit   '@babel/helper-globals': [ '7.28.0' ],
18 silly audit   '@babel/helper-member-expression-to-functions': [ '7.27.1' ],
18 silly audit   '@babel/helper-module-imports': [ '7.27.1' ],
18 silly audit   '@babel/helper-module-transforms': [ '7.27.3' ],
18 silly audit   '@babel/helper-optimise-call-expression': [ '7.27.1' ],
18 silly audit   '@babel/helper-plugin-utils': [ '7.27.1' ],
18 silly audit   '@babel/helper-remap-async-to-generator': [ '7.27.1' ],
18 silly audit   '@babel/helper-replace-supers': [ '7.27.1' ],
18 silly audit   '@babel/helper-skip-transparent-expression-wrappers': [ '7.27.1' ],
18 silly audit   '@babel/helper-string-parser': [ '7.27.1' ],
18 silly audit   '@babel/helper-validator-identifier': [ '7.27.1' ],
18 silly audit   '@babel/helper-validator-option': [ '7.27.1' ],
18 silly audit   '@babel/helper-wrap-function': [ '7.27.1' ],
18 silly audit   '@babel/helpers': [ '7.27.6' ],
18 silly audit   '@babel/parser': [ '7.28.0' ],
18 silly audit   '@babel/plugin-bugfix-firefox-class-in-computed-class-key': [ '7.27.1' ],
18 silly audit   '@babel/plugin-bugfix-safari-class-field-initializer-scope': [ '7.27.1' ],
18 silly audit   '@babel/plugin-bugfix-safari-id-destructuring-collision-in-function-expression': [ '7.27.1' ],
18 silly audit   '@babel/plugin-bugfix-v8-spread-parameters-in-optional-chaining': [ '7.27.1' ],
18 silly audit   '@babel/plugin-bugfix-v8-static-class-fields-redefine-readonly': [ '7.27.1' ],
18 silly audit   '@babel/plugin-proposal-class-properties': [ '7.18.6' ],
18 silly audit   '@babel/plugin-proposal-decorators': [ '7.28.0' ],
18 silly audit   '@babel/plugin-proposal-nullish-coalescing-operator': [ '7.18.6' ],
18 silly audit   '@babel/plugin-proposal-numeric-separator': [ '7.18.6' ],
18 silly audit   '@babel/plugin-proposal-optional-chaining': [ '7.21.0' ],
18 silly audit   '@babel/plugin-proposal-private-methods': [ '7.18.6' ],
18 silly audit   '@babel/plugin-proposal-private-property-in-object': [ '7.21.0-placeholder-for-preset-env.2', '7.21.11' ],
18 silly audit   '@babel/plugin-syntax-async-generators': [ '7.8.4' ],
18 silly audit   '@babel/plugin-syntax-bigint': [ '7.8.3' ],
18 silly audit   '@babel/plugin-syntax-class-properties': [ '7.12.13' ],
18 silly audit   '@babel/plugin-syntax-class-static-block': [ '7.14.5' ],
18 silly audit   '@babel/plugin-syntax-decorators': [ '7.27.1' ],
18 silly audit   '@babel/plugin-syntax-flow': [ '7.27.1' ],
18 silly audit   '@babel/plugin-syntax-import-assertions': [ '7.27.1' ],
18 silly audit   '@babel/plugin-syntax-import-attributes': [ '7.27.1' ],
18 silly audit   '@babel/plugin-syntax-import-meta': [ '7.10.4' ],
18 silly audit   '@babel/plugin-syntax-json-strings': [ '7.8.3' ],
18 silly audit   '@babel/plugin-syntax-jsx': [ '7.27.1' ],
18 silly audit   '@babel/plugin-syntax-logical-assignment-operators': [ '7.10.4' ],
18 silly audit   '@babel/plugin-syntax-nullish-coalescing-operator': [ '7.8.3' ],
18 silly audit   '@babel/plugin-syntax-numeric-separator': [ '7.10.4' ],
18 silly audit   '@babel/plugin-syntax-object-rest-spread': [ '7.8.3' ],
18 silly audit   '@babel/plugin-syntax-optional-catch-binding': [ '7.8.3' ],
18 silly audit   '@babel/plugin-syntax-optional-chaining': [ '7.8.3' ],
18 silly audit   '@babel/plugin-syntax-private-property-in-object': [ '7.14.5' ],
18 silly audit   '@babel/plugin-syntax-top-level-await': [ '7.14.5' ],
18 silly audit   '@babel/plugin-syntax-typescript': [ '7.27.1' ],
18 silly audit   '@babel/plugin-syntax-unicode-sets-regex': [ '7.18.6' ],
18 silly audit   '@babel/plugin-transform-arrow-functions': [ '7.27.1' ],
18 silly audit   '@babel/plugin-transform-async-generator-functions': [ '7.28.0' ],
18 silly audit   '@babel/plugin-transform-async-to-generator': [ '7.27.1' ],
18 silly audit   '@babel/plugin-transform-block-scoped-functions': [ '7.27.1' ],
18 silly audit   '@babel/plugin-transform-block-scoping': [ '7.28.0' ],
18 silly audit   '@babel/plugin-transform-class-properties': [ '7.27.1' ],
18 silly audit   '@babel/plugin-transform-class-static-block': [ '7.27.1' ],
18 silly audit   '@babel/plugin-transform-classes': [ '7.28.0' ],
18 silly audit   '@babel/plugin-transform-computed-properties': [ '7.27.1' ],
18 silly audit   '@babel/plugin-transform-destructuring': [ '7.28.0' ],
18 silly audit   '@babel/plugin-transform-dotall-regex': [ '7.27.1' ],
18 silly audit   '@babel/plugin-transform-duplicate-keys': [ '7.27.1' ],
18 silly audit   '@babel/plugin-transform-duplicate-named-capturing-groups-regex': [ '7.27.1' ],
18 silly audit   '@babel/plugin-transform-dynamic-import': [ '7.27.1' ],
18 silly audit   '@babel/plugin-transform-explicit-resource-management': [ '7.28.0' ],
18 silly audit   '@babel/plugin-transform-exponentiation-operator': [ '7.27.1' ],
18 silly audit   '@babel/plugin-transform-export-namespace-from': [ '7.27.1' ],
18 silly audit   '@babel/plugin-transform-flow-strip-types': [ '7.27.1' ],
18 silly audit   '@babel/plugin-transform-for-of': [ '7.27.1' ],
18 silly audit   '@babel/plugin-transform-function-name': [ '7.27.1' ],
18 silly audit   '@babel/plugin-transform-json-strings': [ '7.27.1' ],
18 silly audit   '@babel/plugin-transform-literals': [ '7.27.1' ],
18 silly audit   '@babel/plugin-transform-logical-assignment-operators': [ '7.27.1' ],
18 silly audit   '@babel/plugin-transform-member-expression-literals': [ '7.27.1' ],
18 silly audit   '@babel/plugin-transform-modules-amd': [ '7.27.1' ],
18 silly audit   '@babel/plugin-transform-modules-commonjs': [ '7.27.1' ],
18 silly audit   '@babel/plugin-transform-modules-systemjs': [ '7.27.1' ],
18 silly audit   '@babel/plugin-transform-modules-umd': [ '7.27.1' ],
18 silly audit   '@babel/plugin-transform-named-capturing-groups-regex': [ '7.27.1' ],
18 silly audit   '@babel/plugin-transform-new-target': [ '7.27.1' ],
18 silly audit   '@babel/plugin-transform-nullish-coalescing-operator': [ '7.27.1' ],
18 silly audit   '@babel/plugin-transform-numeric-separator': [ '7.27.1' ],
18 silly audit   '@babel/plugin-transform-object-rest-spread': [ '7.28.0' ],
18 silly audit   '@babel/plugin-transform-object-super': [ '7.27.1' ],
18 silly audit   '@babel/plugin-transform-optional-catch-binding': [ '7.27.1' ],
18 silly audit   '@babel/plugin-transform-optional-chaining': [ '7.27.1' ],
18 silly audit   '@babel/plugin-transform-parameters': [ '7.27.7' ],
18 silly audit   '@babel/plugin-transform-private-methods': [ '7.27.1' ],
18 silly audit   '@babel/plugin-transform-private-property-in-object': [ '7.27.1' ],
18 silly audit   '@babel/plugin-transform-property-literals': [ '7.27.1' ],
18 silly audit   '@babel/plugin-transform-react-constant-elements': [ '7.27.1' ],
18 silly audit   '@babel/plugin-transform-react-display-name': [ '7.28.0' ],
18 silly audit   '@babel/plugin-transform-react-jsx': [ '7.27.1' ],
18 silly audit   '@babel/plugin-transform-react-jsx-development': [ '7.27.1' ],
18 silly audit   '@babel/plugin-transform-react-pure-annotations': [ '7.27.1' ],
18 silly audit   '@babel/plugin-transform-regenerator': [ '7.28.1' ],
18 silly audit   '@babel/plugin-transform-regexp-modifiers': [ '7.27.1' ],
18 silly audit   '@babel/plugin-transform-reserved-words': [ '7.27.1' ],
18 silly audit   '@babel/plugin-transform-runtime': [ '7.28.0' ],
18 silly audit   '@babel/plugin-transform-shorthand-properties': [ '7.27.1' ],
18 silly audit   '@babel/plugin-transform-spread': [ '7.27.1' ],
18 silly audit   '@babel/plugin-transform-sticky-regex': [ '7.27.1' ],
18 silly audit   '@babel/plugin-transform-template-literals': [ '7.27.1' ],
18 silly audit   '@babel/plugin-transform-typeof-symbol': [ '7.27.1' ],
18 silly audit   '@babel/plugin-transform-typescript': [ '7.28.0' ],
18 silly audit   '@babel/plugin-transform-unicode-escapes': [ '7.27.1' ],
18 silly audit   '@babel/plugin-transform-unicode-property-regex': [ '7.27.1' ],
18 silly audit   '@babel/plugin-transform-unicode-regex': [ '7.27.1' ],
18 silly audit   '@babel/plugin-transform-unicode-sets-regex': [ '7.27.1' ],
18 silly audit   '@babel/preset-env': [ '7.28.0' ],
18 silly audit   '@babel/preset-modules': [ '0.1.6-no-external-plugins' ],
18 silly audit   '@babel/preset-react': [ '7.27.1' ],
18 silly audit   '@babel/preset-typescript': [ '7.27.1' ],
18 silly audit   '@babel/runtime': [ '7.27.6' ],
18 silly audit   '@babel/template': [ '7.27.2' ],
18 silly audit   '@babel/traverse': [ '7.28.0' ],
18 silly audit   '@babel/types': [ '7.28.1' ],
18 silly audit   '@bcoe/v8-coverage': [ '0.2.3' ],
18 silly audit   '@ckeditor/ckeditor5-adapter-ckfinder': [ '41.4.2' ],
18 silly audit   '@ckeditor/ckeditor5-alignment': [ '41.4.2' ],
18 silly audit   '@ckeditor/ckeditor5-autoformat': [ '41.4.2' ],
18 silly audit   '@ckeditor/ckeditor5-autosave': [ '41.4.2' ],
18 silly audit   '@ckeditor/ckeditor5-basic-styles': [ '41.4.2' ],
18 silly audit   '@ckeditor/ckeditor5-block-quote': [ '41.4.2' ],
18 silly audit   '@ckeditor/ckeditor5-build-balloon': [ '41.4.2' ],
18 silly audit   '@ckeditor/ckeditor5-build-balloon-block': [ '41.4.2' ],
18 silly audit   '@ckeditor/ckeditor5-build-classic': [ '41.4.2' ],
18 silly audit   '@ckeditor/ckeditor5-build-decoupled-document': [ '41.4.2' ],
18 silly audit   '@ckeditor/ckeditor5-build-inline': [ '41.4.2' ],
18 silly audit   '@ckeditor/ckeditor5-build-multi-root': [ '41.4.2' ],
18 silly audit   '@ckeditor/ckeditor5-ckbox': [ '41.4.2' ],
18 silly audit   '@ckeditor/ckeditor5-ckfinder': [ '41.4.2' ],
18 silly audit   '@ckeditor/ckeditor5-clipboard': [ '41.4.2' ],
18 silly audit   '@ckeditor/ckeditor5-cloud-services': [ '41.4.2' ],
18 silly audit   '@ckeditor/ckeditor5-code-block': [ '41.4.2' ],
18 silly audit   '@ckeditor/ckeditor5-core': [ '41.4.2' ],
18 silly audit   '@ckeditor/ckeditor5-easy-image': [ '41.4.2' ],
18 silly audit   '@ckeditor/ckeditor5-editor-balloon': [ '41.4.2' ],
18 silly audit   '@ckeditor/ckeditor5-editor-classic': [ '41.4.2' ],
18 silly audit   '@ckeditor/ckeditor5-editor-decoupled': [ '41.4.2' ],
18 silly audit   '@ckeditor/ckeditor5-editor-inline': [ '41.4.2' ],
18 silly audit   '@ckeditor/ckeditor5-editor-multi-root': [ '41.4.2' ],
18 silly audit   '@ckeditor/ckeditor5-engine': [ '41.4.2' ],
18 silly audit   '@ckeditor/ckeditor5-enter': [ '41.4.2' ],
18 silly audit   '@ckeditor/ckeditor5-essentials': [ '41.4.2' ],
18 silly audit   '@ckeditor/ckeditor5-find-and-replace': [ '41.4.2' ],
18 silly audit   '@ckeditor/ckeditor5-font': [ '41.4.2' ],
18 silly audit   '@ckeditor/ckeditor5-heading': [ '41.4.2' ],
18 silly audit   '@ckeditor/ckeditor5-highlight': [ '41.4.2' ],
18 silly audit   '@ckeditor/ckeditor5-horizontal-line': [ '41.4.2' ],
18 silly audit   '@ckeditor/ckeditor5-html-embed': [ '41.4.2' ],
18 silly audit   '@ckeditor/ckeditor5-html-support': [ '41.4.2' ],
18 silly audit   '@ckeditor/ckeditor5-image': [ '41.4.2' ],
18 silly audit   '@ckeditor/ckeditor5-indent': [ '41.4.2' ],
18 silly audit   '@ckeditor/ckeditor5-integrations-common': [ '2.2.3' ],
18 silly audit   '@ckeditor/ckeditor5-language': [ '41.4.2' ],
18 silly audit   '@ckeditor/ckeditor5-link': [ '41.4.2' ],
18 silly audit   '@ckeditor/ckeditor5-list': [ '41.4.2' ],
18 silly audit   '@ckeditor/ckeditor5-markdown-gfm': [ '41.4.2' ],
18 silly audit   '@ckeditor/ckeditor5-media-embed': [ '41.4.2' ],
18 silly audit   '@ckeditor/ckeditor5-mention': [ '41.4.2' ],
18 silly audit   '@ckeditor/ckeditor5-minimap': [ '41.4.2' ],
18 silly audit   '@ckeditor/ckeditor5-page-break': [ '41.4.2' ],
18 silly audit   '@ckeditor/ckeditor5-paragraph': [ '41.4.2' ],
18 silly audit   '@ckeditor/ckeditor5-paste-from-office': [ '41.4.2' ],
18 silly audit   '@ckeditor/ckeditor5-react': [ '10.0.0' ],
18 silly audit   '@ckeditor/ckeditor5-remove-format': [ '41.4.2' ],
18 silly audit   '@ckeditor/ckeditor5-restricted-editing': [ '41.4.2' ],
18 silly audit   '@ckeditor/ckeditor5-select-all': [ '41.4.2' ],
18 silly audit   '@ckeditor/ckeditor5-show-blocks': [ '41.4.2' ],
18 silly audit   '@ckeditor/ckeditor5-source-editing': [ '41.4.2' ],
18 silly audit   '@ckeditor/ckeditor5-special-characters': [ '41.4.2' ],
18 silly audit   '@ckeditor/ckeditor5-style': [ '41.4.2' ],
18 silly audit   '@ckeditor/ckeditor5-table': [ '41.4.2' ],
18 silly audit   '@ckeditor/ckeditor5-theme-lark': [ '41.4.2' ],
18 silly audit   '@ckeditor/ckeditor5-typing': [ '41.4.2' ],
18 silly audit   '@ckeditor/ckeditor5-ui': [ '41.4.2' ],
18 silly audit   '@ckeditor/ckeditor5-undo': [ '41.4.2' ],
18 silly audit   '@ckeditor/ckeditor5-upload': [ '41.4.2' ],
18 silly audit   '@ckeditor/ckeditor5-utils': [ '41.4.2' ],
18 silly audit   '@ckeditor/ckeditor5-watchdog': [ '41.4.2' ],
18 silly audit   '@ckeditor/ckeditor5-widget': [ '41.4.2' ],
18 silly audit   '@ckeditor/ckeditor5-word-count': [ '41.4.2' ],
18 silly audit   '@csstools/normalize.css': [ '12.1.1' ],
18 silly audit   '@csstools/postcss-cascade-layers': [ '1.1.1' ],
18 silly audit   '@csstools/postcss-color-function': [ '1.1.1' ],
18 silly audit   '@csstools/postcss-font-format-keywords': [ '1.0.1' ],
18 silly audit   '@csstools/postcss-hwb-function': [ '1.0.2' ],
18 silly audit   '@csstools/postcss-ic-unit': [ '1.0.1' ],
18 silly audit   '@csstools/postcss-is-pseudo-class': [ '2.0.7' ],
18 silly audit   '@csstools/postcss-nested-calc': [ '1.0.0' ],
18 silly audit   '@csstools/postcss-normalize-display-values': [ '1.0.1' ],
18 silly audit   '@csstools/postcss-oklab-function': [ '1.1.1' ],
18 silly audit   '@csstools/postcss-progressive-custom-properties': [ '1.3.0' ],
18 silly audit   '@csstools/postcss-stepped-value-functions': [ '1.0.1' ],
18 silly audit   '@csstools/postcss-text-decoration-shorthand': [ '1.0.0' ],
18 silly audit   '@csstools/postcss-trigonometric-functions': [ '1.0.2' ],
18 silly audit   '@csstools/postcss-unset-value': [ '1.0.2' ],
18 silly audit   '@csstools/selector-specificity': [ '2.2.0' ],
18 silly audit   '@emotion/hash': [ '0.8.0' ],
18 silly audit   '@emotion/unitless': [ '0.7.5' ],
18 silly audit   '@eslint-community/eslint-utils': [ '4.7.0' ],
18 silly audit   '@eslint-community/regexpp': [ '4.12.1' ],
18 silly audit   '@eslint/eslintrc': [ '2.1.4' ],
18 silly audit   argparse: [ '2.0.1', '1.0.10' ],
18 silly audit   'js-yaml': [ '4.1.0', '3.14.1' ],
18 silly audit   '@eslint/js': [ '8.57.1' ],
18 silly audit   '@floating-ui/core': [ '1.7.2' ],
18 silly audit   '@floating-ui/dom': [ '1.7.2' ],
18 silly audit   '@floating-ui/react': [ '0.26.28' ],
18 silly audit   '@floating-ui/react-dom': [ '2.1.4' ],
18 silly audit   '@floating-ui/utils': [ '0.2.10' ],
18 silly audit   '@fortawesome/fontawesome-free': [ '7.0.0' ],
18 silly audit   '@humanwhocodes/config-array': [ '0.13.0' ],
18 silly audit   '@humanwhocodes/module-importer': [ '1.0.1' ],
18 silly audit   '@humanwhocodes/object-schema': [ '2.0.3' ],
18 silly audit   '@isaacs/cliui': [ '8.0.2' ],
18 silly audit   'ansi-regex': [ '6.1.0', '5.0.1' ],
18 silly audit   'ansi-styles': [ '6.2.1', '4.3.0', '3.2.1', '5.2.0' ],
18 silly audit   'string-width': [ '5.1.2', '4.2.3' ],
18 silly audit   'strip-ansi': [ '7.1.0', '6.0.1' ],
18 silly audit   'wrap-ansi': [ '8.1.0', '7.0.0' ],
18 silly audit   '@istanbuljs/load-nyc-config': [ '1.1.0' ],
18 silly audit   camelcase: [ '5.3.1', '6.3.0' ],
18 silly audit   '@istanbuljs/schema': [ '0.1.3' ],
18 silly audit   '@jest/console': [ '27.5.1', '28.1.3' ],
18 silly audit   '@jest/core': [ '27.5.1' ],
18 silly audit   '@jest/environment': [ '27.5.1' ],
18 silly audit   '@jest/fake-timers': [ '27.5.1' ],
18 silly audit   '@jest/globals': [ '27.5.1' ],
18 silly audit   '@jest/reporters': [ '27.5.1' ],
18 silly audit   'source-map': [ '0.6.1', '0.7.4', '0.8.0-beta.0' ],
18 silly audit   '@jest/schemas': [ '28.1.3' ],
18 silly audit   '@jest/source-map': [ '27.5.1' ],
18 silly audit   '@jest/test-result': [ '27.5.1', '28.1.3' ],
18 silly audit   '@jest/test-sequencer': [ '27.5.1' ],
18 silly audit   '@jest/transform': [ '27.5.1' ],
18 silly audit   'convert-source-map': [ '1.9.0', '2.0.0' ],
18 silly audit   '@jest/types': [ '27.5.1', '28.1.3' ],
18 silly audit   '@jridgewell/gen-mapping': [ '0.3.12' ],
18 silly audit   '@jridgewell/resolve-uri': [ '3.1.2' ],
18 silly audit   '@jridgewell/source-map': [ '0.3.10' ],
18 silly audit   '@jridgewell/sourcemap-codec': [ '1.5.4' ],
18 silly audit   '@jridgewell/trace-mapping': [ '0.3.29' ],
18 silly audit   '@leichtgewicht/ip-codec': [ '2.0.5' ],
18 silly audit   '@mantine/core': [ '8.1.3' ],
18 silly audit   '@mantine/hooks': [ '8.1.3' ],
18 silly audit   '@mantine/rte': [ '5.10.5' ],
18 silly audit   '@nicolo-ribaudo/eslint-scope-5-internals': [ '5.1.1-v1' ],
18 silly audit   'eslint-scope': [ '5.1.1', '7.2.2' ],
18 silly audit   estraverse: [ '4.3.0', '5.3.0' ],
18 silly audit   '@nodelib/fs.scandir': [ '2.1.5' ],
18 silly audit   '@nodelib/fs.stat': [ '2.0.5' ],
18 silly audit   '@nodelib/fs.walk': [ '1.2.8' ],
18 silly audit   '@pkgjs/parseargs': [ '0.11.0' ],
18 silly audit   '@pmmmwh/react-refresh-webpack-plugin': [ '0.5.17' ],
18 silly audit   '@rc-component/async-validator': [ '5.0.4' ],
18 silly audit   '@rc-component/color-picker': [ '2.0.1' ],
18 silly audit   '@rc-component/context': [ '1.4.0' ],
18 silly audit   '@rc-component/mini-decimal': [ '1.1.0' ],
18 silly audit   '@rc-component/mutate-observer': [ '1.1.0' ],
18 silly audit   '@rc-component/portal': [ '1.1.2' ],
18 silly audit   '@rc-component/qrcode': [ '1.0.0' ],
18 silly audit   '@rc-component/tour': [ '1.15.1' ],
18 silly audit   '@rc-component/trigger': [ '2.2.7' ],
18 silly audit   '@rc-component/util': [ '1.2.1' ],
18 silly audit   '@reduxjs/toolkit': [ '2.8.2' ],
18 silly audit   immer: [ '10.1.1', '9.0.21' ],
18 silly audit   '@rollup/plugin-babel': [ '5.3.1' ],
18 silly audit   '@rollup/plugin-node-resolve': [ '11.2.1' ],
18 silly audit   '@rollup/plugin-replace': [ '2.4.2' ],
18 silly audit   '@rollup/pluginutils': [ '3.1.0' ],
18 silly audit   '@types/estree': [ '0.0.39', '1.0.8' ],
18 silly audit   '@rtsao/scc': [ '1.1.0' ],
18 silly audit   '@rushstack/eslint-patch': [ '1.12.0' ],
18 silly audit   '@sinclair/typebox': [ '0.24.51' ],
18 silly audit   '@sinonjs/commons': [ '1.8.6' ],
18 silly audit   '@sinonjs/fake-timers': [ '8.1.0' ],
18 silly audit   '@standard-schema/spec': [ '1.0.0' ],
18 silly audit   '@standard-schema/utils': [ '0.3.0' ],
18 silly audit   '@surma/rollup-plugin-off-main-thread': [ '2.2.3' ],
18 silly audit   '@svgr/babel-plugin-add-jsx-attribute': [ '5.4.0' ],
18 silly audit   '@svgr/babel-plugin-remove-jsx-attribute': [ '5.4.0' ],
18 silly audit   '@svgr/babel-plugin-remove-jsx-empty-expression': [ '5.0.1' ],
18 silly audit   '@svgr/babel-plugin-replace-jsx-attribute-value': [ '5.0.1' ],
18 silly audit   '@svgr/babel-plugin-svg-dynamic-title': [ '5.4.0' ],
18 silly audit   '@svgr/babel-plugin-svg-em-dimensions': [ '5.4.0' ],
18 silly audit   '@svgr/babel-plugin-transform-react-native-svg': [ '5.4.0' ],
18 silly audit   '@svgr/babel-plugin-transform-svg-component': [ '5.5.0' ],
18 silly audit   '@svgr/babel-preset': [ '5.5.0' ],
18 silly audit   '@svgr/core': [ '5.5.0' ],
18 silly audit   '@svgr/hast-util-to-babel-ast': [ '5.5.0' ],
18 silly audit   '@svgr/plugin-jsx': [ '5.5.0' ],
18 silly audit   '@svgr/plugin-svgo': [ '5.5.0' ],
18 silly audit   '@svgr/webpack': [ '5.5.0' ],
18 silly audit   '@tabler/icons': [ '1.119.0' ],
18 silly audit   '@testing-library/dom': [ '10.4.0' ],
18 silly audit   '@testing-library/jest-dom': [ '6.6.3' ],
18 silly audit   chalk: [ '3.0.0', '4.1.2', '2.4.2' ],
18 silly audit   'dom-accessibility-api': [ '0.6.3', '0.5.16' ],
18 silly audit   '@testing-library/react': [ '16.3.0' ],
18 silly audit   '@testing-library/user-event': [ '13.5.0' ],
18 silly audit   '@tinymce/tinymce-react': [ '6.2.1' ],
18 silly audit   '@tootallnate/once': [ '1.1.2' ],
18 silly audit   '@trysound/sax': [ '0.2.0' ],
18 silly audit   '@types/aria-query': [ '5.0.4' ],
18 silly audit   '@types/babel__core': [ '7.20.5' ],
18 silly audit   '@types/babel__generator': [ '7.27.0' ],
18 silly audit   '@types/babel__template': [ '7.4.4' ],
18 silly audit   '@types/babel__traverse': [ '7.20.7' ],
18 silly audit   '@types/body-parser': [ '1.19.6' ],
18 silly audit   '@types/bonjour': [ '3.5.13' ],
18 silly audit   '@types/connect': [ '3.4.38' ],
18 silly audit   '@types/connect-history-api-fallback': [ '1.5.4' ],
18 silly audit   '@types/d3-array': [ '3.2.1' ],
18 silly audit   '@types/d3-color': [ '3.1.3' ],
18 silly audit   '@types/d3-ease': [ '3.0.2' ],
18 silly audit   '@types/d3-interpolate': [ '3.0.4' ],
18 silly audit   '@types/d3-path': [ '3.1.1' ],
18 silly audit   '@types/d3-scale': [ '4.0.9' ],
18 silly audit   '@types/d3-shape': [ '3.1.7' ],
18 silly audit   '@types/d3-time': [ '3.0.4' ],
18 silly audit   '@types/d3-timer': [ '3.0.2' ],
18 silly audit   '@types/eslint': [ '8.56.12' ],
18 silly audit   '@types/eslint-scope': [ '3.7.7' ],
18 silly audit   '@types/express': [ '4.17.23' ],
18 silly audit   '@types/express-serve-static-core': [ '5.0.7', '4.19.6' ],
18 silly audit   '@types/graceful-fs': [ '4.1.9' ],
18 silly audit   '@types/html-minifier-terser': [ '6.1.0' ],
18 silly audit   '@types/http-errors': [ '2.0.5' ],
18 silly audit   '@types/http-proxy': [ '1.17.16' ],
18 silly audit   '@types/istanbul-lib-coverage': [ '2.0.6' ],
18 silly audit   '@types/istanbul-lib-report': [ '3.0.3' ],
18 silly audit   '@types/istanbul-reports': [ '3.0.4' ],
18 silly audit   '@types/json-schema': [ '7.0.15' ],
18 silly audit   '@types/json5': [ '0.0.29' ],
18 silly audit   '@types/mime': [ '1.3.5' ],
18 silly audit   '@types/node': [ '24.0.13' ],
18 silly audit   '@types/node-forge': [ '1.3.13' ],
18 silly audit   '@types/parse-json': [ '4.0.2' ],
18 silly audit   '@types/prettier': [ '2.7.3' ],
18 silly audit   '@types/q': [ '1.5.8' ],
18 silly audit   '@types/qs': [ '6.14.0' ],
18 silly audit   '@types/quill': [ '1.3.10' ],
18 silly audit   '@types/range-parser': [ '1.2.7' ],
18 silly audit   '@types/resolve': [ '1.17.1' ],
18 silly audit   '@types/retry': [ '0.12.0' ],
18 silly audit   '@types/semver': [ '7.7.0' ],
18 silly audit   '@types/send': [ '0.17.5' ],
18 silly audit   '@types/serve-index': [ '1.9.4' ],
18 silly audit   '@types/serve-static': [ '1.15.8' ],
18 silly audit   '@types/sockjs': [ '0.3.36' ],
18 silly audit   '@types/stack-utils': [ '2.0.3' ],
18 silly audit   '@types/trusted-types': [ '2.0.7' ],
18 silly audit   '@types/use-sync-external-store': [ '0.0.6' ],
18 silly audit   '@types/ws': [ '8.18.1' ],
18 silly audit   '@types/yargs': [ '16.0.9', '17.0.33' ],
18 silly audit   '@types/yargs-parser': [ '21.0.3' ],
18 silly audit   '@typescript-eslint/eslint-plugin': [ '5.62.0' ],
18 silly audit   '@typescript-eslint/experimental-utils': [ '5.62.0' ],
18 silly audit   '@typescript-eslint/parser': [ '5.62.0' ],
18 silly audit   '@typescript-eslint/scope-manager': [ '5.62.0' ],
18 silly audit   '@typescript-eslint/type-utils': [ '5.62.0' ],
18 silly audit   '@typescript-eslint/types': [ '5.62.0' ],
18 silly audit   '@typescript-eslint/typescript-estree': [ '5.62.0' ],
18 silly audit   '@typescript-eslint/utils': [ '5.62.0' ],
18 silly audit   '@typescript-eslint/visitor-keys': [ '5.62.0' ],
18 silly audit   '@ungap/structured-clone': [ '1.3.0' ],
18 silly audit   '@webassemblyjs/ast': [ '1.14.1' ],
18 silly audit   '@webassemblyjs/floating-point-hex-parser': [ '1.13.2' ],
18 silly audit   '@webassemblyjs/helper-api-error': [ '1.13.2' ],
18 silly audit   '@webassemblyjs/helper-buffer': [ '1.14.1' ],
18 silly audit   '@webassemblyjs/helper-numbers': [ '1.13.2' ],
18 silly audit   '@webassemblyjs/helper-wasm-bytecode': [ '1.13.2' ],
18 silly audit   '@webassemblyjs/helper-wasm-section': [ '1.14.1' ],
18 silly audit   '@webassemblyjs/ieee754': [ '1.13.2' ],
18 silly audit   '@webassemblyjs/leb128': [ '1.13.2' ],
18 silly audit   '@webassemblyjs/utf8': [ '1.13.2' ],
18 silly audit   '@webassemblyjs/wasm-edit': [ '1.14.1' ],
18 silly audit   '@webassemblyjs/wasm-gen': [ '1.14.1' ],
18 silly audit   '@webassemblyjs/wasm-opt': [ '1.14.1' ],
18 silly audit   '@webassemblyjs/wasm-parser': [ '1.14.1' ],
18 silly audit   '@webassemblyjs/wast-printer': [ '1.14.1' ],
18 silly audit   '@xtuc/ieee754': [ '1.2.0' ],
18 silly audit   '@xtuc/long': [ '4.2.2' ],
18 silly audit   abab: [ '2.0.6' ],
18 silly audit   accepts: [ '1.3.8' ],
18 silly audit   negotiator: [ '0.6.3', '0.6.4' ],
18 silly audit   acorn: [ '8.15.0', '7.4.1' ],
18 silly audit   'acorn-globals': [ '6.0.0' ],
18 silly audit   'acorn-import-phases': [ '1.0.3' ],
18 silly audit   'acorn-jsx': [ '5.3.2' ],
18 silly audit   'acorn-walk': [ '7.2.0' ],
18 silly audit   address: [ '1.2.2' ],
18 silly audit   'adjust-sourcemap-loader': [ '4.0.0' ],
18 silly audit   'agent-base': [ '6.0.2' ],
18 silly audit   ajv: [ '6.12.6', '8.17.1' ],
18 silly audit   'ajv-formats': [ '2.1.1' ],
18 silly audit   'json-schema-traverse': [ '1.0.0', '0.4.1' ],
18 silly audit   'ajv-keywords': [ '3.5.2', '5.1.0' ],
18 silly audit   'ansi-escapes': [ '4.3.2' ],
18 silly audit   'type-fest': [ '0.21.3', '0.20.2', '0.16.0', '4.41.0' ],
18 silly audit   'ansi-html': [ '0.0.9' ],
18 silly audit   'ansi-html-community': [ '0.0.8' ],
18 silly audit   antd: [ '5.26.4' ],
18 silly audit   'any-promise': [ '1.3.0' ],
18 silly audit   anymatch: [ '3.1.3' ],
18 silly audit   arg: [ '5.0.2' ],
18 silly audit   'aria-query': [ '5.3.0', '5.3.2' ],
18 silly audit   'array-buffer-byte-length': [ '1.0.2' ],
18 silly audit   'array-flatten': [ '1.1.1' ],
18 silly audit   'array-includes': [ '3.1.9' ],
18 silly audit   'array-union': [ '2.1.0' ],
18 silly audit   'array.prototype.findlast': [ '1.2.5' ],
18 silly audit   'array.prototype.findlastindex': [ '1.2.6' ],
18 silly audit   'array.prototype.flat': [ '1.3.3' ],
18 silly audit   'array.prototype.flatmap': [ '1.3.3' ],
18 silly audit   'array.prototype.reduce': [ '1.0.8' ],
18 silly audit   'array.prototype.tosorted': [ '1.1.4' ],
18 silly audit   'arraybuffer.prototype.slice': [ '1.0.4' ],
18 silly audit   asap: [ '2.0.6' ],
18 silly audit   'ast-types-flow': [ '0.0.8' ],
18 silly audit   async: [ '3.2.6' ],
18 silly audit   'async-function': [ '1.0.0' ],
18 silly audit   asynckit: [ '0.4.0' ],
18 silly audit   'at-least-node': [ '1.0.0' ],
18 silly audit   autoprefixer: [ '10.4.21' ],
18 silly audit   'available-typed-arrays': [ '1.0.7' ],
18 silly audit   'axe-core': [ '4.10.3' ],
18 silly audit   axios: [ '1.10.0' ],
18 silly audit   'axobject-query': [ '4.1.0' ],
18 silly audit   'babel-jest': [ '27.5.1' ],
18 silly audit   'babel-loader': [ '8.4.1' ],
18 silly audit   'schema-utils': [ '2.7.1', '3.3.0', '2.7.0', '4.3.2' ],
18 silly audit   'babel-plugin-istanbul': [ '6.1.1' ],
18 silly audit   'babel-plugin-jest-hoist': [ '27.5.1' ],
18 silly audit   'babel-plugin-macros': [ '3.1.0' ],
18 silly audit   'babel-plugin-named-asset-import': [ '0.3.8' ],
18 silly audit   'babel-plugin-polyfill-corejs2': [ '0.4.14' ],
18 silly audit   'babel-plugin-polyfill-corejs3': [ '0.13.0' ],
18 silly audit   'babel-plugin-polyfill-regenerator': [ '0.6.5' ],
18 silly audit   'babel-plugin-transform-react-remove-prop-types': [ '0.4.24' ],
18 silly audit   'babel-preset-current-node-syntax': [ '1.1.0' ],
18 silly audit   'babel-preset-jest': [ '27.5.1' ],
18 silly audit   'babel-preset-react-app': [ '10.1.0' ],
18 silly audit   'balanced-match': [ '1.0.2' ],
18 silly audit   batch: [ '0.6.1' ],
18 silly audit   bfj: [ '7.1.0' ],
18 silly audit   'big.js': [ '5.2.2' ],
18 silly audit   'binary-extensions': [ '2.3.0' ],
18 silly audit   bluebird: [ '3.7.2' ],
18 silly audit   blurhash: [ '2.0.5' ],
18 silly audit   'body-parser': [ '1.20.3' ],
18 silly audit   debug: [ '2.6.9', '4.4.1', '3.2.7' ],
18 silly audit   'iconv-lite': [ '0.4.24', '0.6.3' ],
18 silly audit   ms: [ '2.0.0', '2.1.3' ],
18 silly audit   'bonjour-service': [ '1.3.0' ],
18 silly audit   boolbase: [ '1.0.0' ],
18 silly audit   'brace-expansion': [ '1.1.12', '2.0.2' ],
18 silly audit   braces: [ '3.0.3' ],
18 silly audit   'browser-process-hrtime': [ '1.0.0' ],
18 silly audit   browserslist: [ '4.25.1' ],
18 silly audit   bser: [ '2.1.1' ],
18 silly audit   'buffer-from': [ '1.1.2' ],
18 silly audit   'builtin-modules': [ '3.3.0' ],
18 silly audit   bytes: [ '3.1.2' ],
18 silly audit   'call-bind': [ '1.0.8' ],
18 silly audit   'call-bind-apply-helpers': [ '1.0.2' ],
18 silly audit   'call-bound': [ '1.0.4' ],
18 silly audit   callsites: [ '3.1.0' ],
18 silly audit   'camel-case': [ '4.1.2' ],
18 silly audit   'camelcase-css': [ '2.0.1' ],
18 silly audit   'caniuse-api': [ '3.0.0' ],
18 silly audit   'caniuse-lite': [ '1.0.30001727' ],
18 silly audit   'case-sensitive-paths-webpack-plugin': [ '2.4.0' ],
18 silly audit   'char-regex': [ '1.0.2', '2.0.2' ],
18 silly audit   'check-types': [ '11.2.3' ],
18 silly audit   chokidar: [ '3.6.0' ],
18 silly audit   'glob-parent': [ '5.1.2', '6.0.2' ],
18 silly audit   'chrome-trace-event': [ '1.0.4' ],
18 silly audit   'ci-info': [ '3.9.0' ],
18 silly audit   'cjs-module-lexer': [ '1.4.3' ],
18 silly audit   ckeditor5: [ '41.4.2' ],
18 silly audit   classnames: [ '2.5.1' ],
18 silly audit   'clean-css': [ '5.3.3' ],
18 silly audit   cliui: [ '7.0.4' ],
18 silly audit   clone: [ '2.1.2' ],
18 silly audit   clsx: [ '2.1.1' ],
18 silly audit   co: [ '4.6.0' ],
18 silly audit   coa: [ '2.0.2' ],
18 silly audit   'color-convert': [ '1.9.3', '2.0.1' ],
18 silly audit   'color-name': [ '1.1.3', '1.1.4' ],
18 silly audit   'escape-string-regexp': [ '1.0.5', '4.0.0', '2.0.0' ],
18 silly audit   'has-flag': [ '3.0.0', '4.0.0' ],
18 silly audit   'supports-color': [ '5.5.0', '8.1.1', '7.2.0' ],
18 silly audit   'collect-v8-coverage': [ '1.0.2' ],
18 silly audit   'color-parse': [ '1.4.2' ],
18 silly audit   colord: [ '2.9.3' ],
18 silly audit   colorette: [ '2.0.20' ],
18 silly audit   'combined-stream': [ '1.0.8' ],
18 silly audit   commander: [ '8.3.0', '7.2.0', '4.1.1', '2.20.3' ],
18 silly audit   'common-tags': [ '1.8.2' ],
18 silly audit   commondir: [ '1.0.1' ],
18 silly audit   compressible: [ '2.0.18' ],
18 silly audit   compression: [ '1.8.1' ],
18 silly audit   'compute-scroll-into-view': [ '3.1.1' ],
18 silly audit   'concat-map': [ '0.0.1' ],
18 silly audit   'confusing-browser-globals': [ '1.0.11' ],
18 silly audit   'connect-history-api-fallback': [ '2.0.0' ],
18 silly audit   'content-disposition': [ '0.5.4' ],
18 silly audit   'content-type': [ '1.0.5' ],
18 silly audit   cookie: [ '1.0.2', '0.7.1' ],
18 silly audit   'cookie-signature': [ '1.0.6' ],
18 silly audit   'copy-to-clipboard': [ '3.3.3' ],
18 silly audit   'core-js': [ '3.44.0' ],
18 silly audit   'core-js-compat': [ '3.44.0' ],
18 silly audit   'core-js-pure': [ '3.44.0' ],
18 silly audit   'core-util-is': [ '1.0.3' ],
18 silly audit   cosmiconfig: [ '7.1.0', '6.0.0' ],
18 silly audit   'cross-spawn': [ '7.0.6' ],
18 silly audit   'crypto-random-string': [ '2.0.0' ],
18 silly audit   'css-blank-pseudo': [ '3.0.3' ],
18 silly audit   'css-declaration-sorter': [ '6.4.1' ],
18 silly audit   'css-has-pseudo': [ '3.0.4' ],
18 silly audit   'css-loader': [ '6.11.0' ],
18 silly audit   'css-minimizer-webpack-plugin': [ '3.4.1' ],
18 silly audit   'css-prefers-color-scheme': [ '6.0.3' ],
18 silly audit   'css-select': [ '4.3.0', '2.1.0' ],
18 silly audit   'css-select-base-adapter': [ '0.1.1' ],
18 silly audit   'css-tree': [ '1.0.0-alpha.37', '1.1.3' ],
18 silly audit   'css-what': [ '6.2.2', '3.4.2' ],
18 silly audit   'css.escape': [ '1.5.1' ],
18 silly audit   cssdb: [ '7.11.2' ],
18 silly audit   cssesc: [ '3.0.0' ],
18 silly audit   cssnano: [ '5.1.15' ],
18 silly audit   'cssnano-preset-default': [ '5.2.14' ],
18 silly audit   'cssnano-utils': [ '3.1.0' ],
18 silly audit   csso: [ '4.2.0' ],
18 silly audit   'mdn-data': [ '2.0.14', '2.0.4' ],
18 silly audit   cssom: [ '0.4.4', '0.3.8' ],
18 silly audit   cssstyle: [ '2.3.0' ],
18 silly audit   csstype: [ '3.1.3' ],
18 silly audit   'd3-array': [ '3.2.4' ],
18 silly audit   'd3-color': [ '3.1.0' ],
18 silly audit   'd3-ease': [ '3.0.1' ],
18 silly audit   'd3-format': [ '3.1.0' ],
18 silly audit   'd3-interpolate': [ '3.0.1' ],
18 silly audit   'd3-path': [ '3.1.0' ],
18 silly audit   'd3-scale': [ '4.0.2' ],
18 silly audit   'd3-shape': [ '3.2.0' ],
18 silly audit   'd3-time': [ '3.1.0' ],
18 silly audit   'd3-time-format': [ '4.1.0' ],
18 silly audit   'd3-timer': [ '3.0.1' ],
18 silly audit   'damerau-levenshtein': [ '1.0.8' ],
18 silly audit   'data-urls': [ '2.0.0' ],
18 silly audit   'data-view-buffer': [ '1.0.2' ],
18 silly audit   'data-view-byte-length': [ '1.0.2' ],
18 silly audit   'data-view-byte-offset': [ '1.0.1' ],
18 silly audit   dayjs: [ '1.11.13' ],
18 silly audit   'decimal.js': [ '10.6.0' ],
18 silly audit   'decimal.js-light': [ '2.5.1' ],
18 silly audit   dedent: [ '0.7.0' ],
18 silly audit   'deep-equal': [ '1.1.2' ],
18 silly audit   'deep-is': [ '0.1.4' ],
18 silly audit   deepmerge: [ '4.3.1' ],
18 silly audit   'default-gateway': [ '6.0.3' ],
18 silly audit   'define-data-property': [ '1.1.4' ],
18 silly audit   'define-lazy-prop': [ '2.0.0' ],
18 silly audit   'define-properties': [ '1.2.1' ],
18 silly audit   'delayed-stream': [ '1.0.0' ],
18 silly audit   depd: [ '2.0.0', '1.1.2' ],
18 silly audit   dequal: [ '2.0.3' ],
18 silly audit   destroy: [ '1.2.0' ],
18 silly audit   'detect-newline': [ '3.1.0' ],
18 silly audit   'detect-node': [ '2.1.0' ],
18 silly audit   'detect-node-es': [ '1.1.0' ],
18 silly audit   'detect-port-alt': [ '1.1.6' ],
18 silly audit   didyoumean: [ '1.2.2' ],
18 silly audit   'diff-sequences': [ '27.5.1' ],
18 silly audit   'dir-glob': [ '3.0.1' ],
18 silly audit   dlv: [ '1.1.3' ],
18 silly audit   'dns-packet': [ '5.6.1' ],
18 silly audit   doctrine: [ '3.0.0', '2.1.0' ],
18 silly audit   'dom-converter': [ '0.2.0' ],
18 silly audit   'dom-serializer': [ '1.4.1', '0.2.2' ],
18 silly audit   domelementtype: [ '2.3.0', '1.3.1' ],
18 silly audit   domexception: [ '2.0.1' ],
18 silly audit   'webidl-conversions': [ '5.0.0', '6.1.0', '4.0.2' ],
18 silly audit   domhandler: [ '4.3.1' ],
18 silly audit   domutils: [ '2.8.0', '1.7.0' ],
18 silly audit   'dot-case': [ '3.0.4' ],
18 silly audit   dotenv: [ '10.0.0' ],
18 silly audit   'dotenv-expand': [ '5.1.0' ],
18 silly audit   'draftjs-to-html': [ '0.9.1' ],
18 silly audit   'dunder-proto': [ '1.0.1' ],
18 silly audit   duplexer: [ '0.1.2' ],
18 silly audit   eastasianwidth: [ '0.2.0' ],
18 silly audit   'ee-first': [ '1.1.1' ],
18 silly audit   ejs: [ '3.1.10' ],
18 silly audit   'electron-to-chromium': [ '1.5.182' ],
18 silly audit   emittery: [ '0.8.1', '0.10.2' ],
18 silly audit   'emoji-regex': [ '9.2.2', '8.0.0' ],
18 silly audit   'emojis-list': [ '3.0.0' ],
18 silly audit   encodeurl: [ '2.0.0', '1.0.2' ],
18 silly audit   'enhanced-resolve': [ '5.18.2' ],
18 silly audit   entities: [ '2.2.0' ],
18 silly audit   'error-ex': [ '1.3.2' ],
18 silly audit   'error-stack-parser': [ '2.1.4' ],
18 silly audit   'es-abstract': [ '1.24.0' ],
18 silly audit   'es-array-method-boxes-properly': [ '1.0.0' ],
18 silly audit   'es-define-property': [ '1.0.1' ],
18 silly audit   'es-errors': [ '1.3.0' ],
18 silly audit   'es-iterator-helpers': [ '1.2.1' ],
18 silly audit   'es-module-lexer': [ '1.7.0' ],
18 silly audit   'es-object-atoms': [ '1.1.1' ],
18 silly audit   'es-set-tostringtag': [ '2.1.0' ],
18 silly audit   'es-shim-unscopables': [ '1.1.0' ],
18 silly audit   'es-to-primitive': [ '1.3.0' ],
18 silly audit   'es-toolkit': [ '1.39.7' ],
18 silly audit   escalade: [ '3.2.0' ],
18 silly audit   'escape-html': [ '1.0.3' ],
18 silly audit   escodegen: [ '2.1.0', '1.14.3' ],
18 silly audit   eslint: [ '8.57.1' ],
18 silly audit   'eslint-config-react-app': [ '7.0.1' ],
18 silly audit   'eslint-import-resolver-node': [ '0.3.9' ],
18 silly audit   'eslint-module-utils': [ '2.12.1' ],
18 silly audit   'eslint-plugin-flowtype': [ '8.0.3' ],
18 silly audit   'eslint-plugin-import': [ '2.32.0' ],
18 silly audit   'eslint-plugin-jest': [ '25.7.0' ],
18 silly audit   'eslint-plugin-jsx-a11y': [ '6.10.2' ],
18 silly audit   'eslint-plugin-react': [ '7.37.5' ],
18 silly audit   'eslint-plugin-react-hooks': [ '4.6.2' ],
18 silly audit   resolve: [ '2.0.0-next.5', '1.22.10' ],
18 silly audit   'eslint-plugin-testing-library': [ '5.11.1' ],
18 silly audit   'eslint-webpack-plugin': [ '3.2.0' ],
18 silly audit   'jest-worker': [ '28.1.3', '27.5.1', '26.6.2' ],
18 silly audit   'find-up': [ '5.0.0', '4.1.0', '3.0.0' ],
18 silly audit   'locate-path': [ '6.0.0', '5.0.0', '3.0.0' ],
18 silly audit   'p-limit': [ '3.1.0', '2.3.0' ],
18 silly audit   'p-locate': [ '5.0.0', '4.1.0', '3.0.0' ],
18 silly audit   espree: [ '9.6.1' ],
18 silly audit   esprima: [ '4.0.1', '1.2.2' ],
18 silly audit   esquery: [ '1.6.0' ],
18 silly audit   esrecurse: [ '4.3.0' ],
18 silly audit   'estree-walker': [ '1.0.1' ],
18 silly audit   esutils: [ '2.0.3' ],
18 silly audit   etag: [ '1.8.1' ],
18 silly audit   eventemitter3: [ '2.0.3', '4.0.7', '5.0.1' ],
18 silly audit   events: [ '3.3.0' ],
18 silly audit   execa: [ '5.1.1' ],
18 silly audit   exit: [ '0.1.2' ],
18 silly audit   expect: [ '27.5.1' ],
18 silly audit   express: [ '4.21.2' ],
18 silly audit   extend: [ '3.0.2' ],
18 silly audit   'fast-deep-equal': [ '3.1.3' ],
18 silly audit   'fast-diff': [ '1.1.2' ],
18 silly audit   'fast-glob': [ '3.3.3' ],
18 silly audit   'fast-json-stable-stringify': [ '2.1.0' ],
18 silly audit   'fast-levenshtein': [ '2.0.6' ],
18 silly audit   'fast-uri': [ '3.0.6' ],
18 silly audit   fastq: [ '1.19.1' ],
18 silly audit   'faye-websocket': [ '0.11.4' ],
18 silly audit   'fb-watchman': [ '2.0.2' ],
18 silly audit   'file-entry-cache': [ '6.0.1' ],
18 silly audit   'file-loader': [ '6.2.0' ],
18 silly audit   filelist: [ '1.0.4' ],
18 silly audit   minimatch: [ '5.1.6', '3.1.2', '9.0.5' ],
18 silly audit   filesize: [ '8.0.7' ],
18 silly audit   'fill-range': [ '7.1.1' ],
18 silly audit   finalhandler: [ '1.3.1' ],
18 silly audit   'find-cache-dir': [ '3.3.2' ],
18 silly audit   'flat-cache': [ '3.2.0' ],
18 silly audit   flatted: [ '3.3.3' ],
18 silly audit   'follow-redirects': [ '1.15.9' ],
18 silly audit   'for-each': [ '0.3.5' ],
18 silly audit   'foreground-child': [ '3.3.1' ],
18 silly audit   'signal-exit': [ '4.1.0', '3.0.7' ],
18 silly audit   'fork-ts-checker-webpack-plugin': [ '6.5.3' ],
18 silly audit   'fs-extra': [ '9.1.0', '10.1.0' ],
18 silly audit   tapable: [ '1.1.3', '2.2.2' ],
18 silly audit   'form-data': [ '4.0.4', '3.0.4' ],
18 silly audit   forwarded: [ '0.2.0' ],
18 silly audit   'fraction.js': [ '4.3.7' ],
18 silly audit   fresh: [ '0.5.2' ],
18 silly audit   'fs-monkey': [ '1.0.6' ],
18 silly audit   'fs.realpath': [ '1.0.0' ],
18 silly audit   fsevents: [ '2.3.3' ],
18 silly audit   'function-bind': [ '1.1.2' ],
18 silly audit   'function.prototype.name': [ '1.1.8' ],
18 silly audit   'functions-have-names': [ '1.2.3' ],
18 silly audit   gensync: [ '1.0.0-beta.2' ],
18 silly audit   'get-caller-file': [ '2.0.5' ],
18 silly audit   'get-intrinsic': [ '1.3.0' ],
18 silly audit   'get-nonce': [ '1.0.1' ],
18 silly audit   'get-own-enumerable-property-symbols': [ '3.0.2' ],
18 silly audit   'get-package-type': [ '0.1.0' ],
18 silly audit   'get-proto': [ '1.0.1' ],
18 silly audit   'get-stream': [ '6.0.1' ],
18 silly audit   'get-symbol-description': [ '1.1.0' ],
18 silly audit   glob: [ '7.2.3', '10.4.5' ],
18 silly audit   'glob-to-regexp': [ '0.4.1' ],
18 silly audit   'global-modules': [ '2.0.0' ],
18 silly audit   'global-prefix': [ '3.0.0' ],
18 silly audit   which: [ '1.3.1', '2.0.2' ],
18 silly audit   globals: [ '13.24.0' ],
18 silly audit   globalthis: [ '1.0.4' ],
18 silly audit   globby: [ '11.1.0' ],
18 silly audit   gopd: [ '1.2.0' ],
18 silly audit   'graceful-fs': [ '4.2.11' ],
18 silly audit   graphemer: [ '1.4.0' ],
18 silly audit   'gzip-size': [ '6.0.0' ],
18 silly audit   'handle-thing': [ '2.0.1' ],
18 silly audit   'harmony-reflect': [ '1.6.2' ],
18 silly audit   'has-bigints': [ '1.1.0' ],
18 silly audit   'has-property-descriptors': [ '1.0.2' ],
18 silly audit   'has-proto': [ '1.2.0' ],
18 silly audit   'has-symbols': [ '1.1.0' ],
18 silly audit   'has-tostringtag': [ '1.0.2' ],
18 silly audit   hasown: [ '2.0.2' ],
18 silly audit   he: [ '1.2.0' ],
18 silly audit   hoopy: [ '0.1.4' ],
18 silly audit   'hpack.js': [ '2.1.6' ],
18 silly audit   isarray: [ '1.0.0', '2.0.5' ],
18 silly audit   'readable-stream': [ '2.3.8', '3.6.2' ],
18 silly audit   'safe-buffer': [ '5.1.2', '5.2.1' ],
18 silly audit   string_decoder: [ '1.1.1', '1.3.0' ],
18 silly audit   'html-encoding-sniffer': [ '2.0.1' ],
18 silly audit   'html-entities': [ '2.6.0' ],
18 silly audit   'html-escaper': [ '2.0.2' ],
18 silly audit   'html-minifier-terser': [ '6.1.0' ],
18 silly audit   'html-webpack-plugin': [ '5.6.3' ],
18 silly audit   htmlparser2: [ '6.1.0' ],
18 silly audit   'http-deceiver': [ '1.2.7' ],
18 silly audit   'http-errors': [ '2.0.0', '1.6.3' ],
18 silly audit   'http-parser-js': [ '0.5.10' ],
18 silly audit   'http-proxy': [ '1.18.1' ],
18 silly audit   'http-proxy-agent': [ '4.0.1' ],
18 silly audit   'http-proxy-middleware': [ '2.0.9' ],
18 silly audit   'https-proxy-agent': [ '5.0.1' ],
18 silly audit   'human-signals': [ '2.1.0' ],
18 silly audit   'icss-utils': [ '5.1.0' ],
18 silly audit   idb: [ '7.1.1' ],
18 silly audit   'identity-obj-proxy': [ '3.0.0' ],
18 silly audit   ignore: [ '5.3.2' ],
18 silly audit   'import-fresh': [ '3.3.1' ],
18 silly audit   'resolve-from': [ '4.0.0', '5.0.0' ],
18 silly audit   'import-local': [ '3.2.0' ],
18 silly audit   imurmurhash: [ '0.1.4' ],
18 silly audit   'indent-string': [ '4.0.0' ],
18 silly audit   inflight: [ '1.0.6' ],
18 silly audit   inherits: [ '2.0.4', '2.0.3' ],
18 silly audit   ini: [ '1.3.8' ],
18 silly audit   'internal-slot': [ '1.1.0' ],
18 silly audit   internmap: [ '2.0.3' ],
18 silly audit   'ipaddr.js': [ '2.2.0', '1.9.1' ],
18 silly audit   'is-arguments': [ '1.2.0' ],
18 silly audit   'is-array-buffer': [ '3.0.5' ],
18 silly audit   'is-arrayish': [ '0.2.1' ],
18 silly audit   'is-async-function': [ '2.1.1' ],
18 silly audit   'is-bigint': [ '1.1.0' ],
18 silly audit   'is-binary-path': [ '2.1.0' ],
18 silly audit   'is-boolean-object': [ '1.2.2' ],
18 silly audit   'is-callable': [ '1.2.7' ],
18 silly audit   'is-core-module': [ '2.16.1' ],
18 silly audit   'is-data-view': [ '1.0.2' ],
18 silly audit   'is-date-object': [ '1.1.0' ],
18 silly audit   'is-docker': [ '2.2.1' ],
18 silly audit   'is-extglob': [ '2.1.1' ],
18 silly audit   'is-finalizationregistry': [ '1.1.1' ],
18 silly audit   'is-fullwidth-code-point': [ '3.0.0' ],
18 silly audit   'is-generator-fn': [ '2.1.0' ],
18 silly audit   'is-generator-function': [ '1.1.0' ],
18 silly audit   'is-glob': [ '4.0.3' ],
18 silly audit   'is-map': [ '2.0.3' ],
18 silly audit   'is-module': [ '1.0.0' ],
18 silly audit   'is-negative-zero': [ '2.0.3' ],
18 silly audit   'is-number': [ '7.0.0' ],
18 silly audit   'is-number-object': [ '1.1.1' ],
18 silly audit   'is-obj': [ '1.0.1' ],
18 silly audit   'is-path-inside': [ '3.0.3' ],
18 silly audit   'is-plain-obj': [ '3.0.0' ],
18 silly audit   'is-potential-custom-element-name': [ '1.0.1' ],
18 silly audit   'is-regex': [ '1.2.1' ],
18 silly audit   'is-regexp': [ '1.0.0' ],
18 silly audit   'is-root': [ '2.1.0' ],
18 silly audit   'is-set': [ '2.0.3' ],
18 silly audit   'is-shared-array-buffer': [ '1.0.4' ],
18 silly audit   'is-stream': [ '2.0.1' ],
18 silly audit   'is-string': [ '1.1.1' ],
18 silly audit   'is-symbol': [ '1.1.1' ],
18 silly audit   'is-typed-array': [ '1.1.15' ],
18 silly audit   'is-typedarray': [ '1.0.0' ],
18 silly audit   'is-weakmap': [ '2.0.2' ],
18 silly audit   'is-weakref': [ '1.1.1' ],
18 silly audit   'is-weakset': [ '2.0.4' ],
18 silly audit   'is-wsl': [ '2.2.0' ],
18 silly audit   isexe: [ '2.0.0' ],
18 silly audit   'istanbul-lib-coverage': [ '3.2.2' ],
18 silly audit   'istanbul-lib-instrument': [ '5.2.1' ],
18 silly audit   'istanbul-lib-report': [ '3.0.1' ],
18 silly audit   'make-dir': [ '4.0.0', '3.1.0' ],
18 silly audit   'istanbul-lib-source-maps': [ '4.0.1' ],
18 silly audit   'istanbul-reports': [ '3.1.7' ],
18 silly audit   'iterator.prototype': [ '1.1.5' ],
18 silly audit   jackspeak: [ '3.4.3' ],
18 silly audit   jake: [ '10.9.2' ],
18 silly audit   jest: [ '27.5.1' ],
18 silly audit   'jest-changed-files': [ '27.5.1' ],
18 silly audit   'jest-circus': [ '27.5.1' ],
18 silly audit   'jest-cli': [ '27.5.1' ],
18 silly audit   'jest-config': [ '27.5.1' ],
18 silly audit   'jest-diff': [ '27.5.1' ],
18 silly audit   'jest-docblock': [ '27.5.1' ],
18 silly audit   'jest-each': [ '27.5.1' ],
18 silly audit   'jest-environment-jsdom': [ '27.5.1' ],
18 silly audit   'jest-environment-node': [ '27.5.1' ],
18 silly audit   'jest-get-type': [ '27.5.1' ],
18 silly audit   'jest-haste-map': [ '27.5.1' ],
18 silly audit   'jest-jasmine2': [ '27.5.1' ],
18 silly audit   'jest-leak-detector': [ '27.5.1' ],
18 silly audit   'jest-matcher-utils': [ '27.5.1' ],
18 silly audit   'jest-message-util': [ '27.5.1', '28.1.3' ],
18 silly audit   'jest-mock': [ '27.5.1' ],
18 silly audit   'jest-pnp-resolver': [ '1.2.3' ],
18 silly audit   'jest-regex-util': [ '27.5.1', '28.0.2' ],
18 silly audit   'jest-resolve': [ '27.5.1' ],
18 silly audit   'jest-resolve-dependencies': [ '27.5.1' ],
18 silly audit   'jest-runner': [ '27.5.1' ],
18 silly audit   'jest-runtime': [ '27.5.1' ],
18 silly audit   'jest-serializer': [ '27.5.1' ],
18 silly audit   'jest-snapshot': [ '27.5.1' ],
18 silly audit   'jest-util': [ '27.5.1', '28.1.3' ],
18 silly audit   'jest-validate': [ '27.5.1' ],
18 silly audit   'jest-watch-typeahead': [ '1.1.0' ],
18 silly audit   slash: [ '3.0.0', '4.0.0' ],
18 silly audit   'jest-watcher': [ '28.1.3', '27.5.1' ],
18 silly audit   'string-length': [ '4.0.2', '5.0.1' ],
18 silly audit   'pretty-format': [ '28.1.3', '27.5.1' ],
18 silly audit   jiti: [ '1.21.7' ],
18 silly audit   'js-tokens': [ '4.0.0' ],
18 silly audit   jsdom: [ '16.7.0' ],
18 silly audit   jsesc: [ '3.1.0', '3.0.2' ],
18 silly audit   'json-buffer': [ '3.0.1' ],
18 silly audit   'json-parse-even-better-errors': [ '2.3.1' ],
18 silly audit   'json-schema': [ '0.4.0' ],
18 silly audit   'json-stable-stringify-without-jsonify': [ '1.0.1' ],
18 silly audit   json2mq: [ '0.2.0' ],
18 silly audit   json5: [ '2.2.3', '1.0.2' ],
18 silly audit   jsonfile: [ '6.1.0' ],
18 silly audit   jsonpath: [ '1.1.1' ],
18 silly audit   jsonpointer: [ '5.0.1' ],
18 silly audit   'jsx-ast-utils': [ '3.3.5' ],
18 silly audit   keyv: [ '4.5.4' ],
18 silly audit   'kind-of': [ '6.0.3' ],
18 silly audit   kleur: [ '3.0.3' ],
18 silly audit   klona: [ '2.0.6' ],
18 silly audit   'language-subtag-registry': [ '0.3.23' ],
18 silly audit   'language-tags': [ '1.0.9' ],
18 silly audit   'launch-editor': [ '2.10.0' ],
18 silly audit   leven: [ '3.1.0' ],
18 silly audit   levn: [ '0.4.1', '0.3.0' ],
18 silly audit   lilconfig: [ '2.1.0', '3.1.3' ],
18 silly audit   'lines-and-columns': [ '1.2.4' ],
18 silly audit   'loader-runner': [ '4.3.0' ],
18 silly audit   'loader-utils': [ '2.0.4', '3.3.1' ],
18 silly audit   lodash: [ '4.17.21' ],
18 silly audit   'lodash-es': [ '4.17.21' ],
18 silly audit   'lodash.debounce': [ '4.0.8' ],
18 silly audit   'lodash.memoize': [ '4.1.2' ],
18 silly audit   'lodash.merge': [ '4.6.2' ],
18 silly audit   'lodash.sortby': [ '4.7.0' ],
18 silly audit   'lodash.uniq': [ '4.5.0' ],
18 silly audit   'loose-envify': [ '1.4.0' ],
18 silly audit   'lower-case': [ '2.0.2' ],
18 silly audit   'lru-cache': [ '5.1.1', '10.4.3' ],
18 silly audit   'lz-string': [ '1.5.0' ],
18 silly audit   'magic-string': [ '0.25.9' ],
18 silly audit   makeerror: [ '1.0.12' ],
18 silly audit   marked: [ '4.0.12' ],
18 silly audit   'math-intrinsics': [ '1.1.0' ],
18 silly audit   'media-typer': [ '0.3.0' ],
18 silly audit   memfs: [ '3.5.3' ],
18 silly audit   'merge-descriptors': [ '1.0.3' ],
18 silly audit   'merge-stream': [ '2.0.0' ],
18 silly audit   merge2: [ '1.4.1' ],
18 silly audit   methods: [ '1.1.2' ],
18 silly audit   micromatch: [ '4.0.8' ],
18 silly audit   mime: [ '1.6.0' ],
18 silly audit   'mime-db': [ '1.52.0' ],
18 silly audit   'mime-types': [ '2.1.35' ],
18 silly audit   'mimic-fn': [ '2.1.0' ],
18 silly audit   'min-indent': [ '1.0.1' ],
18 silly audit   'mini-css-extract-plugin': [ '2.9.2' ],
18 silly audit   'minimalistic-assert': [ '1.0.1' ],
18 silly audit   minimist: [ '1.2.8' ],
18 silly audit   minipass: [ '7.1.2' ],
18 silly audit   mkdirp: [ '0.5.6' ],
18 silly audit   moment: [ '2.30.1' ],
18 silly audit   'multicast-dns': [ '7.2.5' ],
18 silly audit   mz: [ '2.7.0' ],
18 silly audit   nanoid: [ '3.3.11' ],
18 silly audit   'natural-compare': [ '1.4.0' ],
18 silly audit   'natural-compare-lite': [ '1.4.0' ],
18 silly audit   'neo-async': [ '2.6.2' ],
18 silly audit   'no-case': [ '3.0.4' ],
18 silly audit   'node-forge': [ '1.3.1' ],
18 silly audit   'node-int64': [ '0.4.0' ],
18 silly audit   'node-releases': [ '2.0.19' ],
18 silly audit   'normalize-path': [ '3.0.0' ],
18 silly audit   'normalize-range': [ '0.1.2' ],
18 silly audit   'normalize-url': [ '6.1.0' ],
18 silly audit   'normalize-wheel': [ '1.0.1' ],
18 silly audit   'npm-run-path': [ '4.0.1' ],
18 silly audit   'nth-check': [ '2.1.1', '1.0.2' ],
18 silly audit   nwsapi: [ '2.2.20' ],
18 silly audit   'object-assign': [ '4.1.1' ],
18 silly audit   'object-hash': [ '3.0.0' ],
18 silly audit   'object-inspect': [ '1.13.4' ],
18 silly audit   'object-is': [ '1.1.6' ],
18 silly audit   'object-keys': [ '1.1.1' ],
18 silly audit   'object.assign': [ '4.1.7' ],
18 silly audit   'object.entries': [ '1.1.9' ],
18 silly audit   'object.fromentries': [ '2.0.8' ],
18 silly audit   'object.getownpropertydescriptors': [ '2.1.8' ],
18 silly audit   'object.groupby': [ '1.0.3' ],
18 silly audit   'object.values': [ '1.2.1' ],
18 silly audit   obuf: [ '1.1.2' ],
18 silly audit   'on-finished': [ '2.4.1' ],
18 silly audit   'on-headers': [ '1.1.0' ],
18 silly audit   once: [ '1.4.0' ],
18 silly audit   onetime: [ '5.1.2' ],
18 silly audit   open: [ '8.4.2' ],
18 silly audit   optionator: [ '0.9.4', '0.8.3' ],
18 silly audit   'own-keys': [ '1.0.1' ],
18 silly audit   'p-retry': [ '4.6.2' ],
18 silly audit   'p-try': [ '2.2.0' ],
18 silly audit   'package-json-from-dist': [ '1.0.1' ],
18 silly audit   'param-case': [ '3.0.4' ],
18 silly audit   parchment: [ '1.1.4' ],
18 silly audit   'parent-module': [ '1.0.1' ],
18 silly audit   'parse-json': [ '5.2.0' ],
18 silly audit   parse5: [ '6.0.1' ],
18 silly audit   parseurl: [ '1.3.3' ],
18 silly audit   'pascal-case': [ '3.1.2' ],
18 silly audit   'path-exists': [ '4.0.0', '3.0.0' ],
18 silly audit   'path-is-absolute': [ '1.0.1' ],
18 silly audit   'path-key': [ '3.1.1' ],
18 silly audit   'path-parse': [ '1.0.7' ],
18 silly audit   'path-scurry': [ '1.11.1' ],
18 silly audit   'path-to-regexp': [ '0.1.12' ],
18 silly audit   'path-type': [ '4.0.0' ],
18 silly audit   'performance-now': [ '2.1.0' ],
18 silly audit   picocolors: [ '1.1.1', '0.2.1' ],
18 silly audit   picomatch: [ '2.3.1' ],
18 silly audit   pify: [ '2.3.0' ],
18 silly audit   pirates: [ '4.0.7' ],
18 silly audit   'pkg-dir': [ '4.2.0' ],
18 silly audit   'pkg-up': [ '3.1.0' ],
18 silly audit   'possible-typed-array-names': [ '1.1.0' ],
18 silly audit   postcss: [ '8.5.6', '7.0.39' ],
18 silly audit   'postcss-attribute-case-insensitive': [ '5.0.2' ],
18 silly audit   'postcss-browser-comments': [ '4.0.0' ],
18 silly audit   'postcss-calc': [ '8.2.4' ],
18 silly audit   'postcss-clamp': [ '4.1.0' ],
18 silly audit   'postcss-color-functional-notation': [ '4.2.4' ],
18 silly audit   'postcss-color-hex-alpha': [ '8.0.4' ],
18 silly audit   'postcss-color-rebeccapurple': [ '7.1.1' ],
18 silly audit   'postcss-colormin': [ '5.3.1' ],
18 silly audit   'postcss-convert-values': [ '5.1.3' ],
18 silly audit   'postcss-custom-media': [ '8.0.2' ],
18 silly audit   'postcss-custom-properties': [ '12.1.11' ],
18 silly audit   'postcss-custom-selectors': [ '6.0.3' ],
18 silly audit   'postcss-dir-pseudo-class': [ '6.0.5' ],
18 silly audit   'postcss-discard-comments': [ '5.1.2' ],
18 silly audit   'postcss-discard-duplicates': [ '5.1.0' ],
18 silly audit   'postcss-discard-empty': [ '5.1.1' ],
18 silly audit   'postcss-discard-overridden': [ '5.1.0' ],
18 silly audit   'postcss-double-position-gradients': [ '3.1.2' ],
18 silly audit   'postcss-env-function': [ '4.0.6' ],
18 silly audit   'postcss-flexbugs-fixes': [ '5.0.2' ],
18 silly audit   'postcss-focus-visible': [ '6.0.4' ],
18 silly audit   'postcss-focus-within': [ '5.0.4' ],
18 silly audit   'postcss-font-variant': [ '5.0.0' ],
18 silly audit   'postcss-gap-properties': [ '3.0.5' ],
18 silly audit   'postcss-image-set-function': [ '4.0.7' ],
18 silly audit   'postcss-import': [ '15.1.0' ],
18 silly audit   'postcss-initial': [ '4.0.1' ],
18 silly audit   'postcss-js': [ '4.0.1' ],
18 silly audit   'postcss-lab-function': [ '4.2.1' ],
18 silly audit   'postcss-load-config': [ '4.0.2' ],
18 silly audit   yaml: [ '2.8.0', '1.10.2' ],
18 silly audit   'postcss-loader': [ '6.2.1' ],
18 silly audit   'postcss-logical': [ '5.0.4' ],
18 silly audit   'postcss-media-minmax': [ '5.0.0' ],
18 silly audit   'postcss-merge-longhand': [ '5.1.7' ],
18 silly audit   'postcss-merge-rules': [ '5.1.4' ],
18 silly audit   'postcss-minify-font-values': [ '5.1.0' ],
18 silly audit   'postcss-minify-gradients': [ '5.1.1' ],
18 silly audit   'postcss-minify-params': [ '5.1.4' ],
18 silly audit   'postcss-minify-selectors': [ '5.2.1' ],
18 silly audit   'postcss-modules-extract-imports': [ '3.1.0' ],
18 silly audit   'postcss-modules-local-by-default': [ '4.2.0' ],
18 silly audit   'postcss-selector-parser': [ '7.1.0', '6.1.2' ],
18 silly audit   'postcss-modules-scope': [ '3.2.1' ],
18 silly audit   'postcss-modules-values': [ '4.0.0' ],
18 silly audit   'postcss-nested': [ '6.2.0' ],
18 silly audit   'postcss-nesting': [ '10.2.0' ],
18 silly audit   'postcss-normalize': [ '10.0.1' ],
18 silly audit   'postcss-normalize-charset': [ '5.1.0' ],
18 silly audit   'postcss-normalize-display-values': [ '5.1.0' ],
18 silly audit   'postcss-normalize-positions': [ '5.1.1' ],
18 silly audit   'postcss-normalize-repeat-style': [ '5.1.1' ],
18 silly audit   'postcss-normalize-string': [ '5.1.0' ],
18 silly audit   'postcss-normalize-timing-functions': [ '5.1.0' ],
18 silly audit   'postcss-normalize-unicode': [ '5.1.1' ],
18 silly audit   'postcss-normalize-url': [ '5.1.0' ],
18 silly audit   'postcss-normalize-whitespace': [ '5.1.1' ],
18 silly audit   'postcss-opacity-percentage': [ '1.1.3' ],
18 silly audit   'postcss-ordered-values': [ '5.1.3' ],
18 silly audit   'postcss-overflow-shorthand': [ '3.0.4' ],
18 silly audit   'postcss-page-break': [ '3.0.4' ],
18 silly audit   'postcss-place': [ '7.0.5' ],
18 silly audit   'postcss-preset-env': [ '7.8.3' ],
18 silly audit   'postcss-pseudo-class-any-link': [ '7.1.6' ],
18 silly audit   'postcss-reduce-initial': [ '5.1.2' ],
18 silly audit   'postcss-reduce-transforms': [ '5.1.0' ],
18 silly audit   'postcss-replace-overflow-wrap': [ '4.0.0' ],
18 silly audit   'postcss-selector-not': [ '6.0.1' ],
18 silly audit   'postcss-svgo': [ '5.1.0' ],
18 silly audit   svgo: [ '2.8.0', '1.3.2' ],
18 silly audit   'postcss-unique-selectors': [ '5.1.1' ],
18 silly audit   'postcss-value-parser': [ '4.2.0' ],
18 silly audit   'prelude-ls': [ '1.2.1', '1.1.2' ],
18 silly audit   'pretty-bytes': [ '5.6.0' ],
18 silly audit   'pretty-error': [ '4.0.0' ],
18 silly audit   'react-is': [ '17.0.2', '16.13.1', '18.3.1' ],
18 silly audit   'process-nextick-args': [ '2.0.1' ],
18 silly audit   promise: [ '8.3.0' ],
18 silly audit   prompts: [ '2.4.2' ],
18 silly audit   'prop-types': [ '15.8.1' ],
18 silly audit   'proxy-addr': [ '2.0.7' ],
18 silly audit   'proxy-from-env': [ '1.1.0' ],
18 silly audit   psl: [ '1.15.0' ],
18 silly audit   punycode: [ '2.3.1' ],
18 silly audit   q: [ '1.5.1' ],
18 silly audit   qs: [ '6.13.0' ],
18 silly audit   querystringify: [ '2.2.0' ],
18 silly audit   'queue-microtask': [ '1.2.3' ],
18 silly audit   quill: [ '1.3.7' ],
18 silly audit   'quill-delta': [ '3.6.3' ],
18 silly audit   'quill-mention': [ '3.4.1' ],
18 silly audit   raf: [ '3.4.1' ],
18 silly audit   randombytes: [ '2.1.0' ],
18 silly audit   'range-parser': [ '1.2.1' ],
18 silly audit   'raw-body': [ '2.5.2' ],
18 silly audit   'rc-cascader': [ '3.34.0' ],
18 silly audit   'rc-checkbox': [ '3.5.0' ],
18 silly audit   'rc-collapse': [ '3.9.0' ],
18 silly audit   'rc-dialog': [ '9.6.0' ],
18 silly audit   'rc-drawer': [ '7.3.0' ],
18 silly audit   'rc-dropdown': [ '4.2.1' ],
18 silly audit   'rc-field-form': [ '2.7.0' ],
18 silly audit   'rc-image': [ '7.12.0' ],
18 silly audit   'rc-input': [ '1.8.0' ],
18 silly audit   'rc-input-number': [ '9.5.0' ],
18 silly audit   'rc-mentions': [ '2.20.0' ],
18 silly audit   'rc-menu': [ '9.16.1' ],
18 silly audit   'rc-motion': [ '2.9.5' ],
18 silly audit   'rc-notification': [ '5.6.4' ],
18 silly audit   'rc-overflow': [ '1.4.1' ],
18 silly audit   'rc-pagination': [ '5.1.0' ],
18 silly audit   'rc-picker': [ '4.11.3' ],
18 silly audit   'rc-progress': [ '4.0.0' ],
18 silly audit   'rc-rate': [ '2.13.1' ],
18 silly audit   'rc-resize-observer': [ '1.4.3' ],
18 silly audit   'rc-segmented': [ '2.7.0' ],
18 silly audit   'rc-select': [ '14.16.8' ],
18 silly audit   'rc-slider': [ '11.1.8' ],
18 silly audit   'rc-steps': [ '6.0.1' ],
18 silly audit   'rc-switch': [ '4.1.0' ],
18 silly audit   'rc-table': [ '7.51.1' ],
18 silly audit   'rc-tabs': [ '15.6.1' ],
18 silly audit   'rc-textarea': [ '1.10.0' ],
18 silly audit   'rc-tooltip': [ '6.4.0' ],
18 silly audit   'rc-tree': [ '5.13.1' ],
18 silly audit   'rc-tree-select': [ '5.27.0' ],
18 silly audit   'rc-upload': [ '4.9.2' ],
18 silly audit   'rc-util': [ '5.44.4' ],
18 silly audit   'rc-virtual-list': [ '3.19.1' ],
18 silly audit   react: [ '18.3.1' ],
18 silly audit   'react-app-polyfill': [ '3.0.0' ],
18 silly audit   'react-dev-utils': [ '12.0.1' ],
18 silly audit   'react-dom': [ '18.3.1' ],
18 silly audit   'react-easy-crop': [ '5.5.0' ],
18 silly audit   'react-error-overlay': [ '6.1.0' ],
18 silly audit   'react-fast-compare': [ '3.2.2' ],
18 silly audit   'react-helmet': [ '6.1.0' ],
18 silly audit   'react-icons': [ '4.12.0' ],
18 silly audit   'react-number-format': [ '5.4.4' ],
18 silly audit   'react-quill': [ '2.0.0' ],
18 silly audit   'react-redux': [ '9.2.0' ],
18 silly audit   'react-refresh': [ '0.11.0' ],
18 silly audit   'react-remove-scroll': [ '2.7.1' ],
18 silly audit   'react-remove-scroll-bar': [ '2.3.8' ],
18 silly audit   'react-router': [ '7.6.3' ],
18 silly audit   'react-router-dom': [ '7.6.3' ],
18 silly audit   'react-scripts': [ '5.0.1' ],
18 silly audit   'react-side-effect': [ '2.1.2' ],
18 silly audit   'react-style-singleton': [ '2.2.3' ],
18 silly audit   'react-textarea-autosize': [ '8.5.9' ],
18 silly audit   'read-cache': [ '1.0.0' ],
18 silly audit   readdirp: [ '3.6.0' ],
18 silly audit   recharts: [ '3.1.0' ],
18 silly audit   'recursive-readdir': [ '2.2.3' ],
18 silly audit   redent: [ '3.0.0' ],
18 silly audit   redux: [ '5.0.1' ],
18 silly audit   'redux-thunk': [ '3.1.0' ],
18 silly audit   'reflect.getprototypeof': [ '1.0.10' ],
18 silly audit   regenerate: [ '1.4.2' ],
18 silly audit   'regenerate-unicode-properties': [ '10.2.0' ],
18 silly audit   'regenerator-runtime': [ '0.13.11' ],
18 silly audit   'regex-parser': [ '2.3.1' ],
18 silly audit   'regexp.prototype.flags': [ '1.5.4' ],
18 silly audit   'regexpu-core': [ '6.2.0' ],
18 silly audit   regjsgen: [ '0.8.0' ],
18 silly audit   regjsparser: [ '0.12.0' ],
18 silly audit   relateurl: [ '0.2.7' ],
18 silly audit   renderkid: [ '3.0.0' ],
18 silly audit   'require-directory': [ '2.1.1' ],
18 silly audit   'require-from-string': [ '2.0.2' ],
18 silly audit   'requires-port': [ '1.0.0' ],
18 silly audit   reselect: [ '5.1.1' ],
18 silly audit   'resize-observer-polyfill': [ '1.5.1' ],
18 silly audit   'resolve-cwd': [ '3.0.0' ],
18 silly audit   'resolve-url-loader': [ '4.0.0' ],
18 silly audit   'resolve.exports': [ '1.1.1' ],
18 silly audit   retry: [ '0.13.1' ],
18 silly audit   reusify: [ '1.1.0' ],
18 silly audit   rimraf: [ '3.0.2' ],
18 silly audit   rollup: [ '2.79.2' ],
18 silly audit   'rollup-plugin-terser': [ '7.0.2' ],
18 silly audit   'serialize-javascript': [ '4.0.0', '6.0.2' ],
18 silly audit   'run-parallel': [ '1.2.0' ],
18 silly audit   'safe-array-concat': [ '1.1.3' ],
18 silly audit   'safe-push-apply': [ '1.0.0' ],
18 silly audit   'safe-regex-test': [ '1.1.0' ],
18 silly audit   'safer-buffer': [ '2.1.2' ],
18 silly audit   'sanitize.css': [ '13.0.0' ],
18 silly audit   'sass-loader': [ '12.6.0' ],
18 silly audit   sax: [ '1.2.4' ],
18 silly audit   saxes: [ '5.0.1' ],
18 silly audit   scheduler: [ '0.23.2' ],
18 silly audit   'scroll-into-view-if-needed': [ '3.1.0' ],
18 silly audit   'select-hose': [ '2.0.0' ],
18 silly audit   selfsigned: [ '2.4.1' ],
18 silly audit   send: [ '0.19.0' ],
18 silly audit   'serve-index': [ '1.9.1' ],
18 silly audit   setprototypeof: [ '1.1.0', '1.2.0' ],
18 silly audit   statuses: [ '1.5.0', '2.0.1' ],
18 silly audit   'serve-static': [ '1.16.2' ],
18 silly audit   'set-cookie-parser': [ '2.7.1' ],
18 silly audit   'set-function-length': [ '1.2.2' ],
18 silly audit   'set-function-name': [ '2.0.2' ],
18 silly audit   'set-proto': [ '1.0.0' ],
18 silly audit   'shebang-command': [ '2.0.0' ],
18 silly audit   'shebang-regex': [ '3.0.0' ],
18 silly audit   'shell-quote': [ '1.8.3' ],
18 silly audit   'side-channel': [ '1.1.0' ],
18 silly audit   'side-channel-list': [ '1.0.0' ],
18 silly audit   'side-channel-map': [ '1.0.1' ],
18 silly audit   'side-channel-weakmap': [ '1.0.2' ],
18 silly audit   sisteransi: [ '1.0.5' ],
18 silly audit   sockjs: [ '0.3.24' ],
18 silly audit   'source-list-map': [ '2.0.1' ],
18 silly audit   'source-map-js': [ '1.2.1' ],
18 silly audit   'source-map-loader': [ '3.0.2' ],
18 silly audit   'source-map-support': [ '0.5.21' ],
18 silly audit   'sourcemap-codec': [ '1.4.8' ],
18 silly audit   spdy: [ '4.0.2' ],
18 silly audit   'spdy-transport': [ '3.0.0' ],
18 silly audit   'sprintf-js': [ '1.0.3' ],
18 silly audit   stable: [ '0.1.8' ],
18 silly audit   'stack-utils': [ '2.0.6' ],
18 silly audit   stackframe: [ '1.3.4' ],
18 silly audit   'static-eval': [ '2.0.2' ],
18 silly audit   'type-check': [ '0.3.2', '0.4.0' ],
18 silly audit   'stop-iteration-iterator': [ '1.1.0' ],
18 silly audit   'string-convert': [ '0.2.1' ],
18 silly audit   'string-natural-compare': [ '3.0.1' ],
18 silly audit   'string.prototype.includes': [ '2.0.1' ],
18 silly audit   'string.prototype.matchall': [ '4.0.12' ],
18 silly audit   'string.prototype.repeat': [ '1.0.0' ],
18 silly audit   'string.prototype.trim': [ '1.2.10' ],
18 silly audit   'string.prototype.trimend': [ '1.0.9' ],
18 silly audit   'string.prototype.trimstart': [ '1.0.8' ],
18 silly audit   'stringify-object': [ '3.3.0' ],
18 silly audit   'strip-bom': [ '4.0.0', '3.0.0' ],
18 silly audit   'strip-comments': [ '2.0.1' ],
18 silly audit   'strip-final-newline': [ '2.0.0' ],
18 silly audit   'strip-indent': [ '3.0.0' ],
18 silly audit   'strip-json-comments': [ '3.1.1' ],
18 silly audit   'style-loader': [ '3.3.4' ],
18 silly audit   stylehacks: [ '5.1.1' ],
18 silly audit   stylis: [ '4.3.6' ],
18 silly audit   sucrase: [ '3.35.0' ],
18 silly audit   'supports-hyperlinks': [ '2.3.0' ],
18 silly audit   'supports-preserve-symlinks-flag': [ '1.0.0' ],
18 silly audit   'svg-parser': [ '2.0.4' ],
18 silly audit   'symbol-tree': [ '3.2.4' ],
18 silly audit   tabbable: [ '6.2.0' ],
18 silly audit   tailwindcss: [ '3.4.17' ],
18 silly audit   'temp-dir': [ '2.0.0' ],
18 silly audit   tempy: [ '0.6.0' ],
18 silly audit   'terminal-link': [ '2.1.1' ],
18 silly audit   terser: [ '5.43.1' ],
18 silly audit   'terser-webpack-plugin': [ '5.3.14' ],
18 silly audit   'test-exclude': [ '6.0.0' ],
18 silly audit   'text-table': [ '0.2.0' ],
18 silly audit   thenify: [ '3.3.1' ],
18 silly audit   'thenify-all': [ '1.6.0' ],
18 silly audit   throat: [ '6.0.2' ],
18 silly audit   'throttle-debounce': [ '5.0.2' ],
18 silly audit   thunky: [ '1.1.0' ],
18 silly audit   'tiny-invariant': [ '1.3.3' ],
18 silly audit   tmpl: [ '1.0.5' ],
18 silly audit   'to-regex-range': [ '5.0.1' ],
18 silly audit   'toggle-selection': [ '1.0.6' ],
18 silly audit   toidentifier: [ '1.0.1' ],
18 silly audit   'tough-cookie': [ '4.1.4' ],
18 silly audit   universalify: [ '0.2.0', '2.0.1' ],
18 silly audit   tr46: [ '2.1.0', '1.0.1' ],
18 silly audit   tryer: [ '1.0.1' ],
18 silly audit   'ts-interface-checker': [ '0.1.13' ],
18 silly audit   'tsconfig-paths': [ '3.15.0' ],
18 silly audit   tslib: [ '2.8.1', '1.14.1' ],
18 silly audit   tsutils: [ '3.21.0' ],
18 silly audit   turndown: [ '6.0.0' ],
18 silly audit   'turndown-plugin-gfm': [ '1.0.2' ],
18 silly audit   'type-detect': [ '4.0.8' ],
18 silly audit   'type-is': [ '1.6.18' ],
18 silly audit   'typed-array-buffer': [ '1.0.3' ],
18 silly audit   'typed-array-byte-length': [ '1.0.3' ],
18 silly audit   'typed-array-byte-offset': [ '1.0.4' ],
18 silly audit   'typed-array-length': [ '1.0.7' ],
18 silly audit   'typedarray-to-buffer': [ '3.1.5' ],
18 silly audit   'unbox-primitive': [ '1.1.0' ],
18 silly audit   underscore: [ '1.12.1' ],
18 silly audit   'undici-types': [ '7.8.0' ],
18 silly audit   'unicode-canonical-property-names-ecmascript': [ '2.0.1' ],
18 silly audit   'unicode-match-property-ecmascript': [ '2.0.0' ],
18 silly audit   'unicode-match-property-value-ecmascript': [ '2.2.0' ],
18 silly audit   'unicode-property-aliases-ecmascript': [ '2.1.0' ],
18 silly audit   'unique-string': [ '2.0.0' ],
18 silly audit   unpipe: [ '1.0.0' ],
18 silly audit   unquote: [ '1.1.1' ],
18 silly audit   upath: [ '1.2.0' ],
18 silly audit   'update-browserslist-db': [ '1.1.3' ],
18 silly audit   'uri-js': [ '4.4.1' ],
18 silly audit   'url-parse': [ '1.5.10' ],
18 silly audit   'use-callback-ref': [ '1.3.3' ],
18 silly audit   'use-composed-ref': [ '1.4.0' ],
18 silly audit   'use-isomorphic-layout-effect': [ '1.2.1' ],
18 silly audit   'use-latest': [ '1.3.0' ],
18 silly audit   'use-sidecar': [ '1.1.3' ],
18 silly audit   'use-sync-external-store': [ '1.5.0' ],
18 silly audit   'util-deprecate': [ '1.0.2' ],
18 silly audit   'util.promisify': [ '1.0.1' ],
18 silly audit   utila: [ '0.4.0' ],
18 silly audit   'utils-merge': [ '1.0.1' ],
18 silly audit   uuid: [ '8.3.2' ],
18 silly audit   'v8-to-istanbul': [ '8.1.1' ],
18 silly audit   'vanilla-colorful': [ '0.7.2' ],
18 silly audit   vary: [ '1.1.2' ],
18 silly audit   'victory-vendor': [ '37.3.6' ],
18 silly audit   'w3c-hr-time': [ '1.0.2' ],
18 silly audit   'w3c-xmlserializer': [ '2.0.0' ],
18 silly audit   walker: [ '1.0.8' ],
18 silly audit   watchpack: [ '2.4.4' ],
18 silly audit   wbuf: [ '1.7.3' ],
18 silly audit   'web-vitals': [ '2.1.4' ],
18 silly audit   webpack: [ '5.100.1' ],
18 silly audit   'webpack-dev-middleware': [ '5.3.4' ],
18 silly audit   'webpack-dev-server': [ '4.15.2' ],
18 silly audit   ws: [ '8.18.3', '7.5.10' ],
18 silly audit   'webpack-manifest-plugin': [ '4.1.1' ],
18 silly audit   'webpack-sources': [ '2.3.1', '3.3.3', '1.4.3' ],
18 silly audit   'websocket-driver': [ '0.7.4' ],
18 silly audit   'websocket-extensions': [ '0.1.4' ],
18 silly audit   'whatwg-encoding': [ '1.0.5' ],
18 silly audit   'whatwg-fetch': [ '3.6.20' ],
18 silly audit   'whatwg-mimetype': [ '2.3.0' ],
18 silly audit   'whatwg-url': [ '8.7.0', '7.1.0' ],
18 silly audit   'which-boxed-primitive': [ '1.1.1' ],
18 silly audit   'which-builtin-type': [ '1.2.1' ],
18 silly audit   'which-collection': [ '1.0.2' ],
18 silly audit   'which-typed-array': [ '1.1.19' ],
18 silly audit   'word-wrap': [ '1.2.5' ],
18 silly audit   'workbox-background-sync': [ '6.6.0' ],
18 silly audit   'workbox-broadcast-update': [ '6.6.0' ],
18 silly audit   'workbox-build': [ '6.6.0' ],
18 silly audit   'workbox-cacheable-response': [ '6.6.0' ],
18 silly audit   'workbox-core': [ '6.6.0' ],
18 silly audit   'workbox-expiration': [ '6.6.0' ],
18 silly audit   'workbox-google-analytics': [ '6.6.0' ],
18 silly audit   'workbox-navigation-preload': [ '6.6.0' ],
18 silly audit   'workbox-precaching': [ '6.6.0' ],
18 silly audit   'workbox-range-requests': [ '6.6.0' ],
18 silly audit   'workbox-recipes': [ '6.6.0' ],
18 silly audit   'workbox-routing': [ '6.6.0' ],
18 silly audit   'workbox-strategies': [ '6.6.0' ],
18 silly audit   'workbox-streams': [ '6.6.0' ],
18 silly audit   'workbox-sw': [ '6.6.0' ],
18 silly audit   'workbox-webpack-plugin': [ '6.6.0' ],
18 silly audit   'workbox-window': [ '6.6.0' ],
18 silly audit   wrappy: [ '1.0.2' ],
18 silly audit   'write-file-atomic': [ '3.0.3' ],
18 silly audit   'xml-name-validator': [ '3.0.0' ],
18 silly audit   xmlchars: [ '2.2.0' ],
18 silly audit   y18n: [ '5.0.8' ],
18 silly audit   yallist: [ '3.1.1' ],
18 silly audit   yargs: [ '16.2.0' ],
18 silly audit   'yargs-parser': [ '20.2.9' ],
18 silly audit   'yocto-queue': [ '0.1.0' ]
18 silly audit }
19 verbose reify failed optional dependency C:\Users\Elite\Desktop\justice_org\backend\frontend\node_modules\fsevents
20 silly reify mark deleted [
20 silly reify   'C:\\Users\\Elite\\Desktop\\justice_org\\backend\\frontend\\node_modules\\fsevents'
20 silly reify ]
21 http fetch POST 200 https://registry.npmjs.org/-/npm/v1/security/advisories/bulk 3389ms
22 silly audit report {
22 silly audit report   '@ckeditor/ckeditor5-clipboard': [
22 silly audit report     {
22 silly audit report       id: 1100076,
22 silly audit report       url: 'https://github.com/advisories/GHSA-rgg8-g5x8-wr9v',
22 silly audit report       title: 'Cross-site scripting (XSS) in the clipboard package',
22 silly audit report       severity: 'moderate',
22 silly audit report       vulnerable_versions: '>=40.0.0 <43.1.1',
22 silly audit report       cwe: [Array],
22 silly audit report       cvss: [Object]
22 silly audit report     }
22 silly audit report   ],
22 silly audit report   ckeditor5: [
22 silly audit report     {
22 silly audit report       id: 1100077,
22 silly audit report       url: 'https://github.com/advisories/GHSA-rgg8-g5x8-wr9v',
22 silly audit report       title: 'Cross-site scripting (XSS) in the clipboard package',
22 silly audit report       severity: 'moderate',
22 silly audit report       vulnerable_versions: '>=40.0.0 <43.1.1',
22 silly audit report       cwe: [Array],
22 silly audit report       cvss: [Object]
22 silly audit report     }
22 silly audit report   ],
22 silly audit report   'nth-check': [
22 silly audit report     {
22 silly audit report       id: 1095141,
22 silly audit report       url: 'https://github.com/advisories/GHSA-rp65-9cf3-cjxr',
22 silly audit report       title: 'Inefficient Regular Expression Complexity in nth-check',
22 silly audit report       severity: 'high',
22 silly audit report       vulnerable_versions: '<2.0.1',
22 silly audit report       cwe: [Array],
22 silly audit report       cvss: [Object]
22 silly audit report     }
22 silly audit report   ],
22 silly audit report   postcss: [
22 silly audit report     {
22 silly audit report       id: 1094544,
22 silly audit report       url: 'https://github.com/advisories/GHSA-7fh5-64p2-3v2j',
22 silly audit report       title: 'PostCSS line return parsing error',
22 silly audit report       severity: 'moderate',
22 silly audit report       vulnerable_versions: '<8.4.31',
22 silly audit report       cwe: [Array],
22 silly audit report       cvss: [Object]
22 silly audit report     }
22 silly audit report   ],
22 silly audit report   quill: [
22 silly audit report     {
22 silly audit report       id: 1098574,
22 silly audit report       url: 'https://github.com/advisories/GHSA-4943-9vgg-gr5r',
22 silly audit report       title: 'Cross-site Scripting in quill',
22 silly audit report       severity: 'moderate',
22 silly audit report       vulnerable_versions: '<=1.3.7',
22 silly audit report       cwe: [Array],
22 silly audit report       cvss: [Object]
22 silly audit report     }
22 silly audit report   ],
22 silly audit report   'quill-mention': [
22 silly audit report     {
22 silly audit report       id: 1094770,
22 silly audit report       url: 'https://github.com/advisories/GHSA-jgw5-rp4p-qhp6',
22 silly audit report       title: 'quill-mention Cross-site Scripting vulnerability',
22 silly audit report       severity: 'moderate',
22 silly audit report       vulnerable_versions: '<4.0.0',
22 silly audit report       cwe: [Array],
22 silly audit report       cvss: [Object]
22 silly audit report     }
22 silly audit report   ],
22 silly audit report   'webpack-dev-server': [
22 silly audit report     {
22 silly audit report       id: 1105256,
22 silly audit report       url: 'https://github.com/advisories/GHSA-9jgg-88mc-972h',
22 silly audit report       title: "webpack-dev-server users' source code may be stolen when they access a malicious web site with non-Chromium based browser",
22 silly audit report       severity: 'moderate',
22 silly audit report       vulnerable_versions: '<=5.2.0',
22 silly audit report       cwe: [Array],
22 silly audit report       cvss: [Object]
22 silly audit report     },
22 silly audit report     {
22 silly audit report       id: 1105257,
22 silly audit report       url: 'https://github.com/advisories/GHSA-4v9v-hfq4-rm2v',
22 silly audit report       title: "webpack-dev-server users' source code may be stolen when they access a malicious web site",
22 silly audit report       severity: 'moderate',
22 silly audit report       vulnerable_versions: '<=5.2.0',
22 silly audit report       cwe: [Array],
22 silly audit report       cvss: [Object]
22 silly audit report     }
22 silly audit report   ]
22 silly audit report }
23 silly packumentCache corgi:https://registry.npmjs.org/@ckeditor%2fckeditor5-clipboard cache-miss
24 silly packumentCache corgi:https://registry.npmjs.org/ckeditor5 cache-miss
25 silly packumentCache corgi:https://registry.npmjs.org/nth-check cache-miss
26 silly packumentCache corgi:https://registry.npmjs.org/postcss cache-miss
27 silly packumentCache corgi:https://registry.npmjs.org/quill cache-miss
28 silly packumentCache corgi:https://registry.npmjs.org/quill-mention cache-miss
29 silly packumentCache corgi:https://registry.npmjs.org/webpack-dev-server cache-miss
30 http cache https://registry.npmjs.org/quill-mention 78ms (cache hit)
31 silly packumentCache corgi:https://registry.npmjs.org/quill-mention set size:101926 disposed:false
32 http cache https://registry.npmjs.org/postcss 84ms (cache hit)
33 silly packumentCache corgi:https://registry.npmjs.org/postcss set size:337129 disposed:false
34 http cache https://registry.npmjs.org/ckeditor5 103ms (cache hit)
35 silly packumentCache corgi:https://registry.npmjs.org/ckeditor5 set size:3402496 disposed:false
36 http cache https://registry.npmjs.org/nth-check 138ms (cache hit)
37 silly packumentCache corgi:https://registry.npmjs.org/nth-check set size:10078 disposed:false
38 http cache https://registry.npmjs.org/quill 143ms (cache hit)
39 silly packumentCache corgi:https://registry.npmjs.org/quill set size:153675 disposed:false
40 http cache https://registry.npmjs.org/webpack-dev-server 149ms (cache hit)
41 silly packumentCache corgi:https://registry.npmjs.org/webpack-dev-server set size:455204 disposed:false
42 http cache https://registry.npmjs.org/@ckeditor%2fckeditor5-clipboard 292ms (cache hit)
43 silly packumentCache corgi:https://registry.npmjs.org/@ckeditor%2fckeditor5-clipboard set size:1115764 disposed:false
44 silly packumentCache corgi:https://registry.npmjs.org/@ckeditor%2fckeditor5-adapter-ckfinder cache-miss
45 silly packumentCache corgi:https://registry.npmjs.org/@ckeditor%2fckeditor5-alignment cache-miss
46 silly packumentCache corgi:https://registry.npmjs.org/@ckeditor%2fckeditor5-autoformat cache-miss
47 silly packumentCache corgi:https://registry.npmjs.org/@ckeditor%2fckeditor5-autosave cache-miss
48 silly packumentCache corgi:https://registry.npmjs.org/@ckeditor%2fckeditor5-basic-styles cache-miss
49 silly packumentCache corgi:https://registry.npmjs.org/@ckeditor%2fckeditor5-block-quote cache-miss
50 silly packumentCache corgi:https://registry.npmjs.org/@ckeditor%2fckeditor5-ckbox cache-miss
51 silly packumentCache corgi:https://registry.npmjs.org/@ckeditor%2fckeditor5-ckfinder cache-miss
52 silly packumentCache corgi:https://registry.npmjs.org/@ckeditor%2fckeditor5-cloud-services cache-miss
53 silly packumentCache corgi:https://registry.npmjs.org/@ckeditor%2fckeditor5-code-block cache-miss
54 silly packumentCache corgi:https://registry.npmjs.org/@ckeditor%2fckeditor5-easy-image cache-miss
55 silly packumentCache corgi:https://registry.npmjs.org/@ckeditor%2fckeditor5-editor-balloon cache-miss
56 silly packumentCache corgi:https://registry.npmjs.org/@ckeditor%2fckeditor5-editor-classic cache-miss
57 silly packumentCache corgi:https://registry.npmjs.org/@ckeditor%2fckeditor5-editor-decoupled cache-miss
58 silly packumentCache corgi:https://registry.npmjs.org/@ckeditor%2fckeditor5-editor-inline cache-miss
59 silly packumentCache corgi:https://registry.npmjs.org/@ckeditor%2fckeditor5-editor-multi-root cache-miss
60 silly packumentCache corgi:https://registry.npmjs.org/@ckeditor%2fckeditor5-essentials cache-miss
61 silly packumentCache corgi:https://registry.npmjs.org/@ckeditor%2fckeditor5-find-and-replace cache-miss
62 silly packumentCache corgi:https://registry.npmjs.org/@ckeditor%2fckeditor5-font cache-miss
63 silly packumentCache corgi:https://registry.npmjs.org/@ckeditor%2fckeditor5-heading cache-miss
64 silly packumentCache corgi:https://registry.npmjs.org/@ckeditor%2fckeditor5-highlight cache-miss
65 silly packumentCache corgi:https://registry.npmjs.org/@ckeditor%2fckeditor5-horizontal-line cache-miss
66 silly packumentCache corgi:https://registry.npmjs.org/@ckeditor%2fckeditor5-html-embed cache-miss
67 silly packumentCache corgi:https://registry.npmjs.org/@ckeditor%2fckeditor5-html-support cache-miss
68 silly packumentCache corgi:https://registry.npmjs.org/@ckeditor%2fckeditor5-image cache-miss
69 silly packumentCache corgi:https://registry.npmjs.org/@ckeditor%2fckeditor5-indent cache-miss
70 silly packumentCache corgi:https://registry.npmjs.org/@ckeditor%2fckeditor5-language cache-miss
71 silly packumentCache corgi:https://registry.npmjs.org/@ckeditor%2fckeditor5-link cache-miss
72 silly packumentCache corgi:https://registry.npmjs.org/@ckeditor%2fckeditor5-list cache-miss
73 silly packumentCache corgi:https://registry.npmjs.org/@ckeditor%2fckeditor5-markdown-gfm cache-miss
74 silly packumentCache corgi:https://registry.npmjs.org/@ckeditor%2fckeditor5-media-embed cache-miss
75 silly packumentCache corgi:https://registry.npmjs.org/@ckeditor%2fckeditor5-mention cache-miss
76 silly packumentCache corgi:https://registry.npmjs.org/@ckeditor%2fckeditor5-minimap cache-miss
77 silly packumentCache corgi:https://registry.npmjs.org/@ckeditor%2fckeditor5-page-break cache-miss
78 silly packumentCache corgi:https://registry.npmjs.org/@ckeditor%2fckeditor5-paste-from-office cache-miss
79 silly packumentCache corgi:https://registry.npmjs.org/@ckeditor%2fckeditor5-remove-format cache-miss
80 silly packumentCache corgi:https://registry.npmjs.org/@ckeditor%2fckeditor5-restricted-editing cache-miss
81 silly packumentCache corgi:https://registry.npmjs.org/@ckeditor%2fckeditor5-show-blocks cache-miss
82 silly packumentCache corgi:https://registry.npmjs.org/@ckeditor%2fckeditor5-source-editing cache-miss
83 silly packumentCache corgi:https://registry.npmjs.org/@ckeditor%2fckeditor5-special-characters cache-miss
84 silly packumentCache corgi:https://registry.npmjs.org/@ckeditor%2fckeditor5-style cache-miss
85 silly packumentCache corgi:https://registry.npmjs.org/@ckeditor%2fckeditor5-table cache-miss
86 silly packumentCache corgi:https://registry.npmjs.org/@ckeditor%2fckeditor5-word-count cache-miss
87 http cache https://registry.npmjs.org/@ckeditor%2fckeditor5-adapter-ckfinder 1198ms (cache hit)
88 silly packumentCache corgi:https://registry.npmjs.org/@ckeditor%2fckeditor5-adapter-ckfinder set size:925289 disposed:false
89 http cache https://registry.npmjs.org/@ckeditor%2fckeditor5-autoformat 1389ms (cache hit)
90 silly packumentCache corgi:https://registry.npmjs.org/@ckeditor%2fckeditor5-autoformat set size:991748 disposed:false
91 http cache https://registry.npmjs.org/@ckeditor%2fckeditor5-autosave 1525ms (cache hit)
92 silly packumentCache corgi:https://registry.npmjs.org/@ckeditor%2fckeditor5-autosave set size:892087 disposed:false
93 http cache https://registry.npmjs.org/@ckeditor%2fckeditor5-basic-styles 1653ms (cache hit)
94 silly packumentCache corgi:https://registry.npmjs.org/@ckeditor%2fckeditor5-basic-styles set size:964233 disposed:false
95 http cache https://registry.npmjs.org/@ckeditor%2fckeditor5-alignment 1798ms (cache hit)
96 silly packumentCache corgi:https://registry.npmjs.org/@ckeditor%2fckeditor5-alignment set size:937992 disposed:false
97 http cache https://registry.npmjs.org/@ckeditor%2fckeditor5-block-quote 1831ms (cache hit)
98 silly packumentCache corgi:https://registry.npmjs.org/@ckeditor%2fckeditor5-block-quote set size:1014227 disposed:false
99 http cache https://registry.npmjs.org/@ckeditor%2fckeditor5-code-block 1856ms (cache hit)
100 silly packumentCache corgi:https://registry.npmjs.org/@ckeditor%2fckeditor5-code-block set size:1020047 disposed:false
101 http cache https://registry.npmjs.org/@ckeditor%2fckeditor5-ckfinder 1880ms (cache hit)
102 silly packumentCache corgi:https://registry.npmjs.org/@ckeditor%2fckeditor5-ckfinder set size:938441 disposed:false
103 http cache https://registry.npmjs.org/@ckeditor%2fckeditor5-editor-classic 1888ms (cache hit)
104 silly packumentCache corgi:https://registry.npmjs.org/@ckeditor%2fckeditor5-editor-classic set size:1002376 disposed:false
105 http cache https://registry.npmjs.org/@ckeditor%2fckeditor5-easy-image 1925ms (cache hit)
106 silly packumentCache corgi:https://registry.npmjs.org/@ckeditor%2fckeditor5-easy-image set size:943900 disposed:false
107 http cache https://registry.npmjs.org/@ckeditor%2fckeditor5-editor-inline 1939ms (cache hit)
108 silly packumentCache corgi:https://registry.npmjs.org/@ckeditor%2fckeditor5-editor-inline set size:996014 disposed:false
109 http cache https://registry.npmjs.org/@ckeditor%2fckeditor5-ckbox 1972ms (cache hit)
110 silly packumentCache corgi:https://registry.npmjs.org/@ckeditor%2fckeditor5-ckbox set size:979746 disposed:false
111 http cache https://registry.npmjs.org/@ckeditor%2fckeditor5-cloud-services 1992ms (cache hit)
112 silly packumentCache corgi:https://registry.npmjs.org/@ckeditor%2fckeditor5-cloud-services set size:890001 disposed:false
113 http cache https://registry.npmjs.org/@ckeditor%2fckeditor5-editor-decoupled 1997ms (cache hit)
114 silly packumentCache corgi:https://registry.npmjs.org/@ckeditor%2fckeditor5-editor-decoupled set size:1003247 disposed:false
115 http cache https://registry.npmjs.org/@ckeditor%2fckeditor5-editor-multi-root 2019ms (cache hit)
116 silly packumentCache corgi:https://registry.npmjs.org/@ckeditor%2fckeditor5-editor-multi-root set size:893851 disposed:false
117 http cache https://registry.npmjs.org/@ckeditor%2fckeditor5-heading 2030ms (cache hit)
118 silly packumentCache corgi:https://registry.npmjs.org/@ckeditor%2fckeditor5-heading set size:1011821 disposed:false
119 http cache https://registry.npmjs.org/@ckeditor%2fckeditor5-find-and-replace 2060ms (cache hit)
120 silly packumentCache corgi:https://registry.npmjs.org/@ckeditor%2fckeditor5-find-and-replace set size:957528 disposed:false
121 http cache https://registry.npmjs.org/@ckeditor%2fckeditor5-font 2086ms (cache hit)
122 silly packumentCache corgi:https://registry.npmjs.org/@ckeditor%2fckeditor5-font set size:942899 disposed:false
123 http cache https://registry.npmjs.org/@ckeditor%2fckeditor5-highlight 2111ms (cache hit)
124 silly packumentCache corgi:https://registry.npmjs.org/@ckeditor%2fckeditor5-highlight set size:925965 disposed:false
125 http cache https://registry.npmjs.org/@ckeditor%2fckeditor5-html-support 2143ms (cache hit)
126 silly packumentCache corgi:https://registry.npmjs.org/@ckeditor%2fckeditor5-html-support set size:1059973 disposed:false
127 http cache https://registry.npmjs.org/@ckeditor%2fckeditor5-html-embed 2176ms (cache hit)
128 silly packumentCache corgi:https://registry.npmjs.org/@ckeditor%2fckeditor5-html-embed set size:925942 disposed:false
129 http cache https://registry.npmjs.org/@ckeditor%2fckeditor5-horizontal-line 2202ms (cache hit)
130 silly packumentCache corgi:https://registry.npmjs.org/@ckeditor%2fckeditor5-horizontal-line set size:946004 disposed:false
131 http cache https://registry.npmjs.org/@ckeditor%2fckeditor5-list 2206ms (cache hit)
132 silly packumentCache corgi:https://registry.npmjs.org/@ckeditor%2fckeditor5-list set size:1107569 disposed:false
133 http cache https://registry.npmjs.org/@ckeditor%2fckeditor5-image 2248ms (cache hit)
134 silly packumentCache corgi:https://registry.npmjs.org/@ckeditor%2fckeditor5-image set size:1205281 disposed:false
135 http cache https://registry.npmjs.org/@ckeditor%2fckeditor5-link 2275ms (cache hit)
136 silly packumentCache corgi:https://registry.npmjs.org/@ckeditor%2fckeditor5-link set size:1139360 disposed:false
137 http cache https://registry.npmjs.org/@ckeditor%2fckeditor5-editor-balloon 2342ms (cache hit)
138 silly packumentCache corgi:https://registry.npmjs.org/@ckeditor%2fckeditor5-editor-balloon set size:996611 disposed:false
139 http cache https://registry.npmjs.org/@ckeditor%2fckeditor5-language 2353ms (cache hit)
140 silly packumentCache corgi:https://registry.npmjs.org/@ckeditor%2fckeditor5-language set size:855719 disposed:false
141 http cache https://registry.npmjs.org/@ckeditor%2fckeditor5-essentials 2410ms (cache hit)
142 silly packumentCache corgi:https://registry.npmjs.org/@ckeditor%2fckeditor5-essentials set size:1047575 disposed:false
143 http cache https://registry.npmjs.org/@ckeditor%2fckeditor5-indent 2457ms (cache hit)
144 silly packumentCache corgi:https://registry.npmjs.org/@ckeditor%2fckeditor5-indent set size:963176 disposed:false
145 http cache https://registry.npmjs.org/@ckeditor%2fckeditor5-markdown-gfm 2513ms (cache hit)
146 silly packumentCache corgi:https://registry.npmjs.org/@ckeditor%2fckeditor5-markdown-gfm set size:1037674 disposed:false
147 http cache https://registry.npmjs.org/@ckeditor%2fckeditor5-minimap 2545ms (cache hit)
148 silly packumentCache corgi:https://registry.npmjs.org/@ckeditor%2fckeditor5-minimap set size:884876 disposed:false
149 http cache https://registry.npmjs.org/@ckeditor%2fckeditor5-mention 2583ms (cache hit)
150 silly packumentCache corgi:https://registry.npmjs.org/@ckeditor%2fckeditor5-mention set size:968174 disposed:false
151 http cache https://registry.npmjs.org/@ckeditor%2fckeditor5-media-embed 2621ms (cache hit)
152 silly packumentCache corgi:https://registry.npmjs.org/@ckeditor%2fckeditor5-media-embed set size:1125958 disposed:false
153 http cache https://registry.npmjs.org/@ckeditor%2fckeditor5-page-break 2652ms (cache hit)
154 silly packumentCache corgi:https://registry.npmjs.org/@ckeditor%2fckeditor5-page-break set size:928985 disposed:false
155 http cache https://registry.npmjs.org/@ckeditor%2fckeditor5-restricted-editing 2685ms (cache hit)
156 silly packumentCache corgi:https://registry.npmjs.org/@ckeditor%2fckeditor5-restricted-editing set size:974817 disposed:false
157 http cache https://registry.npmjs.org/@ckeditor%2fckeditor5-remove-format 2724ms (cache hit)
158 silly packumentCache corgi:https://registry.npmjs.org/@ckeditor%2fckeditor5-remove-format set size:941240 disposed:false
159 http cache https://registry.npmjs.org/@ckeditor%2fckeditor5-paste-from-office 2770ms (cache hit)
160 silly packumentCache corgi:https://registry.npmjs.org/@ckeditor%2fckeditor5-paste-from-office set size:960625 disposed:false
161 http cache https://registry.npmjs.org/@ckeditor%2fckeditor5-special-characters 2823ms (cache hit)
162 silly packumentCache corgi:https://registry.npmjs.org/@ckeditor%2fckeditor5-special-characters set size:966495 disposed:false
163 http cache https://registry.npmjs.org/@ckeditor%2fckeditor5-show-blocks 2873ms (cache hit)
164 silly packumentCache corgi:https://registry.npmjs.org/@ckeditor%2fckeditor5-show-blocks set size:821145 disposed:false
165 http cache https://registry.npmjs.org/@ckeditor%2fckeditor5-source-editing 2914ms (cache hit)
166 silly packumentCache corgi:https://registry.npmjs.org/@ckeditor%2fckeditor5-source-editing set size:956988 disposed:false
167 http cache https://registry.npmjs.org/@ckeditor%2fckeditor5-word-count 2965ms (cache hit)
168 silly packumentCache corgi:https://registry.npmjs.org/@ckeditor%2fckeditor5-word-count set size:934693 disposed:false
169 http cache https://registry.npmjs.org/@ckeditor%2fckeditor5-table 2996ms (cache hit)
170 silly packumentCache corgi:https://registry.npmjs.org/@ckeditor%2fckeditor5-table set size:1066105 disposed:false
171 http cache https://registry.npmjs.org/@ckeditor%2fckeditor5-style 3026ms (cache hit)
172 silly packumentCache corgi:https://registry.npmjs.org/@ckeditor%2fckeditor5-style set size:964285 disposed:false
173 silly packumentCache corgi:https://registry.npmjs.org/css-select cache-miss
174 http cache https://registry.npmjs.org/css-select 51ms (cache hit)
175 silly packumentCache corgi:https://registry.npmjs.org/css-select set size:48469 disposed:false
176 silly packumentCache corgi:https://registry.npmjs.org/resolve-url-loader cache-miss
177 http cache https://registry.npmjs.org/resolve-url-loader 38ms (cache hit)
178 silly packumentCache corgi:https://registry.npmjs.org/resolve-url-loader set size:61938 disposed:false
179 silly packumentCache corgi:https://registry.npmjs.org/react-quill cache-miss
180 http cache https://registry.npmjs.org/react-quill 31ms (cache hit)
181 silly packumentCache corgi:https://registry.npmjs.org/react-quill set size:63338 disposed:false
182 silly packumentCache corgi:https://registry.npmjs.org/@mantine%2frte cache-miss
183 http cache https://registry.npmjs.org/@mantine%2frte 29ms (cache hit)
184 silly packumentCache corgi:https://registry.npmjs.org/@mantine%2frte set size:288521 disposed:false
185 silly packumentCache corgi:https://registry.npmjs.org/react-scripts cache-miss
186 http cache https://registry.npmjs.org/react-scripts 28ms (cache hit)
187 silly packumentCache corgi:https://registry.npmjs.org/react-scripts set size:342451 disposed:false
188 silly packumentCache corgi:https://registry.npmjs.org/@ckeditor%2fckeditor5-build-balloon cache-miss
189 silly packumentCache corgi:https://registry.npmjs.org/@ckeditor%2fckeditor5-build-balloon-block cache-miss
190 silly packumentCache corgi:https://registry.npmjs.org/@ckeditor%2fckeditor5-build-classic cache-miss
191 silly packumentCache corgi:https://registry.npmjs.org/@ckeditor%2fckeditor5-build-decoupled-document cache-miss
192 silly packumentCache corgi:https://registry.npmjs.org/@ckeditor%2fckeditor5-build-inline cache-miss
193 silly packumentCache corgi:https://registry.npmjs.org/@ckeditor%2fckeditor5-build-multi-root cache-miss
194 http cache https://registry.npmjs.org/@ckeditor%2fckeditor5-build-balloon-block 166ms (cache hit)
195 silly packumentCache corgi:https://registry.npmjs.org/@ckeditor%2fckeditor5-build-balloon-block set size:1669519 disposed:false
196 http cache https://registry.npmjs.org/@ckeditor%2fckeditor5-build-balloon 287ms (cache hit)
197 silly packumentCache corgi:https://registry.npmjs.org/@ckeditor%2fckeditor5-build-balloon set size:1641746 disposed:false
198 http cache https://registry.npmjs.org/@ckeditor%2fckeditor5-build-classic 367ms (cache hit)
199 silly packumentCache corgi:https://registry.npmjs.org/@ckeditor%2fckeditor5-build-classic set size:1645826 disposed:false
200 http cache https://registry.npmjs.org/@ckeditor%2fckeditor5-build-decoupled-document 463ms (cache hit)
201 silly packumentCache corgi:https://registry.npmjs.org/@ckeditor%2fckeditor5-build-decoupled-document set size:1761874 disposed:false
202 http cache https://registry.npmjs.org/@ckeditor%2fckeditor5-build-multi-root 533ms (cache hit)
203 silly packumentCache corgi:https://registry.npmjs.org/@ckeditor%2fckeditor5-build-multi-root set size:1493722 disposed:false
204 http cache https://registry.npmjs.org/@ckeditor%2fckeditor5-build-inline 617ms (cache hit)
205 silly packumentCache corgi:https://registry.npmjs.org/@ckeditor%2fckeditor5-build-inline set size:1638231 disposed:false
206 silly packumentCache corgi:https://registry.npmjs.org/svgo cache-miss
207 http cache https://registry.npmjs.org/svgo 31ms (cache hit)
208 silly packumentCache corgi:https://registry.npmjs.org/svgo set size:133164 disposed:false
209 silly packumentCache corgi:https://registry.npmjs.org/@svgr%2fplugin-svgo cache-miss
210 http cache https://registry.npmjs.org/@svgr%2fplugin-svgo 19ms (cache hit)
211 silly packumentCache corgi:https://registry.npmjs.org/@svgr%2fplugin-svgo set size:36570 disposed:false
212 silly packumentCache corgi:https://registry.npmjs.org/@svgr%2fwebpack cache-miss
213 http cache https://registry.npmjs.org/@svgr%2fwebpack 8ms (cache hit)
214 silly packumentCache corgi:https://registry.npmjs.org/@svgr%2fwebpack set size:85201 disposed:false
215 silly ADD
216 verbose cwd C:\Users\Elite\Desktop\justice_org\backend\frontend
217 verbose os Windows_NT 10.0.19045
218 verbose node v22.17.0
219 verbose npm  v10.9.2
220 verbose exit 0
221 info ok
